<?xml version="1.0" encoding="UTF-8"?>
<testsuites name="amazonsearch" time="233.36" tests="4" failures="0" errors="0">
   <testsuite name="amazonsearch" tests="4" failures="0" errors="0" time="233.36" skipped="0" timestamp="30-01-2024T20:56:47" hostname="hp - 192.168.2.4" id="Test Suites/amazonsearch">
      <properties>
         <property name="deviceName" value=""/>
         <property name="devicePlatform" value=""/>
         <property name="logFolder" value="C:\\Users\\hp\\git\\SI-GuidedProject-705449-1706164315\\Reports\\20240130_205037\\amazonsearch\\20240130_205050"/>
         <property name="logFiles" value="C:\\Users\\hp\\git\\SI-GuidedProject-705449-1706164315\\Reports\\20240130_205037\\amazonsearch\\20240130_205050\\execution0.log"/>
         <property name="attachments" value="C:\\Users\\hp\\git\\SI-GuidedProject-705449-1706164315\\Reports\\20240130_205037\\amazonsearch\\20240130_205050\\1706628511151.png, C:\\Users\\hp\\git\\SI-GuidedProject-705449-1706164315\\Reports\\20240130_205037\\amazonsearch\\20240130_205050\\1706628586317.png"/>
         <property name="hostName" value="hp - 192.168.2.4"/>
         <property name="os" value="Windows 11 64bit"/>
         <property name="katalonVersion" value="9.2.0.212"/>
         <property name="browser" value="Edge Chromium 121"/>
         <property name="hostAddress" value="192.168.2.4"/>
         <property name="sessionId" value="8fc845b7d243cb936de76bbd686d6cd0"/>
         <property name="seleniumVersion" value="3.141.59"/>
         <property name="proxyInformation" value="ProxyInformation { proxyOption=NO_PROXY, proxyServerType=HTTP, username=, password=********, proxyServerAddress=, proxyServerPort=0, executionList=&quot;&quot;, isApplyToDesiredCapabilities=true }"/>
         <property name="platform" value="Windows 11"/>
      </properties>
      <testcase name="Test Cases/Test2" time="34.493" classname="Test Cases/Test2" status="PASSED">
         <system-out><![CDATA[30-01-2024T20:56:48 - [TEST_CASE][PASSED] - Test Cases/Test2: Test Cases/Test2

30-01-2024T20:56:48 - [TEST_STEP][PASSED] - Start listener action : sampleBeforeTestCase: Navigate to 'https://www.amazon.com/delay/' successfully

30-01-2024T20:56:48 - [TEST_STEP][PASSED] - openBrowser(""): Browser is opened with url: ''

30-01-2024T20:56:49 - [MESSAGE][INFO] - Starting 'Edge Chromium' driver

30-01-2024T20:56:51 - [MESSAGE][INFO] - Action delay is set to 0 milliseconds

30-01-2024T20:56:54 - [MESSAGE][PASSED] - Browser is opened with url: ''

30-01-2024T20:56:54 - [TEST_STEP][PASSED] - navigateToUrl("https://www.amazon.com/delay/"): Navigate to 'https://www.amazon.com/delay/' successfully

30-01-2024T20:56:55 - [MESSAGE][PASSED] - Navigate to 'https://www.amazon.com/delay/' successfully

30-01-2024T20:56:55 - [TEST_STEP][PASSED] - click(findTestObject("Object Repository/amazonsearch/Page_Amazon.com Page Not Found/img")): Object: 'Object Repository/amazonsearch/Page_Amazon.com Page Not Found/img' is clicked on

30-01-2024T20:56:59 - [MESSAGE][PASSED] - Object: 'Object Repository/amazonsearch/Page_Amazon.com Page Not Found/img' is clicked on

30-01-2024T20:56:59 - [TEST_STEP][PASSED] - setText(findTestObject("Object Repository/amazonsearch/Page_Amazon.com. Spend less. Smile more/input_Search Amazon_field-keywords"), search): Text 'mobile' is set on object 'Object Repository/amazonsearch/Page_Amazon.com. Spend less. Smile more/input_Search Amazon_field-keywords'

30-01-2024T20:57:02 - [MESSAGE][PASSED] - Text 'mobile' is set on object 'Object Repository/amazonsearch/Page_Amazon.com. Spend less. Smile more/input_Search Amazon_field-keywords'

30-01-2024T20:57:02 - [TEST_STEP][PASSED] - click(findTestObject("Object Repository/amazonsearch/Page_Amazon.com. Spend less. Smile more/input_Search Amazon_nav-search-submit-button")): Object: 'Object Repository/amazonsearch/Page_Amazon.com. Spend less. Smile more/input_Search Amazon_nav-search-submit-button' is clicked on

30-01-2024T20:57:11 - [MESSAGE][PASSED] - Object: 'Object Repository/amazonsearch/Page_Amazon.com. Spend less. Smile more/input_Search Amazon_nav-search-submit-button' is clicked on

30-01-2024T20:57:11 - [TEST_STEP][PASSED] - click(findTestObject("Object Repository/amazonsearch/Page_Amazon.com  thermometer/div_ResultsCheck each product page for othe_437b14")): Object: 'Object Repository/amazonsearch/Page_Amazon.com  thermometer/div_ResultsCheck each product page for othe_437b14' is clicked on

30-01-2024T20:57:21 - [MESSAGE][PASSED] - Object: 'Object Repository/amazonsearch/Page_Amazon.com  thermometer/div_ResultsCheck each product page for othe_437b14' is clicked on

30-01-2024T20:57:21 - [TEST_STEP][PASSED] - Start listener action : sampleAfterTestCase: Browser is closed

30-01-2024T20:57:21 - [TEST_STEP][PASSED] - closeBrowser(): Browser is closed

30-01-2024T20:57:22 - [MESSAGE][PASSED] - Browser is closed]]></system-out>
         <system-err><![CDATA[]]></system-err>
      </testcase>
      <testcase name="Test Cases/Test2" time="27.127" classname="Test Cases/Test2" status="PASSED">
         <system-out><![CDATA[30-01-2024T20:57:22 - [TEST_CASE][PASSED] - Test Cases/Test2: Test Cases/Test2

30-01-2024T20:57:22 - [TEST_STEP][PASSED] - Start listener action : sampleBeforeTestCase: Navigate to 'https://www.amazon.com/delay/' successfully

30-01-2024T20:57:22 - [TEST_STEP][PASSED] - openBrowser(""): Browser is opened with url: ''

30-01-2024T20:57:22 - [MESSAGE][INFO] - Starting 'Edge Chromium' driver

30-01-2024T20:57:24 - [MESSAGE][INFO] - Action delay is set to 0 milliseconds

30-01-2024T20:57:26 - [MESSAGE][PASSED] - Browser is opened with url: ''

30-01-2024T20:57:26 - [TEST_STEP][PASSED] - navigateToUrl("https://www.amazon.com/delay/"): Navigate to 'https://www.amazon.com/delay/' successfully

30-01-2024T20:57:26 - [MESSAGE][PASSED] - Navigate to 'https://www.amazon.com/delay/' successfully

30-01-2024T20:57:26 - [TEST_STEP][PASSED] - click(findTestObject("Object Repository/amazonsearch/Page_Amazon.com Page Not Found/img")): Object: 'Object Repository/amazonsearch/Page_Amazon.com Page Not Found/img' is clicked on

30-01-2024T20:57:31 - [MESSAGE][PASSED] - Object: 'Object Repository/amazonsearch/Page_Amazon.com Page Not Found/img' is clicked on

30-01-2024T20:57:31 - [TEST_STEP][PASSED] - setText(findTestObject("Object Repository/amazonsearch/Page_Amazon.com. Spend less. Smile more/input_Search Amazon_field-keywords"), search): Text 'atta' is set on object 'Object Repository/amazonsearch/Page_Amazon.com. Spend less. Smile more/input_Search Amazon_field-keywords'

30-01-2024T20:57:34 - [MESSAGE][PASSED] - Text 'atta' is set on object 'Object Repository/amazonsearch/Page_Amazon.com. Spend less. Smile more/input_Search Amazon_field-keywords'

30-01-2024T20:57:34 - [TEST_STEP][PASSED] - click(findTestObject("Object Repository/amazonsearch/Page_Amazon.com. Spend less. Smile more/input_Search Amazon_nav-search-submit-button")): Object: 'Object Repository/amazonsearch/Page_Amazon.com. Spend less. Smile more/input_Search Amazon_nav-search-submit-button' is clicked on

30-01-2024T20:57:42 - [MESSAGE][PASSED] - Object: 'Object Repository/amazonsearch/Page_Amazon.com. Spend less. Smile more/input_Search Amazon_nav-search-submit-button' is clicked on

30-01-2024T20:57:42 - [TEST_STEP][PASSED] - click(findTestObject("Object Repository/amazonsearch/Page_Amazon.com  thermometer/div_ResultsCheck each product page for othe_437b14")): Object: 'Object Repository/amazonsearch/Page_Amazon.com  thermometer/div_ResultsCheck each product page for othe_437b14' is clicked on

30-01-2024T20:57:48 - [MESSAGE][PASSED] - Object: 'Object Repository/amazonsearch/Page_Amazon.com  thermometer/div_ResultsCheck each product page for othe_437b14' is clicked on

30-01-2024T20:57:48 - [TEST_STEP][PASSED] - Start listener action : sampleAfterTestCase: Browser is closed

30-01-2024T20:57:48 - [TEST_STEP][PASSED] - closeBrowser(): Browser is closed

30-01-2024T20:57:49 - [MESSAGE][PASSED] - Browser is closed]]></system-out>
         <system-err><![CDATA[]]></system-err>
      </testcase>
      <testcase name="Test Cases/Test2" time="31.26" classname="Test Cases/Test2" status="PASSED">
         <system-out><![CDATA[30-01-2024T20:58:32 - [TEST_CASE][PASSED] - Test Cases/Test2: Test Cases/Test2

30-01-2024T20:58:32 - [TEST_STEP][PASSED] - Start listener action : sampleBeforeTestCase: Navigate to 'https://www.amazon.com/delay/' successfully

30-01-2024T20:58:32 - [TEST_STEP][PASSED] - openBrowser(""): Browser is opened with url: ''

30-01-2024T20:58:32 - [MESSAGE][INFO] - Starting 'Edge Chromium' driver

30-01-2024T20:58:34 - [MESSAGE][INFO] - Action delay is set to 0 milliseconds

30-01-2024T20:58:35 - [MESSAGE][PASSED] - Browser is opened with url: ''

30-01-2024T20:58:35 - [TEST_STEP][PASSED] - navigateToUrl("https://www.amazon.com/delay/"): Navigate to 'https://www.amazon.com/delay/' successfully

30-01-2024T20:58:37 - [MESSAGE][PASSED] - Navigate to 'https://www.amazon.com/delay/' successfully

30-01-2024T20:58:37 - [TEST_STEP][PASSED] - click(findTestObject("Object Repository/amazonsearch/Page_Amazon.com Page Not Found/img")): Object: 'Object Repository/amazonsearch/Page_Amazon.com Page Not Found/img' is clicked on

30-01-2024T20:58:41 - [MESSAGE][PASSED] - Object: 'Object Repository/amazonsearch/Page_Amazon.com Page Not Found/img' is clicked on

30-01-2024T20:58:41 - [TEST_STEP][PASSED] - setText(findTestObject("Object Repository/amazonsearch/Page_Amazon.com. Spend less. Smile more/input_Search Amazon_field-keywords"), search): Text 'thermometer' is set on object 'Object Repository/amazonsearch/Page_Amazon.com. Spend less. Smile more/input_Search Amazon_field-keywords'

30-01-2024T20:58:44 - [MESSAGE][PASSED] - Text 'thermometer' is set on object 'Object Repository/amazonsearch/Page_Amazon.com. Spend less. Smile more/input_Search Amazon_field-keywords'

30-01-2024T20:58:44 - [TEST_STEP][PASSED] - click(findTestObject("Object Repository/amazonsearch/Page_Amazon.com. Spend less. Smile more/input_Search Amazon_nav-search-submit-button")): Object: 'Object Repository/amazonsearch/Page_Amazon.com. Spend less. Smile more/input_Search Amazon_nav-search-submit-button' is clicked on

30-01-2024T20:58:53 - [MESSAGE][PASSED] - Object: 'Object Repository/amazonsearch/Page_Amazon.com. Spend less. Smile more/input_Search Amazon_nav-search-submit-button' is clicked on

30-01-2024T20:58:53 - [TEST_STEP][PASSED] - click(findTestObject("Object Repository/amazonsearch/Page_Amazon.com  thermometer/div_ResultsCheck each product page for othe_437b14")): Object: 'Object Repository/amazonsearch/Page_Amazon.com  thermometer/div_ResultsCheck each product page for othe_437b14' is clicked on

30-01-2024T20:59:03 - [MESSAGE][PASSED] - Object: 'Object Repository/amazonsearch/Page_Amazon.com  thermometer/div_ResultsCheck each product page for othe_437b14' is clicked on

30-01-2024T20:59:03 - [TEST_STEP][PASSED] - Start listener action : sampleAfterTestCase: Browser is closed

30-01-2024T20:59:03 - [TEST_STEP][PASSED] - closeBrowser(): Browser is closed

30-01-2024T20:59:03 - [MESSAGE][PASSED] - Browser is closed]]></system-out>
         <system-err><![CDATA[]]></system-err>
      </testcase>
      <testcase name="Test Cases/Test2" time="53.448" classname="Test Cases/Test2" status="PASSED">
         <system-out><![CDATA[30-01-2024T20:59:47 - [TEST_CASE][PASSED] - Test Cases/Test2: Test Cases/Test2

30-01-2024T20:59:47 - [TEST_STEP][PASSED] - Start listener action : sampleBeforeTestCase: Navigate to 'https://www.amazon.com/delay/' successfully

30-01-2024T20:59:47 - [TEST_STEP][PASSED] - openBrowser(""): Browser is opened with url: ''

30-01-2024T20:59:47 - [MESSAGE][INFO] - Starting 'Edge Chromium' driver

30-01-2024T20:59:49 - [MESSAGE][INFO] - Action delay is set to 0 milliseconds

30-01-2024T20:59:50 - [MESSAGE][PASSED] - Browser is opened with url: ''

30-01-2024T20:59:50 - [TEST_STEP][PASSED] - navigateToUrl("https://www.amazon.com/delay/"): Navigate to 'https://www.amazon.com/delay/' successfully

30-01-2024T20:59:52 - [MESSAGE][PASSED] - Navigate to 'https://www.amazon.com/delay/' successfully

30-01-2024T20:59:52 - [TEST_STEP][PASSED] - click(findTestObject("Object Repository/amazonsearch/Page_Amazon.com Page Not Found/img")): Object: 'Object Repository/amazonsearch/Page_Amazon.com Page Not Found/img' is clicked on

30-01-2024T20:59:55 - [MESSAGE][PASSED] - Object: 'Object Repository/amazonsearch/Page_Amazon.com Page Not Found/img' is clicked on

30-01-2024T20:59:55 - [TEST_STEP][PASSED] - setText(findTestObject("Object Repository/amazonsearch/Page_Amazon.com. Spend less. Smile more/input_Search Amazon_field-keywords"), search): Text 'book' is set on object 'Object Repository/amazonsearch/Page_Amazon.com. Spend less. Smile more/input_Search Amazon_field-keywords'

30-01-2024T20:59:58 - [MESSAGE][PASSED] - Text 'book' is set on object 'Object Repository/amazonsearch/Page_Amazon.com. Spend less. Smile more/input_Search Amazon_field-keywords'

30-01-2024T20:59:58 - [TEST_STEP][PASSED] - click(findTestObject("Object Repository/amazonsearch/Page_Amazon.com. Spend less. Smile more/input_Search Amazon_nav-search-submit-button")): Object: 'Object Repository/amazonsearch/Page_Amazon.com. Spend less. Smile more/input_Search Amazon_nav-search-submit-button' is clicked on

30-01-2024T21:00:03 - [MESSAGE][PASSED] - Object: 'Object Repository/amazonsearch/Page_Amazon.com. Spend less. Smile more/input_Search Amazon_nav-search-submit-button' is clicked on

30-01-2024T21:00:03 - [TEST_STEP][PASSED] - click(findTestObject("Object Repository/amazonsearch/Page_Amazon.com  thermometer/div_ResultsCheck each product page for othe_437b14")): Object: 'Object Repository/amazonsearch/Page_Amazon.com  thermometer/div_ResultsCheck each product page for othe_437b14' is clicked on

30-01-2024T21:00:35 - [MESSAGE][INFO] - Unable to find the element located by 'By.xpath: //div[@id='search']/div'. Please recheck the objects properties to make sure the desired element is located. 

30-01-2024T21:00:35 - [MESSAGE][WARNING] - [SELF-HEALING] Failed to find element with id 'Object Repository/amazonsearch/Page_Amazon.com  thermometer/div_ResultsCheck each product page for othe_437b14'. Try using Self-healing.

30-01-2024T21:00:37 - [MESSAGE][WARNING] - [SELF-HEALING] The current locator of test object 'Object Repository/amazonsearch/Page_Amazon.com  thermometer/div_ResultsCheck each product page for othe_437b14' was broken. Propose an alternative one: '//div/div/div'.

30-01-2024T21:00:40 - [MESSAGE][PASSED] - Object: 'Object Repository/amazonsearch/Page_Amazon.com  thermometer/div_ResultsCheck each product page for othe_437b14' is clicked on

30-01-2024T21:00:40 - [TEST_STEP][PASSED] - Start listener action : sampleAfterTestCase: Browser is closed

30-01-2024T21:00:40 - [TEST_STEP][PASSED] - closeBrowser(): Browser is closed

30-01-2024T21:00:40 - [MESSAGE][PASSED] - Browser is closed]]></system-out>
         <system-err><![CDATA[]]></system-err>
      </testcase>
      <system-out><![CDATA[30-01-2024T20:56:47 - [TEST_SUITE][FAILED] - amazonsearch: Test Cases/Test2 FAILED.
Reason:
com.kms.katalon.core.exception.StepFailedException: Unable to set text 'thermometer' of object 'Object Repository/amazonsearch/Page_Amazon.com. Spend less. Smile more/input_Search Amazon_field-keywords'
	at com.kms.katalon.core.webui.keyword.internal.WebUIKeywordMain.stepFailed(WebUIKeywordMain.groovy:64)
	at com.kms.katalon.core.webui.keyword.internal.WebUIKeywordMain.runKeyword(WebUIKeywordMain.groovy:26)
	at com.kms.katalon.core.webui.keyword.builtin.SetTextKeyword.setText(SetTextKeyword.groovy:66)
	at com.kms.katalon.core.webui.keyword.builtin.SetTextKeyword.execute(SetTextKeyword.groovy:37)
	at com.kms.katalon.core.keyword.internal.KeywordExecutor.executeKeywordForPlatform(KeywordExecutor.groovy:74)
	at com.kms.katalon.core.webui.keyword.WebUiBuiltInKeywords.setText(WebUiBuiltInKeywords.groovy:1019)
	at Test2.run(Test2:22)
	at com.kms.katalon.core.main.ScriptEngine.run(ScriptEngine.java:194)
	at com.kms.katalon.core.main.ScriptEngine.runScriptAsRawText(ScriptEngine.java:119)
	at com.kms.katalon.core.main.TestCaseExecutor.runScript(TestCaseExecutor.java:448)
	at com.kms.katalon.core.main.TestCaseExecutor.doExecute(TestCaseExecutor.java:439)
	at com.kms.katalon.core.main.TestCaseExecutor.processExecutionPhase(TestCaseExecutor.java:418)
	at com.kms.katalon.core.main.TestCaseExecutor.accessMainPhase(TestCaseExecutor.java:410)
	at com.kms.katalon.core.main.TestCaseExecutor.execute(TestCaseExecutor.java:285)
	at com.kms.katalon.core.common.CommonExecutor.accessTestCaseMainPhase(CommonExecutor.java:65)
	at com.kms.katalon.core.main.TestSuiteExecutor.accessTestSuiteMainPhase(TestSuiteExecutor.java:148)
	at com.kms.katalon.core.main.TestSuiteExecutor.execute(TestSuiteExecutor.java:106)
	at com.kms.katalon.core.main.TestCaseMain.startTestSuite(TestCaseMain.java:180)
	at TempTestSuite1706628050622.run(TempTestSuite1706628050622.groovy:36)
	at java.base/jdk.internal.reflect.NativeMethodAccessorImpl.invoke0(Native Method)
	at java.base/jdk.internal.reflect.NativeMethodAccessorImpl.invoke(NativeMethodAccessorImpl.java:77)
	at java.base/jdk.internal.reflect.DelegatingMethodAccessorImpl.invoke(DelegatingMethodAccessorImpl.java:43)
Caused by: com.kms.katalon.core.webui.exception.WebElementNotFoundException: Web element with id: 'Object Repository/amazonsearch/Page_Amazon.com. Spend less. Smile more/input_Search Amazon_field-keywords' located by '//input[@id='twotabsearchtextbox']' not found
	at com.kms.katalon.core.webui.common.WebUiCommonHelper.findWebElement(WebUiCommonHelper.java:1379)
	at com.kms.katalon.core.webui.keyword.internal.WebUIAbstractKeyword.findWebElement(WebUIAbstractKeyword.groovy:27)
	at com.kms.katalon.core.webui.keyword.internal.WebUIAbstractKeyword.findWebElement(WebUIAbstractKeyword.groovy:26)
	at com.kms.katalon.core.webui.keyword.builtin.SetTextKeyword$_setText_closure1.doCall(SetTextKeyword.groovy:51)
	at com.kms.katalon.core.webui.keyword.builtin.SetTextKeyword$_setText_closure1.call(SetTextKeyword.groovy)
	at com.kms.katalon.core.webui.keyword.internal.WebUIKeywordMain.runKeyword(WebUIKeywordMain.groovy:20)
	... 20 more]]></system-out>
      <system-err><![CDATA[30-01-2024T20:56:47 - [TEST_SUITE][FAILED] - amazonsearch: Test Cases/Test2 FAILED.
Reason:
com.kms.katalon.core.exception.StepFailedException: Unable to set text 'thermometer' of object 'Object Repository/amazonsearch/Page_Amazon.com. Spend less. Smile more/input_Search Amazon_field-keywords'
	at com.kms.katalon.core.webui.keyword.internal.WebUIKeywordMain.stepFailed(WebUIKeywordMain.groovy:64)
	at com.kms.katalon.core.webui.keyword.internal.WebUIKeywordMain.runKeyword(WebUIKeywordMain.groovy:26)
	at com.kms.katalon.core.webui.keyword.builtin.SetTextKeyword.setText(SetTextKeyword.groovy:66)
	at com.kms.katalon.core.webui.keyword.builtin.SetTextKeyword.execute(SetTextKeyword.groovy:37)
	at com.kms.katalon.core.keyword.internal.KeywordExecutor.executeKeywordForPlatform(KeywordExecutor.groovy:74)
	at com.kms.katalon.core.webui.keyword.WebUiBuiltInKeywords.setText(WebUiBuiltInKeywords.groovy:1019)
	at Test2.run(Test2:22)
	at com.kms.katalon.core.main.ScriptEngine.run(ScriptEngine.java:194)
	at com.kms.katalon.core.main.ScriptEngine.runScriptAsRawText(ScriptEngine.java:119)
	at com.kms.katalon.core.main.TestCaseExecutor.runScript(TestCaseExecutor.java:448)
	at com.kms.katalon.core.main.TestCaseExecutor.doExecute(TestCaseExecutor.java:439)
	at com.kms.katalon.core.main.TestCaseExecutor.processExecutionPhase(TestCaseExecutor.java:418)
	at com.kms.katalon.core.main.TestCaseExecutor.accessMainPhase(TestCaseExecutor.java:410)
	at com.kms.katalon.core.main.TestCaseExecutor.execute(TestCaseExecutor.java:285)
	at com.kms.katalon.core.common.CommonExecutor.accessTestCaseMainPhase(CommonExecutor.java:65)
	at com.kms.katalon.core.main.TestSuiteExecutor.accessTestSuiteMainPhase(TestSuiteExecutor.java:148)
	at com.kms.katalon.core.main.TestSuiteExecutor.execute(TestSuiteExecutor.java:106)
	at com.kms.katalon.core.main.TestCaseMain.startTestSuite(TestCaseMain.java:180)
	at TempTestSuite1706628050622.run(TempTestSuite1706628050622.groovy:36)
	at java.base/jdk.internal.reflect.NativeMethodAccessorImpl.invoke0(Native Method)
	at java.base/jdk.internal.reflect.NativeMethodAccessorImpl.invoke(NativeMethodAccessorImpl.java:77)
	at java.base/jdk.internal.reflect.DelegatingMethodAccessorImpl.invoke(DelegatingMethodAccessorImpl.java:43)
Caused by: com.kms.katalon.core.webui.exception.WebElementNotFoundException: Web element with id: 'Object Repository/amazonsearch/Page_Amazon.com. Spend less. Smile more/input_Search Amazon_field-keywords' located by '//input[@id='twotabsearchtextbox']' not found
	at com.kms.katalon.core.webui.common.WebUiCommonHelper.findWebElement(WebUiCommonHelper.java:1379)
	at com.kms.katalon.core.webui.keyword.internal.WebUIAbstractKeyword.findWebElement(WebUIAbstractKeyword.groovy:27)
	at com.kms.katalon.core.webui.keyword.internal.WebUIAbstractKeyword.findWebElement(WebUIAbstractKeyword.groovy:26)
	at com.kms.katalon.core.webui.keyword.builtin.SetTextKeyword$_setText_closure1.doCall(SetTextKeyword.groovy:51)
	at com.kms.katalon.core.webui.keyword.builtin.SetTextKeyword$_setText_closure1.call(SetTextKeyword.groovy)
	at com.kms.katalon.core.webui.keyword.internal.WebUIKeywordMain.runKeyword(WebUIKeywordMain.groovy:20)
	... 20 more]]></system-err>
   </testsuite>
</testsuites>
