<?xml version="1.0" encoding="UTF-8"?>
<testsuites name="amazonsearch" time="235.418" tests="4" failures="0" errors="0">
   <testsuite name="amazonsearch" tests="4" failures="0" errors="0" time="235.418" skipped="0" timestamp="31-01-2024T16:02:36" hostname="hp - 192.168.2.4" id="Test Suites/amazonsearch">
      <properties>
         <property name="deviceName" value=""/>
         <property name="devicePlatform" value=""/>
         <property name="logFolder" value="C:\\Users\\hp\\git\\SI-GuidedProject-705449-1706164315\\Reports\\20240131_155621\\amazonsearch\\20240131_155636"/>
         <property name="logFiles" value="C:\\Users\\hp\\git\\SI-GuidedProject-705449-1706164315\\Reports\\20240131_155621\\amazonsearch\\20240131_155636\\execution0.log"/>
         <property name="attachments" value="C:\\Users\\hp\\git\\SI-GuidedProject-705449-1706164315\\Reports\\20240131_155621\\amazonsearch\\20240131_155636\\1706697201280.png, C:\\Users\\hp\\git\\SI-GuidedProject-705449-1706164315\\Reports\\20240131_155621\\amazonsearch\\20240131_155636\\1706697274194.png"/>
         <property name="hostName" value="hp - 192.168.2.4"/>
         <property name="os" value="Windows 11 64bit"/>
         <property name="katalonVersion" value="9.2.0.212"/>
         <property name="browser" value="Edge Chromium 121"/>
         <property name="hostAddress" value="192.168.2.4"/>
         <property name="sessionId" value="bad1210115de10fe4386dd8a46700d48"/>
         <property name="seleniumVersion" value="3.141.59"/>
         <property name="proxyInformation" value="ProxyInformation { proxyOption=NO_PROXY, proxyServerType=HTTP, username=, password=********, proxyServerAddress=, proxyServerPort=0, executionList=&quot;&quot;, isApplyToDesiredCapabilities=true }"/>
         <property name="platform" value="Windows 11"/>
      </properties>
      <testcase name="Test Cases/Test2" time="28.641" classname="Test Cases/Test2" status="PASSED">
         <system-out><![CDATA[31-01-2024T16:03:23 - [TEST_CASE][PASSED] - Test Cases/Test2: Test Cases/Test2

31-01-2024T16:03:23 - [TEST_STEP][PASSED] - Start listener action : sampleBeforeTestCase: Navigate to 'https://www.amazon.com/delay/' successfully

31-01-2024T16:03:23 - [TEST_STEP][PASSED] - openBrowser(""): Browser is opened with url: ''

31-01-2024T16:03:23 - [MESSAGE][INFO] - Starting 'Edge Chromium' driver

31-01-2024T16:03:23 - [MESSAGE][INFO] - Action delay is set to 0 milliseconds

31-01-2024T16:03:25 - [MESSAGE][PASSED] - Browser is opened with url: ''

31-01-2024T16:03:25 - [TEST_STEP][PASSED] - navigateToUrl("https://www.amazon.com/delay/"): Navigate to 'https://www.amazon.com/delay/' successfully

31-01-2024T16:03:26 - [MESSAGE][PASSED] - Navigate to 'https://www.amazon.com/delay/' successfully

31-01-2024T16:03:26 - [TEST_STEP][PASSED] - click(findTestObject("Object Repository/amazonsearch/Page_Amazon.com Page Not Found/img")): Object: 'Object Repository/amazonsearch/Page_Amazon.com Page Not Found/img' is clicked on

31-01-2024T16:03:29 - [MESSAGE][PASSED] - Object: 'Object Repository/amazonsearch/Page_Amazon.com Page Not Found/img' is clicked on

31-01-2024T16:03:29 - [TEST_STEP][PASSED] - setText(findTestObject("Object Repository/amazonsearch/Page_Amazon.com. Spend less. Smile more/input_Search Amazon_field-keywords"), search): Text 'mobile' is set on object 'Object Repository/amazonsearch/Page_Amazon.com. Spend less. Smile more/input_Search Amazon_field-keywords'

31-01-2024T16:03:32 - [MESSAGE][PASSED] - Text 'mobile' is set on object 'Object Repository/amazonsearch/Page_Amazon.com. Spend less. Smile more/input_Search Amazon_field-keywords'

31-01-2024T16:03:32 - [TEST_STEP][PASSED] - click(findTestObject("Object Repository/amazonsearch/Page_Amazon.com. Spend less. Smile more/input_Search Amazon_nav-search-submit-button")): Object: 'Object Repository/amazonsearch/Page_Amazon.com. Spend less. Smile more/input_Search Amazon_nav-search-submit-button' is clicked on

31-01-2024T16:03:40 - [MESSAGE][PASSED] - Object: 'Object Repository/amazonsearch/Page_Amazon.com. Spend less. Smile more/input_Search Amazon_nav-search-submit-button' is clicked on

31-01-2024T16:03:40 - [TEST_STEP][PASSED] - click(findTestObject("Object Repository/amazonsearch/Page_Amazon.com  thermometer/div_ResultsCheck each product page for othe_437b14")): Object: 'Object Repository/amazonsearch/Page_Amazon.com  thermometer/div_ResultsCheck each product page for othe_437b14' is clicked on

31-01-2024T16:03:50 - [MESSAGE][PASSED] - Object: 'Object Repository/amazonsearch/Page_Amazon.com  thermometer/div_ResultsCheck each product page for othe_437b14' is clicked on

31-01-2024T16:03:50 - [TEST_STEP][PASSED] - Start listener action : sampleAfterTestCase: Browser is closed

31-01-2024T16:03:50 - [TEST_STEP][PASSED] - closeBrowser(): Browser is closed

31-01-2024T16:03:51 - [MESSAGE][PASSED] - Browser is closed]]></system-out>
         <system-err><![CDATA[]]></system-err>
      </testcase>
      <testcase name="Test Cases/Test2" time="24.757" classname="Test Cases/Test2" status="PASSED">
         <system-out><![CDATA[31-01-2024T16:04:35 - [TEST_CASE][PASSED] - Test Cases/Test2: Test Cases/Test2

31-01-2024T16:04:35 - [TEST_STEP][PASSED] - Start listener action : sampleBeforeTestCase: Navigate to 'https://www.amazon.com/delay/' successfully

31-01-2024T16:04:35 - [TEST_STEP][PASSED] - openBrowser(""): Browser is opened with url: ''

31-01-2024T16:04:35 - [MESSAGE][INFO] - Starting 'Edge Chromium' driver

31-01-2024T16:04:36 - [MESSAGE][INFO] - Action delay is set to 0 milliseconds

31-01-2024T16:04:37 - [MESSAGE][PASSED] - Browser is opened with url: ''

31-01-2024T16:04:37 - [TEST_STEP][PASSED] - navigateToUrl("https://www.amazon.com/delay/"): Navigate to 'https://www.amazon.com/delay/' successfully

31-01-2024T16:04:39 - [MESSAGE][PASSED] - Navigate to 'https://www.amazon.com/delay/' successfully

31-01-2024T16:04:39 - [TEST_STEP][PASSED] - click(findTestObject("Object Repository/amazonsearch/Page_Amazon.com Page Not Found/img")): Object: 'Object Repository/amazonsearch/Page_Amazon.com Page Not Found/img' is clicked on

31-01-2024T16:04:42 - [MESSAGE][PASSED] - Object: 'Object Repository/amazonsearch/Page_Amazon.com Page Not Found/img' is clicked on

31-01-2024T16:04:42 - [TEST_STEP][PASSED] - setText(findTestObject("Object Repository/amazonsearch/Page_Amazon.com. Spend less. Smile more/input_Search Amazon_field-keywords"), search): Text 'atta' is set on object 'Object Repository/amazonsearch/Page_Amazon.com. Spend less. Smile more/input_Search Amazon_field-keywords'

31-01-2024T16:04:45 - [MESSAGE][PASSED] - Text 'atta' is set on object 'Object Repository/amazonsearch/Page_Amazon.com. Spend less. Smile more/input_Search Amazon_field-keywords'

31-01-2024T16:04:45 - [TEST_STEP][PASSED] - click(findTestObject("Object Repository/amazonsearch/Page_Amazon.com. Spend less. Smile more/input_Search Amazon_nav-search-submit-button")): Object: 'Object Repository/amazonsearch/Page_Amazon.com. Spend less. Smile more/input_Search Amazon_nav-search-submit-button' is clicked on

31-01-2024T16:04:53 - [MESSAGE][PASSED] - Object: 'Object Repository/amazonsearch/Page_Amazon.com. Spend less. Smile more/input_Search Amazon_nav-search-submit-button' is clicked on

31-01-2024T16:04:53 - [TEST_STEP][PASSED] - click(findTestObject("Object Repository/amazonsearch/Page_Amazon.com  thermometer/div_ResultsCheck each product page for othe_437b14")): Object: 'Object Repository/amazonsearch/Page_Amazon.com  thermometer/div_ResultsCheck each product page for othe_437b14' is clicked on

31-01-2024T16:04:59 - [MESSAGE][PASSED] - Object: 'Object Repository/amazonsearch/Page_Amazon.com  thermometer/div_ResultsCheck each product page for othe_437b14' is clicked on

31-01-2024T16:04:59 - [TEST_STEP][PASSED] - Start listener action : sampleAfterTestCase: Browser is closed

31-01-2024T16:04:59 - [TEST_STEP][PASSED] - closeBrowser(): Browser is closed

31-01-2024T16:05:00 - [MESSAGE][PASSED] - Browser is closed]]></system-out>
         <system-err><![CDATA[]]></system-err>
      </testcase>
      <testcase name="Test Cases/Test2" time="38.335" classname="Test Cases/Test2" status="PASSED">
         <system-out><![CDATA[31-01-2024T16:05:00 - [TEST_CASE][PASSED] - Test Cases/Test2: Test Cases/Test2

31-01-2024T16:05:00 - [TEST_STEP][PASSED] - Start listener action : sampleBeforeTestCase: Navigate to 'https://www.amazon.com/delay/' successfully

31-01-2024T16:05:00 - [TEST_STEP][PASSED] - openBrowser(""): Browser is opened with url: ''

31-01-2024T16:05:00 - [MESSAGE][INFO] - Starting 'Edge Chromium' driver

31-01-2024T16:05:00 - [MESSAGE][INFO] - Action delay is set to 0 milliseconds

31-01-2024T16:05:02 - [MESSAGE][PASSED] - Browser is opened with url: ''

31-01-2024T16:05:02 - [TEST_STEP][PASSED] - navigateToUrl("https://www.amazon.com/delay/"): Navigate to 'https://www.amazon.com/delay/' successfully

31-01-2024T16:05:03 - [MESSAGE][PASSED] - Navigate to 'https://www.amazon.com/delay/' successfully

31-01-2024T16:05:03 - [TEST_STEP][PASSED] - click(findTestObject("Object Repository/amazonsearch/Page_Amazon.com Page Not Found/img")): Object: 'Object Repository/amazonsearch/Page_Amazon.com Page Not Found/img' is clicked on

31-01-2024T16:05:06 - [MESSAGE][PASSED] - Object: 'Object Repository/amazonsearch/Page_Amazon.com Page Not Found/img' is clicked on

31-01-2024T16:05:06 - [TEST_STEP][PASSED] - setText(findTestObject("Object Repository/amazonsearch/Page_Amazon.com. Spend less. Smile more/input_Search Amazon_field-keywords"), search): Text 'thermometer' is set on object 'Object Repository/amazonsearch/Page_Amazon.com. Spend less. Smile more/input_Search Amazon_field-keywords'

31-01-2024T16:05:08 - [MESSAGE][PASSED] - Text 'thermometer' is set on object 'Object Repository/amazonsearch/Page_Amazon.com. Spend less. Smile more/input_Search Amazon_field-keywords'

31-01-2024T16:05:08 - [TEST_STEP][PASSED] - click(findTestObject("Object Repository/amazonsearch/Page_Amazon.com. Spend less. Smile more/input_Search Amazon_nav-search-submit-button")): Object: 'Object Repository/amazonsearch/Page_Amazon.com. Spend less. Smile more/input_Search Amazon_nav-search-submit-button' is clicked on

31-01-2024T16:05:20 - [MESSAGE][PASSED] - Object: 'Object Repository/amazonsearch/Page_Amazon.com. Spend less. Smile more/input_Search Amazon_nav-search-submit-button' is clicked on

31-01-2024T16:05:20 - [TEST_STEP][PASSED] - click(findTestObject("Object Repository/amazonsearch/Page_Amazon.com  thermometer/div_ResultsCheck each product page for othe_437b14")): Object: 'Object Repository/amazonsearch/Page_Amazon.com  thermometer/div_ResultsCheck each product page for othe_437b14' is clicked on

31-01-2024T16:05:37 - [MESSAGE][PASSED] - Object: 'Object Repository/amazonsearch/Page_Amazon.com  thermometer/div_ResultsCheck each product page for othe_437b14' is clicked on

31-01-2024T16:05:37 - [TEST_STEP][PASSED] - Start listener action : sampleAfterTestCase: Browser is closed

31-01-2024T16:05:37 - [TEST_STEP][PASSED] - closeBrowser(): Browser is closed

31-01-2024T16:05:38 - [MESSAGE][PASSED] - Browser is closed]]></system-out>
         <system-err><![CDATA[]]></system-err>
      </testcase>
      <testcase name="Test Cases/Test2" time="52.655" classname="Test Cases/Test2" status="PASSED">
         <system-out><![CDATA[31-01-2024T16:05:38 - [TEST_CASE][PASSED] - Test Cases/Test2: Test Cases/Test2

31-01-2024T16:05:38 - [TEST_STEP][PASSED] - Start listener action : sampleBeforeTestCase: Navigate to 'https://www.amazon.com/delay/' successfully

31-01-2024T16:05:38 - [TEST_STEP][PASSED] - openBrowser(""): Browser is opened with url: ''

31-01-2024T16:05:38 - [MESSAGE][INFO] - Starting 'Edge Chromium' driver

31-01-2024T16:05:39 - [MESSAGE][INFO] - Action delay is set to 0 milliseconds

31-01-2024T16:05:41 - [MESSAGE][PASSED] - Browser is opened with url: ''

31-01-2024T16:05:41 - [TEST_STEP][PASSED] - navigateToUrl("https://www.amazon.com/delay/"): Navigate to 'https://www.amazon.com/delay/' successfully

31-01-2024T16:05:41 - [MESSAGE][PASSED] - Navigate to 'https://www.amazon.com/delay/' successfully

31-01-2024T16:05:41 - [TEST_STEP][PASSED] - click(findTestObject("Object Repository/amazonsearch/Page_Amazon.com Page Not Found/img")): Object: 'Object Repository/amazonsearch/Page_Amazon.com Page Not Found/img' is clicked on

31-01-2024T16:05:45 - [MESSAGE][PASSED] - Object: 'Object Repository/amazonsearch/Page_Amazon.com Page Not Found/img' is clicked on

31-01-2024T16:05:45 - [TEST_STEP][PASSED] - setText(findTestObject("Object Repository/amazonsearch/Page_Amazon.com. Spend less. Smile more/input_Search Amazon_field-keywords"), search): Text 'book' is set on object 'Object Repository/amazonsearch/Page_Amazon.com. Spend less. Smile more/input_Search Amazon_field-keywords'

31-01-2024T16:05:47 - [MESSAGE][PASSED] - Text 'book' is set on object 'Object Repository/amazonsearch/Page_Amazon.com. Spend less. Smile more/input_Search Amazon_field-keywords'

31-01-2024T16:05:47 - [TEST_STEP][PASSED] - click(findTestObject("Object Repository/amazonsearch/Page_Amazon.com. Spend less. Smile more/input_Search Amazon_nav-search-submit-button")): Object: 'Object Repository/amazonsearch/Page_Amazon.com. Spend less. Smile more/input_Search Amazon_nav-search-submit-button' is clicked on

31-01-2024T16:05:52 - [MESSAGE][PASSED] - Object: 'Object Repository/amazonsearch/Page_Amazon.com. Spend less. Smile more/input_Search Amazon_nav-search-submit-button' is clicked on

31-01-2024T16:05:52 - [TEST_STEP][PASSED] - click(findTestObject("Object Repository/amazonsearch/Page_Amazon.com  thermometer/div_ResultsCheck each product page for othe_437b14")): Object: 'Object Repository/amazonsearch/Page_Amazon.com  thermometer/div_ResultsCheck each product page for othe_437b14' is clicked on

31-01-2024T16:06:25 - [MESSAGE][INFO] - Unable to find the element located by 'By.xpath: //div[@id='search']/div'. Please recheck the objects properties to make sure the desired element is located. 

31-01-2024T16:06:25 - [MESSAGE][WARNING] - [SELF-HEALING] Failed to find element with id 'Object Repository/amazonsearch/Page_Amazon.com  thermometer/div_ResultsCheck each product page for othe_437b14'. Try using Self-healing.

31-01-2024T16:06:27 - [MESSAGE][WARNING] - [SELF-HEALING] The current locator of test object 'Object Repository/amazonsearch/Page_Amazon.com  thermometer/div_ResultsCheck each product page for othe_437b14' was broken. Propose an alternative one: '//div/div/div'.

31-01-2024T16:06:30 - [MESSAGE][PASSED] - Object: 'Object Repository/amazonsearch/Page_Amazon.com  thermometer/div_ResultsCheck each product page for othe_437b14' is clicked on

31-01-2024T16:06:30 - [TEST_STEP][PASSED] - Start listener action : sampleAfterTestCase: Browser is closed

31-01-2024T16:06:30 - [TEST_STEP][PASSED] - closeBrowser(): Browser is closed

31-01-2024T16:06:31 - [MESSAGE][PASSED] - Browser is closed]]></system-out>
         <system-err><![CDATA[]]></system-err>
      </testcase>
      <system-out><![CDATA[31-01-2024T16:02:36 - [TEST_SUITE][FAILED] - amazonsearch: Test Cases/Test2 FAILED.
Reason:
com.kms.katalon.core.exception.StepFailedException: Unable to set text 'mobile' of object 'Object Repository/amazonsearch/Page_Amazon.com. Spend less. Smile more/input_Search Amazon_field-keywords'
	at com.kms.katalon.core.webui.keyword.internal.WebUIKeywordMain.stepFailed(WebUIKeywordMain.groovy:64)
	at com.kms.katalon.core.webui.keyword.internal.WebUIKeywordMain.runKeyword(WebUIKeywordMain.groovy:26)
	at com.kms.katalon.core.webui.keyword.builtin.SetTextKeyword.setText(SetTextKeyword.groovy:66)
	at com.kms.katalon.core.webui.keyword.builtin.SetTextKeyword.execute(SetTextKeyword.groovy:37)
	at com.kms.katalon.core.keyword.internal.KeywordExecutor.executeKeywordForPlatform(KeywordExecutor.groovy:74)
	at com.kms.katalon.core.webui.keyword.WebUiBuiltInKeywords.setText(WebUiBuiltInKeywords.groovy:1019)
	at Test2.run(Test2:22)
	at com.kms.katalon.core.main.ScriptEngine.run(ScriptEngine.java:194)
	at com.kms.katalon.core.main.ScriptEngine.runScriptAsRawText(ScriptEngine.java:119)
	at com.kms.katalon.core.main.TestCaseExecutor.runScript(TestCaseExecutor.java:448)
	at com.kms.katalon.core.main.TestCaseExecutor.doExecute(TestCaseExecutor.java:439)
	at com.kms.katalon.core.main.TestCaseExecutor.processExecutionPhase(TestCaseExecutor.java:418)
	at com.kms.katalon.core.main.TestCaseExecutor.accessMainPhase(TestCaseExecutor.java:410)
	at com.kms.katalon.core.main.TestCaseExecutor.execute(TestCaseExecutor.java:285)
	at com.kms.katalon.core.common.CommonExecutor.accessTestCaseMainPhase(CommonExecutor.java:65)
	at com.kms.katalon.core.main.TestSuiteExecutor.accessTestSuiteMainPhase(TestSuiteExecutor.java:148)
	at com.kms.katalon.core.main.TestSuiteExecutor.execute(TestSuiteExecutor.java:106)
	at com.kms.katalon.core.main.TestCaseMain.startTestSuite(TestCaseMain.java:180)
	at TempTestSuite1706696796727.run(TempTestSuite1706696796727.groovy:36)
	at java.base/jdk.internal.reflect.NativeMethodAccessorImpl.invoke0(Native Method)
	at java.base/jdk.internal.reflect.NativeMethodAccessorImpl.invoke(NativeMethodAccessorImpl.java:77)
	at java.base/jdk.internal.reflect.DelegatingMethodAccessorImpl.invoke(DelegatingMethodAccessorImpl.java:43)
Caused by: com.kms.katalon.core.webui.exception.WebElementNotFoundException: Web element with id: 'Object Repository/amazonsearch/Page_Amazon.com. Spend less. Smile more/input_Search Amazon_field-keywords' located by '//input[@id='twotabsearchtextbox']' not found
	at com.kms.katalon.core.webui.common.WebUiCommonHelper.findWebElement(WebUiCommonHelper.java:1379)
	at com.kms.katalon.core.webui.keyword.internal.WebUIAbstractKeyword.findWebElement(WebUIAbstractKeyword.groovy:27)
	at com.kms.katalon.core.webui.keyword.internal.WebUIAbstractKeyword.findWebElement(WebUIAbstractKeyword.groovy:26)
	at com.kms.katalon.core.webui.keyword.builtin.SetTextKeyword$_setText_closure1.doCall(SetTextKeyword.groovy:51)
	at com.kms.katalon.core.webui.keyword.builtin.SetTextKeyword$_setText_closure1.call(SetTextKeyword.groovy)
	at com.kms.katalon.core.webui.keyword.internal.WebUIKeywordMain.runKeyword(WebUIKeywordMain.groovy:20)
	... 20 more]]></system-out>
      <system-err><![CDATA[31-01-2024T16:02:36 - [TEST_SUITE][FAILED] - amazonsearch: Test Cases/Test2 FAILED.
Reason:
com.kms.katalon.core.exception.StepFailedException: Unable to set text 'mobile' of object 'Object Repository/amazonsearch/Page_Amazon.com. Spend less. Smile more/input_Search Amazon_field-keywords'
	at com.kms.katalon.core.webui.keyword.internal.WebUIKeywordMain.stepFailed(WebUIKeywordMain.groovy:64)
	at com.kms.katalon.core.webui.keyword.internal.WebUIKeywordMain.runKeyword(WebUIKeywordMain.groovy:26)
	at com.kms.katalon.core.webui.keyword.builtin.SetTextKeyword.setText(SetTextKeyword.groovy:66)
	at com.kms.katalon.core.webui.keyword.builtin.SetTextKeyword.execute(SetTextKeyword.groovy:37)
	at com.kms.katalon.core.keyword.internal.KeywordExecutor.executeKeywordForPlatform(KeywordExecutor.groovy:74)
	at com.kms.katalon.core.webui.keyword.WebUiBuiltInKeywords.setText(WebUiBuiltInKeywords.groovy:1019)
	at Test2.run(Test2:22)
	at com.kms.katalon.core.main.ScriptEngine.run(ScriptEngine.java:194)
	at com.kms.katalon.core.main.ScriptEngine.runScriptAsRawText(ScriptEngine.java:119)
	at com.kms.katalon.core.main.TestCaseExecutor.runScript(TestCaseExecutor.java:448)
	at com.kms.katalon.core.main.TestCaseExecutor.doExecute(TestCaseExecutor.java:439)
	at com.kms.katalon.core.main.TestCaseExecutor.processExecutionPhase(TestCaseExecutor.java:418)
	at com.kms.katalon.core.main.TestCaseExecutor.accessMainPhase(TestCaseExecutor.java:410)
	at com.kms.katalon.core.main.TestCaseExecutor.execute(TestCaseExecutor.java:285)
	at com.kms.katalon.core.common.CommonExecutor.accessTestCaseMainPhase(CommonExecutor.java:65)
	at com.kms.katalon.core.main.TestSuiteExecutor.accessTestSuiteMainPhase(TestSuiteExecutor.java:148)
	at com.kms.katalon.core.main.TestSuiteExecutor.execute(TestSuiteExecutor.java:106)
	at com.kms.katalon.core.main.TestCaseMain.startTestSuite(TestCaseMain.java:180)
	at TempTestSuite1706696796727.run(TempTestSuite1706696796727.groovy:36)
	at java.base/jdk.internal.reflect.NativeMethodAccessorImpl.invoke0(Native Method)
	at java.base/jdk.internal.reflect.NativeMethodAccessorImpl.invoke(NativeMethodAccessorImpl.java:77)
	at java.base/jdk.internal.reflect.DelegatingMethodAccessorImpl.invoke(DelegatingMethodAccessorImpl.java:43)
Caused by: com.kms.katalon.core.webui.exception.WebElementNotFoundException: Web element with id: 'Object Repository/amazonsearch/Page_Amazon.com. Spend less. Smile more/input_Search Amazon_field-keywords' located by '//input[@id='twotabsearchtextbox']' not found
	at com.kms.katalon.core.webui.common.WebUiCommonHelper.findWebElement(WebUiCommonHelper.java:1379)
	at com.kms.katalon.core.webui.keyword.internal.WebUIAbstractKeyword.findWebElement(WebUIAbstractKeyword.groovy:27)
	at com.kms.katalon.core.webui.keyword.internal.WebUIAbstractKeyword.findWebElement(WebUIAbstractKeyword.groovy:26)
	at com.kms.katalon.core.webui.keyword.builtin.SetTextKeyword$_setText_closure1.doCall(SetTextKeyword.groovy:51)
	at com.kms.katalon.core.webui.keyword.builtin.SetTextKeyword$_setText_closure1.call(SetTextKeyword.groovy)
	at com.kms.katalon.core.webui.keyword.internal.WebUIKeywordMain.runKeyword(WebUIKeywordMain.groovy:20)
	... 20 more]]></system-err>
   </testsuite>
</testsuites>
