<?xml version="1.0" encoding="UTF-8"?>
<testsuites name="AmazonLogin" time="64.143" tests="1" failures="0" errors="0">
   <testsuite name="AmazonLogin" tests="1" failures="0" errors="0" time="64.143" skipped="0" timestamp="03-02-2024T13:40:18" hostname="hp - 192.168.2.4" id="Test Suites/AmazonLogin">
      <properties>
         <property name="deviceName" value=""/>
         <property name="devicePlatform" value=""/>
         <property name="logFolder" value="C:\\Users\\hp\\git\\SI-GuidedProject-705449-1706164315\\Reports\\20240203_133928\\AmazonLogin\\20240203_133933"/>
         <property name="logFiles" value="C:\\Users\\hp\\git\\SI-GuidedProject-705449-1706164315\\Reports\\20240203_133928\\AmazonLogin\\20240203_133933\\execution0.log"/>
         <property name="attachments" value="C:\\Users\\hp\\git\\SI-GuidedProject-705449-1706164315\\Reports\\20240203_133928\\AmazonLogin\\20240203_133933\\1706947863918.png"/>
         <property name="hostName" value="hp - 192.168.2.4"/>
         <property name="os" value="Windows 11 64bit"/>
         <property name="katalonVersion" value="9.2.0.212"/>
         <property name="browser" value="Edge Chromium 121"/>
         <property name="hostAddress" value="192.168.2.4"/>
         <property name="sessionId" value="a7061a149d31b1a1cacc021100493a4f"/>
         <property name="seleniumVersion" value="3.141.59"/>
         <property name="proxyInformation" value="ProxyInformation { proxyOption=NO_PROXY, proxyServerType=HTTP, username=, password=********, proxyServerAddress=, proxyServerPort=0, executionList=&quot;&quot;, isApplyToDesiredCapabilities=true }"/>
         <property name="platform" value="Windows 11"/>
      </properties>
      <testcase name="Test Cases/Test1" time="17.01" classname="Test Cases/Test1" status="PASSED">
         <system-out><![CDATA[03-02-2024T13:41:05 - [TEST_CASE][PASSED] - Test Cases/Test1: Test Cases/Test1

03-02-2024T13:41:05 - [TEST_STEP][PASSED] - Start listener action : sampleBeforeTestCase: Navigate to 'https://www.amazon.com/delay/' successfully

03-02-2024T13:41:05 - [TEST_STEP][PASSED] - openBrowser(""): Browser is opened with url: ''

03-02-2024T13:41:05 - [MESSAGE][INFO] - Starting 'Edge Chromium' driver

03-02-2024T13:41:07 - [MESSAGE][INFO] - Action delay is set to 0 milliseconds

03-02-2024T13:41:08 - [MESSAGE][PASSED] - Browser is opened with url: ''

03-02-2024T13:41:08 - [TEST_STEP][PASSED] - navigateToUrl("https://www.amazon.com/delay/"): Navigate to 'https://www.amazon.com/delay/' successfully

03-02-2024T13:41:09 - [MESSAGE][PASSED] - Navigate to 'https://www.amazon.com/delay/' successfully

03-02-2024T13:41:09 - [TEST_STEP][PASSED] - click(findTestObject("Object Repository/AmazonLogin/Page_Amazon.com Page Not Found/img")): Object: 'Object Repository/AmazonLogin/Page_Amazon.com Page Not Found/img' is clicked on

03-02-2024T13:41:12 - [MESSAGE][PASSED] - Object: 'Object Repository/AmazonLogin/Page_Amazon.com Page Not Found/img' is clicked on

03-02-2024T13:41:12 - [TEST_STEP][PASSED] - click(findTestObject("Object Repository/AmazonLogin/Page_Amazon.com. Spend less. Smile more/span_Hello, sign in")): Object: 'Object Repository/AmazonLogin/Page_Amazon.com. Spend less. Smile more/span_Hello, sign in' is clicked on

03-02-2024T13:41:15 - [MESSAGE][PASSED] - Object: 'Object Repository/AmazonLogin/Page_Amazon.com. Spend less. Smile more/span_Hello, sign in' is clicked on

03-02-2024T13:41:15 - [TEST_STEP][PASSED] - setText(findTestObject("Object Repository/AmazonLogin/Page_Amazon Sign-In/input_Email or mobile phone number_email"), "vivek.koppu02@gmail.com"): Text 'vivek.koppu02@gmail.com' is set on object 'Object Repository/AmazonLogin/Page_Amazon Sign-In/input_Email or mobile phone number_email'

03-02-2024T13:41:16 - [MESSAGE][PASSED] - Text 'vivek.koppu02@gmail.com' is set on object 'Object Repository/AmazonLogin/Page_Amazon Sign-In/input_Email or mobile phone number_email'

03-02-2024T13:41:16 - [TEST_STEP][PASSED] - click(findTestObject("Object Repository/AmazonLogin/Page_Amazon Sign-In/input_Enter your email or mobile phone numb_fc7402")): Object: 'Object Repository/AmazonLogin/Page_Amazon Sign-In/input_Enter your email or mobile phone numb_fc7402' is clicked on

03-02-2024T13:41:19 - [MESSAGE][PASSED] - Object: 'Object Repository/AmazonLogin/Page_Amazon Sign-In/input_Enter your email or mobile phone numb_fc7402' is clicked on

03-02-2024T13:41:19 - [TEST_STEP][PASSED] - setEncryptedText(findTestObject("Object Repository/AmazonLogin/Page_Amazon Sign-In/input_Forgot your password_password"), "ofo5Cd7yjXKREItGPzFDsw=="): Text ****** has been set on object 'Object Repository/AmazonLogin/Page_Amazon Sign-In/input_Forgot your password_password'

03-02-2024T13:41:20 - [MESSAGE][PASSED] - Text ****** has been set on object 'Object Repository/AmazonLogin/Page_Amazon Sign-In/input_Forgot your password_password'

03-02-2024T13:41:20 - [TEST_STEP][PASSED] - click(findTestObject("Object Repository/AmazonLogin/Page_Amazon Sign-In/input_Enter your password_signInSubmit")): Object: 'Object Repository/AmazonLogin/Page_Amazon Sign-In/input_Enter your password_signInSubmit' is clicked on

03-02-2024T13:41:21 - [MESSAGE][PASSED] - Object: 'Object Repository/AmazonLogin/Page_Amazon Sign-In/input_Enter your password_signInSubmit' is clicked on

03-02-2024T13:41:21 - [TEST_STEP][PASSED] - Start listener action : sampleAfterTestCase: Browser is closed

03-02-2024T13:41:21 - [TEST_STEP][PASSED] - closeBrowser(): Browser is closed

03-02-2024T13:41:22 - [MESSAGE][PASSED] - Browser is closed]]></system-out>
         <system-err><![CDATA[]]></system-err>
      </testcase>
      <system-out><![CDATA[03-02-2024T13:40:18 - [TEST_SUITE][FAILED] - AmazonLogin: Test Cases/Test1 FAILED.
Reason:
com.kms.katalon.core.exception.StepFailedException: Unable to click on object 'Object Repository/AmazonLogin/Page_Amazon.com. Spend less. Smile more/span_Hello, sign in'
	at com.kms.katalon.core.webui.keyword.internal.WebUIKeywordMain.stepFailed(WebUIKeywordMain.groovy:64)
	at com.kms.katalon.core.webui.keyword.internal.WebUIKeywordMain.runKeyword(WebUIKeywordMain.groovy:26)
	at com.kms.katalon.core.webui.keyword.builtin.ClickKeyword.click(ClickKeyword.groovy:74)
	at com.kms.katalon.core.webui.keyword.builtin.ClickKeyword.execute(ClickKeyword.groovy:40)
	at com.kms.katalon.core.keyword.internal.KeywordExecutor.executeKeywordForPlatform(KeywordExecutor.groovy:74)
	at com.kms.katalon.core.webui.keyword.WebUiBuiltInKeywords.click(WebUiBuiltInKeywords.groovy:659)
	at Test1.run(Test1:22)
	at com.kms.katalon.core.main.ScriptEngine.run(ScriptEngine.java:194)
	at com.kms.katalon.core.main.ScriptEngine.runScriptAsRawText(ScriptEngine.java:119)
	at com.kms.katalon.core.main.TestCaseExecutor.runScript(TestCaseExecutor.java:448)
	at com.kms.katalon.core.main.TestCaseExecutor.doExecute(TestCaseExecutor.java:439)
	at com.kms.katalon.core.main.TestCaseExecutor.processExecutionPhase(TestCaseExecutor.java:418)
	at com.kms.katalon.core.main.TestCaseExecutor.accessMainPhase(TestCaseExecutor.java:410)
	at com.kms.katalon.core.main.TestCaseExecutor.execute(TestCaseExecutor.java:285)
	at com.kms.katalon.core.common.CommonExecutor.accessTestCaseMainPhase(CommonExecutor.java:65)
	at com.kms.katalon.core.main.TestSuiteExecutor.accessTestSuiteMainPhase(TestSuiteExecutor.java:148)
	at com.kms.katalon.core.main.TestSuiteExecutor.execute(TestSuiteExecutor.java:106)
	at com.kms.katalon.core.main.TestCaseMain.startTestSuite(TestCaseMain.java:180)
	at TempTestSuite1706947773058.run(TempTestSuite1706947773058.groovy:36)
	at java.base/jdk.internal.reflect.NativeMethodAccessorImpl.invoke0(Native Method)
	at java.base/jdk.internal.reflect.NativeMethodAccessorImpl.invoke(NativeMethodAccessorImpl.java:77)
	at java.base/jdk.internal.reflect.DelegatingMethodAccessorImpl.invoke(DelegatingMethodAccessorImpl.java:43)
Caused by: com.kms.katalon.core.webui.exception.WebElementNotFoundException: Web element with id: 'Object Repository/AmazonLogin/Page_Amazon.com. Spend less. Smile more/span_Hello, sign in' located by '//span[@id='nav-link-accountList-nav-line-1']' not found
	at com.kms.katalon.core.webui.common.WebUiCommonHelper.findWebElement(WebUiCommonHelper.java:1379)
	at com.kms.katalon.core.webui.keyword.internal.WebUIAbstractKeyword.findWebElement(WebUIAbstractKeyword.groovy:27)
	at com.kms.katalon.core.webui.keyword.builtin.ClickKeyword$_click_closure1.doCall(ClickKeyword.groovy:65)
	at com.kms.katalon.core.webui.keyword.builtin.ClickKeyword$_click_closure1.call(ClickKeyword.groovy)
	at com.kms.katalon.core.webui.keyword.internal.WebUIKeywordMain.runKeyword(WebUIKeywordMain.groovy:20)
	... 20 more]]></system-out>
      <system-err><![CDATA[03-02-2024T13:40:18 - [TEST_SUITE][FAILED] - AmazonLogin: Test Cases/Test1 FAILED.
Reason:
com.kms.katalon.core.exception.StepFailedException: Unable to click on object 'Object Repository/AmazonLogin/Page_Amazon.com. Spend less. Smile more/span_Hello, sign in'
	at com.kms.katalon.core.webui.keyword.internal.WebUIKeywordMain.stepFailed(WebUIKeywordMain.groovy:64)
	at com.kms.katalon.core.webui.keyword.internal.WebUIKeywordMain.runKeyword(WebUIKeywordMain.groovy:26)
	at com.kms.katalon.core.webui.keyword.builtin.ClickKeyword.click(ClickKeyword.groovy:74)
	at com.kms.katalon.core.webui.keyword.builtin.ClickKeyword.execute(ClickKeyword.groovy:40)
	at com.kms.katalon.core.keyword.internal.KeywordExecutor.executeKeywordForPlatform(KeywordExecutor.groovy:74)
	at com.kms.katalon.core.webui.keyword.WebUiBuiltInKeywords.click(WebUiBuiltInKeywords.groovy:659)
	at Test1.run(Test1:22)
	at com.kms.katalon.core.main.ScriptEngine.run(ScriptEngine.java:194)
	at com.kms.katalon.core.main.ScriptEngine.runScriptAsRawText(ScriptEngine.java:119)
	at com.kms.katalon.core.main.TestCaseExecutor.runScript(TestCaseExecutor.java:448)
	at com.kms.katalon.core.main.TestCaseExecutor.doExecute(TestCaseExecutor.java:439)
	at com.kms.katalon.core.main.TestCaseExecutor.processExecutionPhase(TestCaseExecutor.java:418)
	at com.kms.katalon.core.main.TestCaseExecutor.accessMainPhase(TestCaseExecutor.java:410)
	at com.kms.katalon.core.main.TestCaseExecutor.execute(TestCaseExecutor.java:285)
	at com.kms.katalon.core.common.CommonExecutor.accessTestCaseMainPhase(CommonExecutor.java:65)
	at com.kms.katalon.core.main.TestSuiteExecutor.accessTestSuiteMainPhase(TestSuiteExecutor.java:148)
	at com.kms.katalon.core.main.TestSuiteExecutor.execute(TestSuiteExecutor.java:106)
	at com.kms.katalon.core.main.TestCaseMain.startTestSuite(TestCaseMain.java:180)
	at TempTestSuite1706947773058.run(TempTestSuite1706947773058.groovy:36)
	at java.base/jdk.internal.reflect.NativeMethodAccessorImpl.invoke0(Native Method)
	at java.base/jdk.internal.reflect.NativeMethodAccessorImpl.invoke(NativeMethodAccessorImpl.java:77)
	at java.base/jdk.internal.reflect.DelegatingMethodAccessorImpl.invoke(DelegatingMethodAccessorImpl.java:43)
Caused by: com.kms.katalon.core.webui.exception.WebElementNotFoundException: Web element with id: 'Object Repository/AmazonLogin/Page_Amazon.com. Spend less. Smile more/span_Hello, sign in' located by '//span[@id='nav-link-accountList-nav-line-1']' not found
	at com.kms.katalon.core.webui.common.WebUiCommonHelper.findWebElement(WebUiCommonHelper.java:1379)
	at com.kms.katalon.core.webui.keyword.internal.WebUIAbstractKeyword.findWebElement(WebUIAbstractKeyword.groovy:27)
	at com.kms.katalon.core.webui.keyword.builtin.ClickKeyword$_click_closure1.doCall(ClickKeyword.groovy:65)
	at com.kms.katalon.core.webui.keyword.builtin.ClickKeyword$_click_closure1.call(ClickKeyword.groovy)
	at com.kms.katalon.core.webui.keyword.internal.WebUIKeywordMain.runKeyword(WebUIKeywordMain.groovy:20)
	... 20 more]]></system-err>
   </testsuite>
</testsuites>
