<?xml version="1.0" encoding="UTF-8"?>
<testsuites name="Amazon" time="533.122" tests="9" failures="3" errors="0">
   <testsuite name="Welcomemessage" tests="1" failures="0" errors="0" time="8.973" skipped="0" timestamp="03-02-2024T12:13:16" hostname="hp - 192.168.2.4" id="Test Suites/Welcomemessage">
      <properties>
         <property name="deviceName" value=""/>
         <property name="devicePlatform" value=""/>
         <property name="logFolder" value="C:\\Users\\hp\\git\\SI-GuidedProject-705449-1706164315\\Reports\\20240203_121150\\Welcomemessage\\20240203_121203"/>
         <property name="logFiles" value="C:\\Users\\hp\\git\\SI-GuidedProject-705449-1706164315\\Reports\\20240203_121150\\Welcomemessage\\20240203_121203\\execution0.log"/>
         <property name="attachments" value=""/>
         <property name="hostName" value="hp - 192.168.2.4"/>
         <property name="os" value="Windows 11 64bit"/>
         <property name="katalonVersion" value="9.3.0.212"/>
         <property name="browser" value="Edge Chromium 121"/>
         <property name="hostAddress" value="192.168.2.4"/>
         <property name="sessionId" value="00d5b234378414459435fca3e40e9195"/>
         <property name="seleniumVersion" value="3.141.59"/>
         <property name="proxyInformation" value="ProxyInformation { proxyOption=NO_PROXY, proxyServerType=HTTP, username=, password=********, proxyServerAddress=, proxyServerPort=0, executionList=&quot;&quot;, isApplyToDesiredCapabilities=true }"/>
         <property name="platform" value="Windows 11"/>
      </properties>
      <testcase name="Test Cases/Test6" time="8.567" classname="Test Cases/Test6" status="PASSED">
         <system-out><![CDATA[03-02-2024T12:13:17 - [TEST_CASE][PASSED] - Test Cases/Test6: Test Cases/Test6

03-02-2024T12:13:17 - [TEST_STEP][PASSED] - Start listener action : sampleBeforeTestCase: Navigate to 'https://www.amazon.com/delay/' successfully

03-02-2024T12:13:17 - [TEST_STEP][PASSED] - openBrowser(""): Browser is opened with url: ''

03-02-2024T12:13:17 - [MESSAGE][INFO] - Starting 'Edge Chromium' driver

03-02-2024T12:13:19 - [MESSAGE][INFO] - Action delay is set to 0 milliseconds

03-02-2024T12:13:23 - [MESSAGE][PASSED] - Browser is opened with url: ''

03-02-2024T12:13:23 - [TEST_STEP][PASSED] - navigateToUrl("https://www.amazon.com/delay/"): Navigate to 'https://www.amazon.com/delay/' successfully

03-02-2024T12:13:24 - [MESSAGE][PASSED] - Navigate to 'https://www.amazon.com/delay/' successfully

03-02-2024T12:13:24 - [TEST_STEP][PASSED] - com.test.demo.Demo.print(): com.test.demo.Demo.print is PASSED

03-02-2024T12:13:24 - [MESSAGE][PASSED] - com.test.demo.Demo.print is PASSED

03-02-2024T12:13:24 - [TEST_STEP][PASSED] - Start listener action : sampleAfterTestCase: Browser is closed

03-02-2024T12:13:24 - [TEST_STEP][PASSED] - closeBrowser(): Browser is closed

03-02-2024T12:13:25 - [MESSAGE][PASSED] - Browser is closed]]></system-out>
         <system-err><![CDATA[]]></system-err>
      </testcase>
      <system-out><![CDATA[03-02-2024T12:13:16 - [TEST_SUITE][PASSED] - Welcomemessage: Test Cases/Test6]]></system-out>
      <system-err><![CDATA[]]></system-err>
   </testsuite>
   <testsuite name="Amazoncart" tests="1" failures="0" errors="0" time="43.302" skipped="0" timestamp="03-02-2024T12:13:34" hostname="hp - 192.168.2.4" id="Test Suites/Amazoncart">
      <properties>
         <property name="deviceName" value=""/>
         <property name="devicePlatform" value=""/>
         <property name="logFolder" value="C:\\Users\\hp\\git\\SI-GuidedProject-705449-1706164315\\Reports\\20240203_121150\\Amazoncart\\20240203_121214"/>
         <property name="logFiles" value="C:\\Users\\hp\\git\\SI-GuidedProject-705449-1706164315\\Reports\\20240203_121150\\Amazoncart\\20240203_121214\\execution0.log"/>
         <property name="attachments" value=""/>
         <property name="hostName" value="hp - 192.168.2.4"/>
         <property name="os" value="Windows 11 64bit"/>
         <property name="katalonVersion" value="9.3.0.212"/>
         <property name="browser" value="Edge Chromium 121"/>
         <property name="hostAddress" value="192.168.2.4"/>
         <property name="sessionId" value="d30dcd6c366b5dfb617bcb049146a437"/>
         <property name="seleniumVersion" value="3.141.59"/>
         <property name="proxyInformation" value="ProxyInformation { proxyOption=NO_PROXY, proxyServerType=HTTP, username=, password=********, proxyServerAddress=, proxyServerPort=0, executionList=&quot;&quot;, isApplyToDesiredCapabilities=true }"/>
         <property name="platform" value="Windows 11"/>
      </properties>
      <testcase name="Test Cases/Test3" time="43.035" classname="Test Cases/Test3" status="PASSED">
         <system-out><![CDATA[03-02-2024T12:13:34 - [TEST_CASE][PASSED] - Test Cases/Test3: Test Cases/Test3

03-02-2024T12:13:34 - [TEST_STEP][PASSED] - Start listener action : sampleBeforeTestCase: Navigate to 'https://www.amazon.com/delay/' successfully

03-02-2024T12:13:34 - [TEST_STEP][PASSED] - openBrowser(""): Browser is opened with url: ''

03-02-2024T12:13:35 - [MESSAGE][INFO] - Starting 'Edge Chromium' driver

03-02-2024T12:13:36 - [MESSAGE][INFO] - Action delay is set to 0 milliseconds

03-02-2024T12:13:39 - [MESSAGE][PASSED] - Browser is opened with url: ''

03-02-2024T12:13:39 - [TEST_STEP][PASSED] - navigateToUrl("https://www.amazon.com/delay/"): Navigate to 'https://www.amazon.com/delay/' successfully

03-02-2024T12:13:39 - [MESSAGE][PASSED] - Navigate to 'https://www.amazon.com/delay/' successfully

03-02-2024T12:13:39 - [TEST_STEP][PASSED] - click(findTestObject("Object Repository/Amazoncart/Page_Amazon.com Page Not Found/img")): Object: 'Object Repository/Amazoncart/Page_Amazon.com Page Not Found/img' is clicked on

03-02-2024T12:13:43 - [MESSAGE][PASSED] - Object: 'Object Repository/Amazoncart/Page_Amazon.com Page Not Found/img' is clicked on

03-02-2024T12:13:43 - [TEST_STEP][PASSED] - click(findTestObject("Object Repository/Amazoncart/Page_Amazon.com. Spend less. Smile more/span_Hello, sign in")): Object: 'Object Repository/Amazoncart/Page_Amazon.com. Spend less. Smile more/span_Hello, sign in' is clicked on

03-02-2024T12:13:49 - [MESSAGE][PASSED] - Object: 'Object Repository/Amazoncart/Page_Amazon.com. Spend less. Smile more/span_Hello, sign in' is clicked on

03-02-2024T12:13:49 - [TEST_STEP][PASSED] - setText(findTestObject("Object Repository/Amazoncart/Page_Amazon Sign-In/input_Email or mobile phone number_email"), "vivek.koppu02@gmail.com"): Text 'vivek.koppu02@gmail.com' is set on object 'Object Repository/Amazoncart/Page_Amazon Sign-In/input_Email or mobile phone number_email'

03-02-2024T12:13:51 - [MESSAGE][PASSED] - Text 'vivek.koppu02@gmail.com' is set on object 'Object Repository/Amazoncart/Page_Amazon Sign-In/input_Email or mobile phone number_email'

03-02-2024T12:13:51 - [TEST_STEP][PASSED] - click(findTestObject("Object Repository/Amazoncart/Page_Amazon Sign-In/input_Enter your email or mobile phone numb_fc7402")): Object: 'Object Repository/Amazoncart/Page_Amazon Sign-In/input_Enter your email or mobile phone numb_fc7402' is clicked on

03-02-2024T12:13:53 - [MESSAGE][PASSED] - Object: 'Object Repository/Amazoncart/Page_Amazon Sign-In/input_Enter your email or mobile phone numb_fc7402' is clicked on

03-02-2024T12:13:53 - [TEST_STEP][PASSED] - setEncryptedText(findTestObject("Object Repository/Amazoncart/Page_Amazon Sign-In/input_Forgot your password_password"), "ofo5Cd7yjXKREItGPzFDsw=="): Text ****** has been set on object 'Object Repository/Amazoncart/Page_Amazon Sign-In/input_Forgot your password_password'

03-02-2024T12:13:54 - [MESSAGE][PASSED] - Text ****** has been set on object 'Object Repository/Amazoncart/Page_Amazon Sign-In/input_Forgot your password_password'

03-02-2024T12:13:54 - [TEST_STEP][PASSED] - click(findTestObject("Object Repository/Amazoncart/Page_Amazon Sign-In/input_Enter your password_signInSubmit")): Object: 'Object Repository/Amazoncart/Page_Amazon Sign-In/input_Enter your password_signInSubmit' is clicked on

03-02-2024T12:13:55 - [MESSAGE][PASSED] - Object: 'Object Repository/Amazoncart/Page_Amazon Sign-In/input_Enter your password_signInSubmit' is clicked on

03-02-2024T12:13:55 - [TEST_STEP][PASSED] - setText(findTestObject("Object Repository/Amazoncart/Page_Amazon.com. Spend less. Smile more/input_Search Amazon_field-keywords"), "thermometer"): Text 'thermometer' is set on object 'Object Repository/Amazoncart/Page_Amazon.com. Spend less. Smile more/input_Search Amazon_field-keywords'

03-02-2024T12:14:03 - [MESSAGE][PASSED] - Text 'thermometer' is set on object 'Object Repository/Amazoncart/Page_Amazon.com. Spend less. Smile more/input_Search Amazon_field-keywords'

03-02-2024T12:14:03 - [TEST_STEP][PASSED] - click(findTestObject("Object Repository/Amazoncart/Page_Amazon.com. Spend less. Smile more/input_Search Amazon_nav-search-submit-button")): Object: 'Object Repository/Amazoncart/Page_Amazon.com. Spend less. Smile more/input_Search Amazon_nav-search-submit-button' is clicked on

03-02-2024T12:14:13 - [MESSAGE][PASSED] - Object: 'Object Repository/Amazoncart/Page_Amazon.com. Spend less. Smile more/input_Search Amazon_nav-search-submit-button' is clicked on

03-02-2024T12:14:13 - [TEST_STEP][PASSED] - click(findTestObject("Object Repository/Amazoncart/Page_Amazon.com  thermometer/button_Add to cart")): Object: 'Object Repository/Amazoncart/Page_Amazon.com  thermometer/button_Add to cart' is clicked on

03-02-2024T12:14:16 - [MESSAGE][PASSED] - Object: 'Object Repository/Amazoncart/Page_Amazon.com  thermometer/button_Add to cart' is clicked on

03-02-2024T12:14:16 - [TEST_STEP][PASSED] - Start listener action : sampleAfterTestCase: Browser is closed

03-02-2024T12:14:16 - [TEST_STEP][PASSED] - closeBrowser(): Browser is closed

03-02-2024T12:14:17 - [MESSAGE][PASSED] - Browser is closed]]></system-out>
         <system-err><![CDATA[]]></system-err>
      </testcase>
      <system-out><![CDATA[03-02-2024T12:13:34 - [TEST_SUITE][PASSED] - Amazoncart: Test Cases/Test3]]></system-out>
      <system-err><![CDATA[]]></system-err>
   </testsuite>
   <testsuite name="Amazonaccount" tests="1" failures="1" errors="0" time="46.093" skipped="0" timestamp="03-02-2024T12:14:26" hostname="hp - 192.168.2.4" id="Test Suites/Amazonaccount">
      <properties>
         <property name="deviceName" value=""/>
         <property name="devicePlatform" value=""/>
         <property name="logFolder" value="C:\\Users\\hp\\git\\SI-GuidedProject-705449-1706164315\\Reports\\20240203_121150\\Amazonaccount\\20240203_121226"/>
         <property name="logFiles" value="C:\\Users\\hp\\git\\SI-GuidedProject-705449-1706164315\\Reports\\20240203_121150\\Amazonaccount\\20240203_121226\\execution0.log"/>
         <property name="attachments" value="C:\\Users\\hp\\git\\SI-GuidedProject-705449-1706164315\\Reports\\20240203_121150\\Amazonaccount\\20240203_121226\\1706942711583.png"/>
         <property name="hostName" value="hp - 192.168.2.4"/>
         <property name="os" value="Windows 11 64bit"/>
         <property name="katalonVersion" value="9.3.0.212"/>
         <property name="browser" value="Edge Chromium 121"/>
         <property name="hostAddress" value="192.168.2.4"/>
         <property name="sessionId" value="3ce3549e035aa34bad43f832b3ac52a9"/>
         <property name="seleniumVersion" value="3.141.59"/>
         <property name="proxyInformation" value="ProxyInformation { proxyOption=NO_PROXY, proxyServerType=HTTP, username=, password=********, proxyServerAddress=, proxyServerPort=0, executionList=&quot;&quot;, isApplyToDesiredCapabilities=true }"/>
         <property name="platform" value="Windows 11"/>
      </properties>
      <testcase name="Test Cases/Test4" time="45.639" classname="Test Cases/Test4" status="FAILED">
         <failure type="FAILED" message="Test Cases/Test4 FAILED.&#xa;Reason:&#xa;com.kms.katalon.core.exception.StepFailedException: Unable to click on object 'Object Repository/Amazonaccount/Page_Amazon.com. Spend less. Smile more/span_Hello, sign in'&#xa;	at com.kms.katalon.core.webui.keyword.internal.WebUIKeywordMain.stepFailed(WebUIKeywordMain.groovy:64)&#xa;	at com.kms.katalon.core.webui.keyword.internal.WebUIKeywordMain.runKeyword(WebUIKeywordMain.groovy:26)&#xa;	at com.kms.katalon.core.webui.keyword.builtin.ClickKeyword.click(ClickKeyword.groovy:74)&#xa;	at com.kms.katalon.core.webui.keyword.builtin.ClickKeyword.execute(ClickKeyword.groovy:40)&#xa;	at com.kms.katalon.core.keyword.internal.KeywordExecutor.executeKeywordForPlatform(KeywordExecutor.groovy:74)&#xa;	at com.kms.katalon.core.webui.keyword.WebUiBuiltInKeywords.click(WebUiBuiltInKeywords.groovy:659)&#xa;	at com.kms.katalon.core.webui.keyword.WebUiBuiltInKeywords$click$1.call(Unknown Source)&#xa;	at Test4.run(Test4:22)&#xa;	at com.kms.katalon.core.main.ScriptEngine.run(ScriptEngine.java:194)&#xa;	at com.kms.katalon.core.main.ScriptEngine.runScriptAsRawText(ScriptEngine.java:119)&#xa;	at com.kms.katalon.core.main.TestCaseExecutor.runScript(TestCaseExecutor.java:448)&#xa;	at com.kms.katalon.core.main.TestCaseExecutor.doExecute(TestCaseExecutor.java:439)&#xa;	at com.kms.katalon.core.main.TestCaseExecutor.processExecutionPhase(TestCaseExecutor.java:418)&#xa;	at com.kms.katalon.core.main.TestCaseExecutor.accessMainPhase(TestCaseExecutor.java:410)&#xa;	at com.kms.katalon.core.main.TestCaseExecutor.execute(TestCaseExecutor.java:285)&#xa;	at com.kms.katalon.core.common.CommonExecutor.accessTestCaseMainPhase(CommonExecutor.java:65)&#xa;	at com.kms.katalon.core.main.TestSuiteExecutor.accessTestSuiteMainPhase(TestSuiteExecutor.java:148)&#xa;	at com.kms.katalon.core.main.TestSuiteExecutor.execute(TestSuiteExecutor.java:106)&#xa;	at com.kms.katalon.core.main.TestCaseMain.startTestSuite(TestCaseMain.java:180)&#xa;	at com.kms.katalon.core.main.TestCaseMain$startTestSuite$0.call(Unknown Source)&#xa;	at TempTestSuite1706942546501.run(TempTestSuite1706942546501.groovy:36)&#xa;	at java.base/jdk.internal.reflect.NativeMethodAccessorImpl.invoke0(Native Method)&#xa;	at java.base/jdk.internal.reflect.NativeMethodAccessorImpl.invoke(NativeMethodAccessorImpl.java:77)&#xa;	at java.base/jdk.internal.reflect.DelegatingMethodAccessorImpl.invoke(DelegatingMethodAccessorImpl.java:43)&#xa;Caused by: com.kms.katalon.core.webui.exception.WebElementNotFoundException: Web element with id: 'Object Repository/Amazonaccount/Page_Amazon.com. Spend less. Smile more/span_Hello, sign in' located by '//span[@id='nav-link-accountList-nav-line-1']' not found&#xa;	at com.kms.katalon.core.webui.common.WebUiCommonHelper.findWebElement(WebUiCommonHelper.java:1379)&#xa;	at com.kms.katalon.core.webui.keyword.internal.WebUIAbstractKeyword.findWebElement(WebUIAbstractKeyword.groovy:27)&#xa;	at com.kms.katalon.core.webui.keyword.builtin.ClickKeyword$_click_closure1.doCall(ClickKeyword.groovy:65)&#xa;	at com.kms.katalon.core.webui.keyword.builtin.ClickKeyword$_click_closure1.call(ClickKeyword.groovy)&#xa;	at com.kms.katalon.core.webui.keyword.internal.WebUIKeywordMain.runKeyword(WebUIKeywordMain.groovy:20)&#xa;	... 22 more&#xa;"/>
         <system-out><![CDATA[03-02-2024T12:14:27 - [TEST_CASE][FAILED] - Test Cases/Test4: Test Cases/Test4 FAILED.
Reason:
com.kms.katalon.core.exception.StepFailedException: Unable to click on object 'Object Repository/Amazonaccount/Page_Amazon.com. Spend less. Smile more/span_Hello, sign in'
	at com.kms.katalon.core.webui.keyword.internal.WebUIKeywordMain.stepFailed(WebUIKeywordMain.groovy:64)
	at com.kms.katalon.core.webui.keyword.internal.WebUIKeywordMain.runKeyword(WebUIKeywordMain.groovy:26)
	at com.kms.katalon.core.webui.keyword.builtin.ClickKeyword.click(ClickKeyword.groovy:74)
	at com.kms.katalon.core.webui.keyword.builtin.ClickKeyword.execute(ClickKeyword.groovy:40)
	at com.kms.katalon.core.keyword.internal.KeywordExecutor.executeKeywordForPlatform(KeywordExecutor.groovy:74)
	at com.kms.katalon.core.webui.keyword.WebUiBuiltInKeywords.click(WebUiBuiltInKeywords.groovy:659)
	at com.kms.katalon.core.webui.keyword.WebUiBuiltInKeywords$click$1.call(Unknown Source)
	at Test4.run(Test4:22)
	at com.kms.katalon.core.main.ScriptEngine.run(ScriptEngine.java:194)
	at com.kms.katalon.core.main.ScriptEngine.runScriptAsRawText(ScriptEngine.java:119)
	at com.kms.katalon.core.main.TestCaseExecutor.runScript(TestCaseExecutor.java:448)
	at com.kms.katalon.core.main.TestCaseExecutor.doExecute(TestCaseExecutor.java:439)
	at com.kms.katalon.core.main.TestCaseExecutor.processExecutionPhase(TestCaseExecutor.java:418)
	at com.kms.katalon.core.main.TestCaseExecutor.accessMainPhase(TestCaseExecutor.java:410)
	at com.kms.katalon.core.main.TestCaseExecutor.execute(TestCaseExecutor.java:285)
	at com.kms.katalon.core.common.CommonExecutor.accessTestCaseMainPhase(CommonExecutor.java:65)
	at com.kms.katalon.core.main.TestSuiteExecutor.accessTestSuiteMainPhase(TestSuiteExecutor.java:148)
	at com.kms.katalon.core.main.TestSuiteExecutor.execute(TestSuiteExecutor.java:106)
	at com.kms.katalon.core.main.TestCaseMain.startTestSuite(TestCaseMain.java:180)
	at com.kms.katalon.core.main.TestCaseMain$startTestSuite$0.call(Unknown Source)
	at TempTestSuite1706942546501.run(TempTestSuite1706942546501.groovy:36)
	at java.base/jdk.internal.reflect.NativeMethodAccessorImpl.invoke0(Native Method)
	at java.base/jdk.internal.reflect.NativeMethodAccessorImpl.invoke(NativeMethodAccessorImpl.java:77)
	at java.base/jdk.internal.reflect.DelegatingMethodAccessorImpl.invoke(DelegatingMethodAccessorImpl.java:43)
Caused by: com.kms.katalon.core.webui.exception.WebElementNotFoundException: Web element with id: 'Object Repository/Amazonaccount/Page_Amazon.com. Spend less. Smile more/span_Hello, sign in' located by '//span[@id='nav-link-accountList-nav-line-1']' not found
	at com.kms.katalon.core.webui.common.WebUiCommonHelper.findWebElement(WebUiCommonHelper.java:1379)
	at com.kms.katalon.core.webui.keyword.internal.WebUIAbstractKeyword.findWebElement(WebUIAbstractKeyword.groovy:27)
	at com.kms.katalon.core.webui.keyword.builtin.ClickKeyword$_click_closure1.doCall(ClickKeyword.groovy:65)
	at com.kms.katalon.core.webui.keyword.builtin.ClickKeyword$_click_closure1.call(ClickKeyword.groovy)
	at com.kms.katalon.core.webui.keyword.internal.WebUIKeywordMain.runKeyword(WebUIKeywordMain.groovy:20)
	... 22 more


03-02-2024T12:14:27 - [TEST_STEP][PASSED] - Start listener action : sampleBeforeTestCase: Navigate to 'https://www.amazon.com/delay/' successfully

03-02-2024T12:14:27 - [TEST_STEP][PASSED] - openBrowser(""): Browser is opened with url: ''

03-02-2024T12:14:28 - [MESSAGE][INFO] - Starting 'Edge Chromium' driver

03-02-2024T12:14:28 - [MESSAGE][INFO] - Action delay is set to 0 milliseconds

03-02-2024T12:14:31 - [MESSAGE][PASSED] - Browser is opened with url: ''

03-02-2024T12:14:31 - [TEST_STEP][PASSED] - navigateToUrl("https://www.amazon.com/delay/"): Navigate to 'https://www.amazon.com/delay/' successfully

03-02-2024T12:14:32 - [MESSAGE][PASSED] - Navigate to 'https://www.amazon.com/delay/' successfully

03-02-2024T12:14:32 - [TEST_STEP][PASSED] - click(findTestObject("Object Repository/Amazonaccount/Page_Amazon.com Page Not Found/img")): Object: 'Object Repository/Amazonaccount/Page_Amazon.com Page Not Found/img' is clicked on

03-02-2024T12:14:34 - [MESSAGE][PASSED] - Object: 'Object Repository/Amazonaccount/Page_Amazon.com Page Not Found/img' is clicked on

03-02-2024T12:14:34 - [TEST_STEP][FAILED] - click(findTestObject("Object Repository/Amazonaccount/Page_Amazon.com. Spend less. Smile more/span_Hello, sign in")): Unable to click on object 'Object Repository/Amazonaccount/Page_Amazon.com. Spend less. Smile more/span_Hello, sign in' (Root cause: com.kms.katalon.core.exception.StepFailedException: Unable to click on object 'Object Repository/Amazonaccount/Page_Amazon.com. Spend less. Smile more/span_Hello, sign in'
	at com.kms.katalon.core.webui.keyword.internal.WebUIKeywordMain.stepFailed(WebUIKeywordMain.groovy:64)
	at com.kms.katalon.core.webui.keyword.internal.WebUIKeywordMain.runKeyword(WebUIKeywordMain.groovy:26)
	at com.kms.katalon.core.webui.keyword.builtin.ClickKeyword.click(ClickKeyword.groovy:74)
	at com.kms.katalon.core.webui.keyword.builtin.ClickKeyword.execute(ClickKeyword.groovy:40)
	at com.kms.katalon.core.keyword.internal.KeywordExecutor.executeKeywordForPlatform(KeywordExecutor.groovy:74)
	at com.kms.katalon.core.webui.keyword.WebUiBuiltInKeywords.click(WebUiBuiltInKeywords.groovy:659)
	at com.kms.katalon.core.webui.keyword.WebUiBuiltInKeywords$click$1.call(Unknown Source)
	at Test4.run(Test4:22)
	at com.kms.katalon.core.main.ScriptEngine.run(ScriptEngine.java:194)
	at com.kms.katalon.core.main.ScriptEngine.runScriptAsRawText(ScriptEngine.java:119)
	at com.kms.katalon.core.main.TestCaseExecutor.runScript(TestCaseExecutor.java:448)
	at com.kms.katalon.core.main.TestCaseExecutor.doExecute(TestCaseExecutor.java:439)
	at com.kms.katalon.core.main.TestCaseExecutor.processExecutionPhase(TestCaseExecutor.java:418)
	at com.kms.katalon.core.main.TestCaseExecutor.accessMainPhase(TestCaseExecutor.java:410)
	at com.kms.katalon.core.main.TestCaseExecutor.execute(TestCaseExecutor.java:285)
	at com.kms.katalon.core.common.CommonExecutor.accessTestCaseMainPhase(CommonExecutor.java:65)
	at com.kms.katalon.core.main.TestSuiteExecutor.accessTestSuiteMainPhase(TestSuiteExecutor.java:148)
	at com.kms.katalon.core.main.TestSuiteExecutor.execute(TestSuiteExecutor.java:106)
	at com.kms.katalon.core.main.TestCaseMain.startTestSuite(TestCaseMain.java:180)
	at com.kms.katalon.core.main.TestCaseMain$startTestSuite$0.call(Unknown Source)
	at TempTestSuite1706942546501.run(TempTestSuite1706942546501.groovy:36)
	at java.base/jdk.internal.reflect.NativeMethodAccessorImpl.invoke0(Native Method)
	at java.base/jdk.internal.reflect.NativeMethodAccessorImpl.invoke(NativeMethodAccessorImpl.java:77)
	at java.base/jdk.internal.reflect.DelegatingMethodAccessorImpl.invoke(DelegatingMethodAccessorImpl.java:43)
Caused by: com.kms.katalon.core.webui.exception.WebElementNotFoundException: Web element with id: 'Object Repository/Amazonaccount/Page_Amazon.com. Spend less. Smile more/span_Hello, sign in' located by '//span[@id='nav-link-accountList-nav-line-1']' not found
	at com.kms.katalon.core.webui.common.WebUiCommonHelper.findWebElement(WebUiCommonHelper.java:1379)
	at com.kms.katalon.core.webui.keyword.internal.WebUIAbstractKeyword.findWebElement(WebUIAbstractKeyword.groovy:27)
	at com.kms.katalon.core.webui.keyword.builtin.ClickKeyword$_click_closure1.doCall(ClickKeyword.groovy:65)
	at com.kms.katalon.core.webui.keyword.builtin.ClickKeyword$_click_closure1.call(ClickKeyword.groovy)
	at com.kms.katalon.core.webui.keyword.internal.WebUIKeywordMain.runKeyword(WebUIKeywordMain.groovy:20)
	at com.kms.katalon.core.webui.keyword.builtin.ClickKeyword.click(ClickKeyword.groovy:74)
	at com.kms.katalon.core.webui.keyword.builtin.ClickKeyword.execute(ClickKeyword.groovy:40)
	at com.kms.katalon.core.keyword.internal.KeywordExecutor.executeKeywordForPlatform(KeywordExecutor.groovy:74)
	at com.kms.katalon.core.webui.keyword.WebUiBuiltInKeywords.click(WebUiBuiltInKeywords.groovy:659)
	at com.kms.katalon.core.webui.keyword.WebUiBuiltInKeywords$click$1.call(Unknown Source)
	at Script1706601597652.run(Script1706601597652.groovy:22)
	... 16 more
)

03-02-2024T12:15:05 - [MESSAGE][INFO] - Unable to find the element located by 'By.xpath: //span[@id='nav-link-accountList-nav-line-1']'. Please recheck the objects properties to make sure the desired element is located. 

03-02-2024T12:15:05 - [MESSAGE][WARNING] - [SELF-HEALING] Failed to find element with id 'Object Repository/Amazonaccount/Page_Amazon.com. Spend less. Smile more/span_Hello, sign in'. Try using Self-healing.

03-02-2024T12:15:06 - [MESSAGE][INFO] - [SELF-HEALING] Failed Locator: '//span[@id='nav-link-accountList-nav-line-1']'.

03-02-2024T12:15:06 - [MESSAGE][INFO] - [SELF-HEALING] Failed Locator: '//a[@id='nav-link-accountList']/div/span'.

03-02-2024T12:15:07 - [MESSAGE][INFO] - [SELF-HEALING] Failed Locator: '//a[2]/div/span'.

03-02-2024T12:15:07 - [MESSAGE][INFO] - [SELF-HEALING] Failed Locator: '//span[@id = 'nav-link-accountList-nav-line-1' and (text() = 'Hello, sign in' or . = 'Hello, sign in')]'.

03-02-2024T12:15:09 - [MESSAGE][INFO] - Unable to find the element located by 'By.xpath: //*[@id = 'nav-link-accountList-nav-line-1' and (text() = 'Hello, sign in' or . = 'Hello, sign in')]'. Please recheck the objects properties to make sure the desired element is located. 

03-02-2024T12:15:11 - [MESSAGE][INFO] - Unable to find the element located by 'By.cssSelector: #nav-link-accountList-nav-line-1'. Please recheck the objects properties to make sure the desired element is located. 

03-02-2024T12:15:12 - [MESSAGE][FAILED] - Unable to click on object 'Object Repository/Amazonaccount/Page_Amazon.com. Spend less. Smile more/span_Hello, sign in' (Root cause: com.kms.katalon.core.exception.StepFailedException: Unable to click on object 'Object Repository/Amazonaccount/Page_Amazon.com. Spend less. Smile more/span_Hello, sign in'
	at com.kms.katalon.core.webui.keyword.internal.WebUIKeywordMain.stepFailed(WebUIKeywordMain.groovy:64)
	at com.kms.katalon.core.webui.keyword.internal.WebUIKeywordMain.runKeyword(WebUIKeywordMain.groovy:26)
	at com.kms.katalon.core.webui.keyword.builtin.ClickKeyword.click(ClickKeyword.groovy:74)
	at com.kms.katalon.core.webui.keyword.builtin.ClickKeyword.execute(ClickKeyword.groovy:40)
	at com.kms.katalon.core.keyword.internal.KeywordExecutor.executeKeywordForPlatform(KeywordExecutor.groovy:74)
	at com.kms.katalon.core.webui.keyword.WebUiBuiltInKeywords.click(WebUiBuiltInKeywords.groovy:659)
	at com.kms.katalon.core.webui.keyword.WebUiBuiltInKeywords$click$1.call(Unknown Source)
	at Test4.run(Test4:22)
	at com.kms.katalon.core.main.ScriptEngine.run(ScriptEngine.java:194)
	at com.kms.katalon.core.main.ScriptEngine.runScriptAsRawText(ScriptEngine.java:119)
	at com.kms.katalon.core.main.TestCaseExecutor.runScript(TestCaseExecutor.java:448)
	at com.kms.katalon.core.main.TestCaseExecutor.doExecute(TestCaseExecutor.java:439)
	at com.kms.katalon.core.main.TestCaseExecutor.processExecutionPhase(TestCaseExecutor.java:418)
	at com.kms.katalon.core.main.TestCaseExecutor.accessMainPhase(TestCaseExecutor.java:410)
	at com.kms.katalon.core.main.TestCaseExecutor.execute(TestCaseExecutor.java:285)
	at com.kms.katalon.core.common.CommonExecutor.accessTestCaseMainPhase(CommonExecutor.java:65)
	at com.kms.katalon.core.main.TestSuiteExecutor.accessTestSuiteMainPhase(TestSuiteExecutor.java:148)
	at com.kms.katalon.core.main.TestSuiteExecutor.execute(TestSuiteExecutor.java:106)
	at com.kms.katalon.core.main.TestCaseMain.startTestSuite(TestCaseMain.java:180)
	at com.kms.katalon.core.main.TestCaseMain$startTestSuite$0.call(Unknown Source)
	at TempTestSuite1706942546501.run(TempTestSuite1706942546501.groovy:36)
	at java.base/jdk.internal.reflect.NativeMethodAccessorImpl.invoke0(Native Method)
	at java.base/jdk.internal.reflect.NativeMethodAccessorImpl.invoke(NativeMethodAccessorImpl.java:77)
	at java.base/jdk.internal.reflect.DelegatingMethodAccessorImpl.invoke(DelegatingMethodAccessorImpl.java:43)
Caused by: com.kms.katalon.core.webui.exception.WebElementNotFoundException: Web element with id: 'Object Repository/Amazonaccount/Page_Amazon.com. Spend less. Smile more/span_Hello, sign in' located by '//span[@id='nav-link-accountList-nav-line-1']' not found
	at com.kms.katalon.core.webui.common.WebUiCommonHelper.findWebElement(WebUiCommonHelper.java:1379)
	at com.kms.katalon.core.webui.keyword.internal.WebUIAbstractKeyword.findWebElement(WebUIAbstractKeyword.groovy:27)
	at com.kms.katalon.core.webui.keyword.builtin.ClickKeyword$_click_closure1.doCall(ClickKeyword.groovy:65)
	at com.kms.katalon.core.webui.keyword.builtin.ClickKeyword$_click_closure1.call(ClickKeyword.groovy)
	at com.kms.katalon.core.webui.keyword.internal.WebUIKeywordMain.runKeyword(WebUIKeywordMain.groovy:20)
	at com.kms.katalon.core.webui.keyword.builtin.ClickKeyword.click(ClickKeyword.groovy:74)
	at com.kms.katalon.core.webui.keyword.builtin.ClickKeyword.execute(ClickKeyword.groovy:40)
	at com.kms.katalon.core.keyword.internal.KeywordExecutor.executeKeywordForPlatform(KeywordExecutor.groovy:74)
	at com.kms.katalon.core.webui.keyword.WebUiBuiltInKeywords.click(WebUiBuiltInKeywords.groovy:659)
	at com.kms.katalon.core.webui.keyword.WebUiBuiltInKeywords$click$1.call(Unknown Source)
	at Script1706601597652.run(Script1706601597652.groovy:22)
	... 16 more
)
[[ATTACHMENT|C:\\Users\\hp\\git\\SI-GuidedProject-705449-1706164315\\Reports\\20240203_121150\\Amazonaccount\\20240203_121226\\1706942711583.png]]

03-02-2024T12:15:12 - [TEST_STEP][PASSED] - Start listener action : sampleAfterTestCase: Browser is closed

03-02-2024T12:15:12 - [TEST_STEP][PASSED] - closeBrowser(): Browser is closed

03-02-2024T12:15:13 - [MESSAGE][PASSED] - Browser is closed]]></system-out>
         <system-err><![CDATA[03-02-2024T12:14:27 - [TEST_CASE][FAILED] - Test Cases/Test4: Test Cases/Test4 FAILED.
Reason:
com.kms.katalon.core.exception.StepFailedException: Unable to click on object 'Object Repository/Amazonaccount/Page_Amazon.com. Spend less. Smile more/span_Hello, sign in'
	at com.kms.katalon.core.webui.keyword.internal.WebUIKeywordMain.stepFailed(WebUIKeywordMain.groovy:64)
	at com.kms.katalon.core.webui.keyword.internal.WebUIKeywordMain.runKeyword(WebUIKeywordMain.groovy:26)
	at com.kms.katalon.core.webui.keyword.builtin.ClickKeyword.click(ClickKeyword.groovy:74)
	at com.kms.katalon.core.webui.keyword.builtin.ClickKeyword.execute(ClickKeyword.groovy:40)
	at com.kms.katalon.core.keyword.internal.KeywordExecutor.executeKeywordForPlatform(KeywordExecutor.groovy:74)
	at com.kms.katalon.core.webui.keyword.WebUiBuiltInKeywords.click(WebUiBuiltInKeywords.groovy:659)
	at com.kms.katalon.core.webui.keyword.WebUiBuiltInKeywords$click$1.call(Unknown Source)
	at Test4.run(Test4:22)
	at com.kms.katalon.core.main.ScriptEngine.run(ScriptEngine.java:194)
	at com.kms.katalon.core.main.ScriptEngine.runScriptAsRawText(ScriptEngine.java:119)
	at com.kms.katalon.core.main.TestCaseExecutor.runScript(TestCaseExecutor.java:448)
	at com.kms.katalon.core.main.TestCaseExecutor.doExecute(TestCaseExecutor.java:439)
	at com.kms.katalon.core.main.TestCaseExecutor.processExecutionPhase(TestCaseExecutor.java:418)
	at com.kms.katalon.core.main.TestCaseExecutor.accessMainPhase(TestCaseExecutor.java:410)
	at com.kms.katalon.core.main.TestCaseExecutor.execute(TestCaseExecutor.java:285)
	at com.kms.katalon.core.common.CommonExecutor.accessTestCaseMainPhase(CommonExecutor.java:65)
	at com.kms.katalon.core.main.TestSuiteExecutor.accessTestSuiteMainPhase(TestSuiteExecutor.java:148)
	at com.kms.katalon.core.main.TestSuiteExecutor.execute(TestSuiteExecutor.java:106)
	at com.kms.katalon.core.main.TestCaseMain.startTestSuite(TestCaseMain.java:180)
	at com.kms.katalon.core.main.TestCaseMain$startTestSuite$0.call(Unknown Source)
	at TempTestSuite1706942546501.run(TempTestSuite1706942546501.groovy:36)
	at java.base/jdk.internal.reflect.NativeMethodAccessorImpl.invoke0(Native Method)
	at java.base/jdk.internal.reflect.NativeMethodAccessorImpl.invoke(NativeMethodAccessorImpl.java:77)
	at java.base/jdk.internal.reflect.DelegatingMethodAccessorImpl.invoke(DelegatingMethodAccessorImpl.java:43)
Caused by: com.kms.katalon.core.webui.exception.WebElementNotFoundException: Web element with id: 'Object Repository/Amazonaccount/Page_Amazon.com. Spend less. Smile more/span_Hello, sign in' located by '//span[@id='nav-link-accountList-nav-line-1']' not found
	at com.kms.katalon.core.webui.common.WebUiCommonHelper.findWebElement(WebUiCommonHelper.java:1379)
	at com.kms.katalon.core.webui.keyword.internal.WebUIAbstractKeyword.findWebElement(WebUIAbstractKeyword.groovy:27)
	at com.kms.katalon.core.webui.keyword.builtin.ClickKeyword$_click_closure1.doCall(ClickKeyword.groovy:65)
	at com.kms.katalon.core.webui.keyword.builtin.ClickKeyword$_click_closure1.call(ClickKeyword.groovy)
	at com.kms.katalon.core.webui.keyword.internal.WebUIKeywordMain.runKeyword(WebUIKeywordMain.groovy:20)
	... 22 more]]></system-err>
      </testcase>
      <system-out><![CDATA[03-02-2024T12:14:26 - [TEST_SUITE][FAILED] - Amazonaccount: Test Cases/Test4 FAILED.
Reason:
com.kms.katalon.core.exception.StepFailedException: Unable to click on object 'Object Repository/Amazonaccount/Page_Amazon.com. Spend less. Smile more/span_Hello, sign in'
	at com.kms.katalon.core.webui.keyword.internal.WebUIKeywordMain.stepFailed(WebUIKeywordMain.groovy:64)
	at com.kms.katalon.core.webui.keyword.internal.WebUIKeywordMain.runKeyword(WebUIKeywordMain.groovy:26)
	at com.kms.katalon.core.webui.keyword.builtin.ClickKeyword.click(ClickKeyword.groovy:74)
	at com.kms.katalon.core.webui.keyword.builtin.ClickKeyword.execute(ClickKeyword.groovy:40)
	at com.kms.katalon.core.keyword.internal.KeywordExecutor.executeKeywordForPlatform(KeywordExecutor.groovy:74)
	at com.kms.katalon.core.webui.keyword.WebUiBuiltInKeywords.click(WebUiBuiltInKeywords.groovy:659)
	at com.kms.katalon.core.webui.keyword.WebUiBuiltInKeywords$click$1.call(Unknown Source)
	at Test4.run(Test4:22)
	at com.kms.katalon.core.main.ScriptEngine.run(ScriptEngine.java:194)
	at com.kms.katalon.core.main.ScriptEngine.runScriptAsRawText(ScriptEngine.java:119)
	at com.kms.katalon.core.main.TestCaseExecutor.runScript(TestCaseExecutor.java:448)
	at com.kms.katalon.core.main.TestCaseExecutor.doExecute(TestCaseExecutor.java:439)
	at com.kms.katalon.core.main.TestCaseExecutor.processExecutionPhase(TestCaseExecutor.java:418)
	at com.kms.katalon.core.main.TestCaseExecutor.accessMainPhase(TestCaseExecutor.java:410)
	at com.kms.katalon.core.main.TestCaseExecutor.execute(TestCaseExecutor.java:285)
	at com.kms.katalon.core.common.CommonExecutor.accessTestCaseMainPhase(CommonExecutor.java:65)
	at com.kms.katalon.core.main.TestSuiteExecutor.accessTestSuiteMainPhase(TestSuiteExecutor.java:148)
	at com.kms.katalon.core.main.TestSuiteExecutor.execute(TestSuiteExecutor.java:106)
	at com.kms.katalon.core.main.TestCaseMain.startTestSuite(TestCaseMain.java:180)
	at com.kms.katalon.core.main.TestCaseMain$startTestSuite$0.call(Unknown Source)
	at TempTestSuite1706942546501.run(TempTestSuite1706942546501.groovy:36)
	at java.base/jdk.internal.reflect.NativeMethodAccessorImpl.invoke0(Native Method)
	at java.base/jdk.internal.reflect.NativeMethodAccessorImpl.invoke(NativeMethodAccessorImpl.java:77)
	at java.base/jdk.internal.reflect.DelegatingMethodAccessorImpl.invoke(DelegatingMethodAccessorImpl.java:43)
Caused by: com.kms.katalon.core.webui.exception.WebElementNotFoundException: Web element with id: 'Object Repository/Amazonaccount/Page_Amazon.com. Spend less. Smile more/span_Hello, sign in' located by '//span[@id='nav-link-accountList-nav-line-1']' not found
	at com.kms.katalon.core.webui.common.WebUiCommonHelper.findWebElement(WebUiCommonHelper.java:1379)
	at com.kms.katalon.core.webui.keyword.internal.WebUIAbstractKeyword.findWebElement(WebUIAbstractKeyword.groovy:27)
	at com.kms.katalon.core.webui.keyword.builtin.ClickKeyword$_click_closure1.doCall(ClickKeyword.groovy:65)
	at com.kms.katalon.core.webui.keyword.builtin.ClickKeyword$_click_closure1.call(ClickKeyword.groovy)
	at com.kms.katalon.core.webui.keyword.internal.WebUIKeywordMain.runKeyword(WebUIKeywordMain.groovy:20)
	... 22 more]]></system-out>
      <system-err><![CDATA[03-02-2024T12:14:26 - [TEST_SUITE][FAILED] - Amazonaccount: Test Cases/Test4 FAILED.
Reason:
com.kms.katalon.core.exception.StepFailedException: Unable to click on object 'Object Repository/Amazonaccount/Page_Amazon.com. Spend less. Smile more/span_Hello, sign in'
	at com.kms.katalon.core.webui.keyword.internal.WebUIKeywordMain.stepFailed(WebUIKeywordMain.groovy:64)
	at com.kms.katalon.core.webui.keyword.internal.WebUIKeywordMain.runKeyword(WebUIKeywordMain.groovy:26)
	at com.kms.katalon.core.webui.keyword.builtin.ClickKeyword.click(ClickKeyword.groovy:74)
	at com.kms.katalon.core.webui.keyword.builtin.ClickKeyword.execute(ClickKeyword.groovy:40)
	at com.kms.katalon.core.keyword.internal.KeywordExecutor.executeKeywordForPlatform(KeywordExecutor.groovy:74)
	at com.kms.katalon.core.webui.keyword.WebUiBuiltInKeywords.click(WebUiBuiltInKeywords.groovy:659)
	at com.kms.katalon.core.webui.keyword.WebUiBuiltInKeywords$click$1.call(Unknown Source)
	at Test4.run(Test4:22)
	at com.kms.katalon.core.main.ScriptEngine.run(ScriptEngine.java:194)
	at com.kms.katalon.core.main.ScriptEngine.runScriptAsRawText(ScriptEngine.java:119)
	at com.kms.katalon.core.main.TestCaseExecutor.runScript(TestCaseExecutor.java:448)
	at com.kms.katalon.core.main.TestCaseExecutor.doExecute(TestCaseExecutor.java:439)
	at com.kms.katalon.core.main.TestCaseExecutor.processExecutionPhase(TestCaseExecutor.java:418)
	at com.kms.katalon.core.main.TestCaseExecutor.accessMainPhase(TestCaseExecutor.java:410)
	at com.kms.katalon.core.main.TestCaseExecutor.execute(TestCaseExecutor.java:285)
	at com.kms.katalon.core.common.CommonExecutor.accessTestCaseMainPhase(CommonExecutor.java:65)
	at com.kms.katalon.core.main.TestSuiteExecutor.accessTestSuiteMainPhase(TestSuiteExecutor.java:148)
	at com.kms.katalon.core.main.TestSuiteExecutor.execute(TestSuiteExecutor.java:106)
	at com.kms.katalon.core.main.TestCaseMain.startTestSuite(TestCaseMain.java:180)
	at com.kms.katalon.core.main.TestCaseMain$startTestSuite$0.call(Unknown Source)
	at TempTestSuite1706942546501.run(TempTestSuite1706942546501.groovy:36)
	at java.base/jdk.internal.reflect.NativeMethodAccessorImpl.invoke0(Native Method)
	at java.base/jdk.internal.reflect.NativeMethodAccessorImpl.invoke(NativeMethodAccessorImpl.java:77)
	at java.base/jdk.internal.reflect.DelegatingMethodAccessorImpl.invoke(DelegatingMethodAccessorImpl.java:43)
Caused by: com.kms.katalon.core.webui.exception.WebElementNotFoundException: Web element with id: 'Object Repository/Amazonaccount/Page_Amazon.com. Spend less. Smile more/span_Hello, sign in' located by '//span[@id='nav-link-accountList-nav-line-1']' not found
	at com.kms.katalon.core.webui.common.WebUiCommonHelper.findWebElement(WebUiCommonHelper.java:1379)
	at com.kms.katalon.core.webui.keyword.internal.WebUIAbstractKeyword.findWebElement(WebUIAbstractKeyword.groovy:27)
	at com.kms.katalon.core.webui.keyword.builtin.ClickKeyword$_click_closure1.doCall(ClickKeyword.groovy:65)
	at com.kms.katalon.core.webui.keyword.builtin.ClickKeyword$_click_closure1.call(ClickKeyword.groovy)
	at com.kms.katalon.core.webui.keyword.internal.WebUIKeywordMain.runKeyword(WebUIKeywordMain.groovy:20)
	... 22 more]]></system-err>
   </testsuite>
   <testsuite name="AmazonLogin" tests="1" failures="1" errors="0" time="43.517" skipped="0" timestamp="03-02-2024T12:15:21" hostname="hp - 192.168.2.4" id="Test Suites/AmazonLogin">
      <properties>
         <property name="deviceName" value=""/>
         <property name="devicePlatform" value=""/>
         <property name="logFolder" value="C:\\Users\\hp\\git\\SI-GuidedProject-705449-1706164315\\Reports\\20240203_121150\\AmazonLogin\\20240203_121238"/>
         <property name="logFiles" value="C:\\Users\\hp\\git\\SI-GuidedProject-705449-1706164315\\Reports\\20240203_121150\\AmazonLogin\\20240203_121238\\execution0.log"/>
         <property name="attachments" value="C:\\Users\\hp\\git\\SI-GuidedProject-705449-1706164315\\Reports\\20240203_121150\\AmazonLogin\\20240203_121238\\1706942763760.png"/>
         <property name="hostName" value="hp - 192.168.2.4"/>
         <property name="os" value="Windows 11 64bit"/>
         <property name="katalonVersion" value="9.3.0.212"/>
         <property name="browser" value="Edge Chromium 121"/>
         <property name="hostAddress" value="192.168.2.4"/>
         <property name="sessionId" value="f48f9a449efd35cc50bd7f1decb7adff"/>
         <property name="seleniumVersion" value="3.141.59"/>
         <property name="proxyInformation" value="ProxyInformation { proxyOption=NO_PROXY, proxyServerType=HTTP, username=, password=********, proxyServerAddress=, proxyServerPort=0, executionList=&quot;&quot;, isApplyToDesiredCapabilities=true }"/>
         <property name="platform" value="Windows 11"/>
      </properties>
      <testcase name="Test Cases/Test1" time="43.255" classname="Test Cases/Test1" status="FAILED">
         <failure type="FAILED" message="Test Cases/Test1 FAILED.&#xa;Reason:&#xa;com.kms.katalon.core.exception.StepFailedException: Unable to click on object 'Object Repository/AmazonLogin/Page_Amazon.com. Spend less. Smile more/span_Hello, sign in'&#xa;	at com.kms.katalon.core.webui.keyword.internal.WebUIKeywordMain.stepFailed(WebUIKeywordMain.groovy:64)&#xa;	at com.kms.katalon.core.webui.keyword.internal.WebUIKeywordMain.runKeyword(WebUIKeywordMain.groovy:26)&#xa;	at com.kms.katalon.core.webui.keyword.builtin.ClickKeyword.click(ClickKeyword.groovy:74)&#xa;	at com.kms.katalon.core.webui.keyword.builtin.ClickKeyword.execute(ClickKeyword.groovy:40)&#xa;	at com.kms.katalon.core.keyword.internal.KeywordExecutor.executeKeywordForPlatform(KeywordExecutor.groovy:74)&#xa;	at com.kms.katalon.core.webui.keyword.WebUiBuiltInKeywords.click(WebUiBuiltInKeywords.groovy:659)&#xa;	at com.kms.katalon.core.webui.keyword.WebUiBuiltInKeywords$click$1.call(Unknown Source)&#xa;	at Test1.run(Test1:22)&#xa;	at com.kms.katalon.core.main.ScriptEngine.run(ScriptEngine.java:194)&#xa;	at com.kms.katalon.core.main.ScriptEngine.runScriptAsRawText(ScriptEngine.java:119)&#xa;	at com.kms.katalon.core.main.TestCaseExecutor.runScript(TestCaseExecutor.java:448)&#xa;	at com.kms.katalon.core.main.TestCaseExecutor.doExecute(TestCaseExecutor.java:439)&#xa;	at com.kms.katalon.core.main.TestCaseExecutor.processExecutionPhase(TestCaseExecutor.java:418)&#xa;	at com.kms.katalon.core.main.TestCaseExecutor.accessMainPhase(TestCaseExecutor.java:410)&#xa;	at com.kms.katalon.core.main.TestCaseExecutor.execute(TestCaseExecutor.java:285)&#xa;	at com.kms.katalon.core.common.CommonExecutor.accessTestCaseMainPhase(CommonExecutor.java:65)&#xa;	at com.kms.katalon.core.main.TestSuiteExecutor.accessTestSuiteMainPhase(TestSuiteExecutor.java:148)&#xa;	at com.kms.katalon.core.main.TestSuiteExecutor.execute(TestSuiteExecutor.java:106)&#xa;	at com.kms.katalon.core.main.TestCaseMain.startTestSuite(TestCaseMain.java:180)&#xa;	at com.kms.katalon.core.main.TestCaseMain$startTestSuite$0.call(Unknown Source)&#xa;	at TempTestSuite1706942558189.run(TempTestSuite1706942558189.groovy:36)&#xa;	at java.base/jdk.internal.reflect.NativeMethodAccessorImpl.invoke0(Native Method)&#xa;	at java.base/jdk.internal.reflect.NativeMethodAccessorImpl.invoke(NativeMethodAccessorImpl.java:77)&#xa;	at java.base/jdk.internal.reflect.DelegatingMethodAccessorImpl.invoke(DelegatingMethodAccessorImpl.java:43)&#xa;Caused by: com.kms.katalon.core.webui.exception.WebElementNotFoundException: Web element with id: 'Object Repository/AmazonLogin/Page_Amazon.com. Spend less. Smile more/span_Hello, sign in' located by '//span[@id='nav-link-accountList-nav-line-1']' not found&#xa;	at com.kms.katalon.core.webui.common.WebUiCommonHelper.findWebElement(WebUiCommonHelper.java:1379)&#xa;	at com.kms.katalon.core.webui.keyword.internal.WebUIAbstractKeyword.findWebElement(WebUIAbstractKeyword.groovy:27)&#xa;	at com.kms.katalon.core.webui.keyword.builtin.ClickKeyword$_click_closure1.doCall(ClickKeyword.groovy:65)&#xa;	at com.kms.katalon.core.webui.keyword.builtin.ClickKeyword$_click_closure1.call(ClickKeyword.groovy)&#xa;	at com.kms.katalon.core.webui.keyword.internal.WebUIKeywordMain.runKeyword(WebUIKeywordMain.groovy:20)&#xa;	... 22 more&#xa;"/>
         <system-out><![CDATA[03-02-2024T12:15:22 - [TEST_CASE][FAILED] - Test Cases/Test1: Test Cases/Test1 FAILED.
Reason:
com.kms.katalon.core.exception.StepFailedException: Unable to click on object 'Object Repository/AmazonLogin/Page_Amazon.com. Spend less. Smile more/span_Hello, sign in'
	at com.kms.katalon.core.webui.keyword.internal.WebUIKeywordMain.stepFailed(WebUIKeywordMain.groovy:64)
	at com.kms.katalon.core.webui.keyword.internal.WebUIKeywordMain.runKeyword(WebUIKeywordMain.groovy:26)
	at com.kms.katalon.core.webui.keyword.builtin.ClickKeyword.click(ClickKeyword.groovy:74)
	at com.kms.katalon.core.webui.keyword.builtin.ClickKeyword.execute(ClickKeyword.groovy:40)
	at com.kms.katalon.core.keyword.internal.KeywordExecutor.executeKeywordForPlatform(KeywordExecutor.groovy:74)
	at com.kms.katalon.core.webui.keyword.WebUiBuiltInKeywords.click(WebUiBuiltInKeywords.groovy:659)
	at com.kms.katalon.core.webui.keyword.WebUiBuiltInKeywords$click$1.call(Unknown Source)
	at Test1.run(Test1:22)
	at com.kms.katalon.core.main.ScriptEngine.run(ScriptEngine.java:194)
	at com.kms.katalon.core.main.ScriptEngine.runScriptAsRawText(ScriptEngine.java:119)
	at com.kms.katalon.core.main.TestCaseExecutor.runScript(TestCaseExecutor.java:448)
	at com.kms.katalon.core.main.TestCaseExecutor.doExecute(TestCaseExecutor.java:439)
	at com.kms.katalon.core.main.TestCaseExecutor.processExecutionPhase(TestCaseExecutor.java:418)
	at com.kms.katalon.core.main.TestCaseExecutor.accessMainPhase(TestCaseExecutor.java:410)
	at com.kms.katalon.core.main.TestCaseExecutor.execute(TestCaseExecutor.java:285)
	at com.kms.katalon.core.common.CommonExecutor.accessTestCaseMainPhase(CommonExecutor.java:65)
	at com.kms.katalon.core.main.TestSuiteExecutor.accessTestSuiteMainPhase(TestSuiteExecutor.java:148)
	at com.kms.katalon.core.main.TestSuiteExecutor.execute(TestSuiteExecutor.java:106)
	at com.kms.katalon.core.main.TestCaseMain.startTestSuite(TestCaseMain.java:180)
	at com.kms.katalon.core.main.TestCaseMain$startTestSuite$0.call(Unknown Source)
	at TempTestSuite1706942558189.run(TempTestSuite1706942558189.groovy:36)
	at java.base/jdk.internal.reflect.NativeMethodAccessorImpl.invoke0(Native Method)
	at java.base/jdk.internal.reflect.NativeMethodAccessorImpl.invoke(NativeMethodAccessorImpl.java:77)
	at java.base/jdk.internal.reflect.DelegatingMethodAccessorImpl.invoke(DelegatingMethodAccessorImpl.java:43)
Caused by: com.kms.katalon.core.webui.exception.WebElementNotFoundException: Web element with id: 'Object Repository/AmazonLogin/Page_Amazon.com. Spend less. Smile more/span_Hello, sign in' located by '//span[@id='nav-link-accountList-nav-line-1']' not found
	at com.kms.katalon.core.webui.common.WebUiCommonHelper.findWebElement(WebUiCommonHelper.java:1379)
	at com.kms.katalon.core.webui.keyword.internal.WebUIAbstractKeyword.findWebElement(WebUIAbstractKeyword.groovy:27)
	at com.kms.katalon.core.webui.keyword.builtin.ClickKeyword$_click_closure1.doCall(ClickKeyword.groovy:65)
	at com.kms.katalon.core.webui.keyword.builtin.ClickKeyword$_click_closure1.call(ClickKeyword.groovy)
	at com.kms.katalon.core.webui.keyword.internal.WebUIKeywordMain.runKeyword(WebUIKeywordMain.groovy:20)
	... 22 more


03-02-2024T12:15:22 - [TEST_STEP][PASSED] - Start listener action : sampleBeforeTestCase: Navigate to 'https://www.amazon.com/delay/' successfully

03-02-2024T12:15:22 - [TEST_STEP][PASSED] - openBrowser(""): Browser is opened with url: ''

03-02-2024T12:15:22 - [MESSAGE][INFO] - Starting 'Edge Chromium' driver

03-02-2024T12:15:23 - [MESSAGE][INFO] - Action delay is set to 0 milliseconds

03-02-2024T12:15:25 - [MESSAGE][PASSED] - Browser is opened with url: ''

03-02-2024T12:15:25 - [TEST_STEP][PASSED] - navigateToUrl("https://www.amazon.com/delay/"): Navigate to 'https://www.amazon.com/delay/' successfully

03-02-2024T12:15:26 - [MESSAGE][PASSED] - Navigate to 'https://www.amazon.com/delay/' successfully

03-02-2024T12:15:26 - [TEST_STEP][PASSED] - click(findTestObject("Object Repository/AmazonLogin/Page_Amazon.com Page Not Found/img")): Object: 'Object Repository/AmazonLogin/Page_Amazon.com Page Not Found/img' is clicked on

03-02-2024T12:15:28 - [MESSAGE][PASSED] - Object: 'Object Repository/AmazonLogin/Page_Amazon.com Page Not Found/img' is clicked on

03-02-2024T12:15:28 - [TEST_STEP][FAILED] - click(findTestObject("Object Repository/AmazonLogin/Page_Amazon.com. Spend less. Smile more/span_Hello, sign in")): Unable to click on object 'Object Repository/AmazonLogin/Page_Amazon.com. Spend less. Smile more/span_Hello, sign in' (Root cause: com.kms.katalon.core.exception.StepFailedException: Unable to click on object 'Object Repository/AmazonLogin/Page_Amazon.com. Spend less. Smile more/span_Hello, sign in'
	at com.kms.katalon.core.webui.keyword.internal.WebUIKeywordMain.stepFailed(WebUIKeywordMain.groovy:64)
	at com.kms.katalon.core.webui.keyword.internal.WebUIKeywordMain.runKeyword(WebUIKeywordMain.groovy:26)
	at com.kms.katalon.core.webui.keyword.builtin.ClickKeyword.click(ClickKeyword.groovy:74)
	at com.kms.katalon.core.webui.keyword.builtin.ClickKeyword.execute(ClickKeyword.groovy:40)
	at com.kms.katalon.core.keyword.internal.KeywordExecutor.executeKeywordForPlatform(KeywordExecutor.groovy:74)
	at com.kms.katalon.core.webui.keyword.WebUiBuiltInKeywords.click(WebUiBuiltInKeywords.groovy:659)
	at com.kms.katalon.core.webui.keyword.WebUiBuiltInKeywords$click$1.call(Unknown Source)
	at Test1.run(Test1:22)
	at com.kms.katalon.core.main.ScriptEngine.run(ScriptEngine.java:194)
	at com.kms.katalon.core.main.ScriptEngine.runScriptAsRawText(ScriptEngine.java:119)
	at com.kms.katalon.core.main.TestCaseExecutor.runScript(TestCaseExecutor.java:448)
	at com.kms.katalon.core.main.TestCaseExecutor.doExecute(TestCaseExecutor.java:439)
	at com.kms.katalon.core.main.TestCaseExecutor.processExecutionPhase(TestCaseExecutor.java:418)
	at com.kms.katalon.core.main.TestCaseExecutor.accessMainPhase(TestCaseExecutor.java:410)
	at com.kms.katalon.core.main.TestCaseExecutor.execute(TestCaseExecutor.java:285)
	at com.kms.katalon.core.common.CommonExecutor.accessTestCaseMainPhase(CommonExecutor.java:65)
	at com.kms.katalon.core.main.TestSuiteExecutor.accessTestSuiteMainPhase(TestSuiteExecutor.java:148)
	at com.kms.katalon.core.main.TestSuiteExecutor.execute(TestSuiteExecutor.java:106)
	at com.kms.katalon.core.main.TestCaseMain.startTestSuite(TestCaseMain.java:180)
	at com.kms.katalon.core.main.TestCaseMain$startTestSuite$0.call(Unknown Source)
	at TempTestSuite1706942558189.run(TempTestSuite1706942558189.groovy:36)
	at java.base/jdk.internal.reflect.NativeMethodAccessorImpl.invoke0(Native Method)
	at java.base/jdk.internal.reflect.NativeMethodAccessorImpl.invoke(NativeMethodAccessorImpl.java:77)
	at java.base/jdk.internal.reflect.DelegatingMethodAccessorImpl.invoke(DelegatingMethodAccessorImpl.java:43)
Caused by: com.kms.katalon.core.webui.exception.WebElementNotFoundException: Web element with id: 'Object Repository/AmazonLogin/Page_Amazon.com. Spend less. Smile more/span_Hello, sign in' located by '//span[@id='nav-link-accountList-nav-line-1']' not found
	at com.kms.katalon.core.webui.common.WebUiCommonHelper.findWebElement(WebUiCommonHelper.java:1379)
	at com.kms.katalon.core.webui.keyword.internal.WebUIAbstractKeyword.findWebElement(WebUIAbstractKeyword.groovy:27)
	at com.kms.katalon.core.webui.keyword.builtin.ClickKeyword$_click_closure1.doCall(ClickKeyword.groovy:65)
	at com.kms.katalon.core.webui.keyword.builtin.ClickKeyword$_click_closure1.call(ClickKeyword.groovy)
	at com.kms.katalon.core.webui.keyword.internal.WebUIKeywordMain.runKeyword(WebUIKeywordMain.groovy:20)
	at com.kms.katalon.core.webui.keyword.builtin.ClickKeyword.click(ClickKeyword.groovy:74)
	at com.kms.katalon.core.webui.keyword.builtin.ClickKeyword.execute(ClickKeyword.groovy:40)
	at com.kms.katalon.core.keyword.internal.KeywordExecutor.executeKeywordForPlatform(KeywordExecutor.groovy:74)
	at com.kms.katalon.core.webui.keyword.WebUiBuiltInKeywords.click(WebUiBuiltInKeywords.groovy:659)
	at com.kms.katalon.core.webui.keyword.WebUiBuiltInKeywords$click$1.call(Unknown Source)
	at Script1706461620528.run(Script1706461620528.groovy:22)
	... 16 more
)

03-02-2024T12:16:00 - [MESSAGE][INFO] - Unable to find the element located by 'By.xpath: //span[@id='nav-link-accountList-nav-line-1']'. Please recheck the objects properties to make sure the desired element is located. 

03-02-2024T12:16:00 - [MESSAGE][WARNING] - [SELF-HEALING] Failed to find element with id 'Object Repository/AmazonLogin/Page_Amazon.com. Spend less. Smile more/span_Hello, sign in'. Try using Self-healing.

03-02-2024T12:16:00 - [MESSAGE][INFO] - [SELF-HEALING] Failed Locator: '//span[@id='nav-link-accountList-nav-line-1']'.

03-02-2024T12:16:00 - [MESSAGE][INFO] - [SELF-HEALING] Failed Locator: '//a[@id='nav-link-accountList']/div/span'.

03-02-2024T12:16:01 - [MESSAGE][INFO] - [SELF-HEALING] Failed Locator: '//a[2]/div/span'.

03-02-2024T12:16:01 - [MESSAGE][INFO] - [SELF-HEALING] Failed Locator: '//span[@id = 'nav-link-accountList-nav-line-1' and (text() = 'Hello, sign in' or . = 'Hello, sign in')]'.

03-02-2024T12:16:02 - [MESSAGE][INFO] - Unable to find the element located by 'By.xpath: //*[@id = 'nav-link-accountList-nav-line-1' and (text() = 'Hello, sign in' or . = 'Hello, sign in')]'. Please recheck the objects properties to make sure the desired element is located. 

03-02-2024T12:16:03 - [MESSAGE][INFO] - Unable to find the element located by 'By.cssSelector: #nav-link-accountList-nav-line-1'. Please recheck the objects properties to make sure the desired element is located. 

03-02-2024T12:16:04 - [MESSAGE][FAILED] - Unable to click on object 'Object Repository/AmazonLogin/Page_Amazon.com. Spend less. Smile more/span_Hello, sign in' (Root cause: com.kms.katalon.core.exception.StepFailedException: Unable to click on object 'Object Repository/AmazonLogin/Page_Amazon.com. Spend less. Smile more/span_Hello, sign in'
	at com.kms.katalon.core.webui.keyword.internal.WebUIKeywordMain.stepFailed(WebUIKeywordMain.groovy:64)
	at com.kms.katalon.core.webui.keyword.internal.WebUIKeywordMain.runKeyword(WebUIKeywordMain.groovy:26)
	at com.kms.katalon.core.webui.keyword.builtin.ClickKeyword.click(ClickKeyword.groovy:74)
	at com.kms.katalon.core.webui.keyword.builtin.ClickKeyword.execute(ClickKeyword.groovy:40)
	at com.kms.katalon.core.keyword.internal.KeywordExecutor.executeKeywordForPlatform(KeywordExecutor.groovy:74)
	at com.kms.katalon.core.webui.keyword.WebUiBuiltInKeywords.click(WebUiBuiltInKeywords.groovy:659)
	at com.kms.katalon.core.webui.keyword.WebUiBuiltInKeywords$click$1.call(Unknown Source)
	at Test1.run(Test1:22)
	at com.kms.katalon.core.main.ScriptEngine.run(ScriptEngine.java:194)
	at com.kms.katalon.core.main.ScriptEngine.runScriptAsRawText(ScriptEngine.java:119)
	at com.kms.katalon.core.main.TestCaseExecutor.runScript(TestCaseExecutor.java:448)
	at com.kms.katalon.core.main.TestCaseExecutor.doExecute(TestCaseExecutor.java:439)
	at com.kms.katalon.core.main.TestCaseExecutor.processExecutionPhase(TestCaseExecutor.java:418)
	at com.kms.katalon.core.main.TestCaseExecutor.accessMainPhase(TestCaseExecutor.java:410)
	at com.kms.katalon.core.main.TestCaseExecutor.execute(TestCaseExecutor.java:285)
	at com.kms.katalon.core.common.CommonExecutor.accessTestCaseMainPhase(CommonExecutor.java:65)
	at com.kms.katalon.core.main.TestSuiteExecutor.accessTestSuiteMainPhase(TestSuiteExecutor.java:148)
	at com.kms.katalon.core.main.TestSuiteExecutor.execute(TestSuiteExecutor.java:106)
	at com.kms.katalon.core.main.TestCaseMain.startTestSuite(TestCaseMain.java:180)
	at com.kms.katalon.core.main.TestCaseMain$startTestSuite$0.call(Unknown Source)
	at TempTestSuite1706942558189.run(TempTestSuite1706942558189.groovy:36)
	at java.base/jdk.internal.reflect.NativeMethodAccessorImpl.invoke0(Native Method)
	at java.base/jdk.internal.reflect.NativeMethodAccessorImpl.invoke(NativeMethodAccessorImpl.java:77)
	at java.base/jdk.internal.reflect.DelegatingMethodAccessorImpl.invoke(DelegatingMethodAccessorImpl.java:43)
Caused by: com.kms.katalon.core.webui.exception.WebElementNotFoundException: Web element with id: 'Object Repository/AmazonLogin/Page_Amazon.com. Spend less. Smile more/span_Hello, sign in' located by '//span[@id='nav-link-accountList-nav-line-1']' not found
	at com.kms.katalon.core.webui.common.WebUiCommonHelper.findWebElement(WebUiCommonHelper.java:1379)
	at com.kms.katalon.core.webui.keyword.internal.WebUIAbstractKeyword.findWebElement(WebUIAbstractKeyword.groovy:27)
	at com.kms.katalon.core.webui.keyword.builtin.ClickKeyword$_click_closure1.doCall(ClickKeyword.groovy:65)
	at com.kms.katalon.core.webui.keyword.builtin.ClickKeyword$_click_closure1.call(ClickKeyword.groovy)
	at com.kms.katalon.core.webui.keyword.internal.WebUIKeywordMain.runKeyword(WebUIKeywordMain.groovy:20)
	at com.kms.katalon.core.webui.keyword.builtin.ClickKeyword.click(ClickKeyword.groovy:74)
	at com.kms.katalon.core.webui.keyword.builtin.ClickKeyword.execute(ClickKeyword.groovy:40)
	at com.kms.katalon.core.keyword.internal.KeywordExecutor.executeKeywordForPlatform(KeywordExecutor.groovy:74)
	at com.kms.katalon.core.webui.keyword.WebUiBuiltInKeywords.click(WebUiBuiltInKeywords.groovy:659)
	at com.kms.katalon.core.webui.keyword.WebUiBuiltInKeywords$click$1.call(Unknown Source)
	at Script1706461620528.run(Script1706461620528.groovy:22)
	... 16 more
)
[[ATTACHMENT|C:\\Users\\hp\\git\\SI-GuidedProject-705449-1706164315\\Reports\\20240203_121150\\AmazonLogin\\20240203_121238\\1706942763760.png]]

03-02-2024T12:16:04 - [TEST_STEP][PASSED] - Start listener action : sampleAfterTestCase: Browser is closed

03-02-2024T12:16:04 - [TEST_STEP][PASSED] - closeBrowser(): Browser is closed

03-02-2024T12:16:05 - [MESSAGE][PASSED] - Browser is closed]]></system-out>
         <system-err><![CDATA[03-02-2024T12:15:22 - [TEST_CASE][FAILED] - Test Cases/Test1: Test Cases/Test1 FAILED.
Reason:
com.kms.katalon.core.exception.StepFailedException: Unable to click on object 'Object Repository/AmazonLogin/Page_Amazon.com. Spend less. Smile more/span_Hello, sign in'
	at com.kms.katalon.core.webui.keyword.internal.WebUIKeywordMain.stepFailed(WebUIKeywordMain.groovy:64)
	at com.kms.katalon.core.webui.keyword.internal.WebUIKeywordMain.runKeyword(WebUIKeywordMain.groovy:26)
	at com.kms.katalon.core.webui.keyword.builtin.ClickKeyword.click(ClickKeyword.groovy:74)
	at com.kms.katalon.core.webui.keyword.builtin.ClickKeyword.execute(ClickKeyword.groovy:40)
	at com.kms.katalon.core.keyword.internal.KeywordExecutor.executeKeywordForPlatform(KeywordExecutor.groovy:74)
	at com.kms.katalon.core.webui.keyword.WebUiBuiltInKeywords.click(WebUiBuiltInKeywords.groovy:659)
	at com.kms.katalon.core.webui.keyword.WebUiBuiltInKeywords$click$1.call(Unknown Source)
	at Test1.run(Test1:22)
	at com.kms.katalon.core.main.ScriptEngine.run(ScriptEngine.java:194)
	at com.kms.katalon.core.main.ScriptEngine.runScriptAsRawText(ScriptEngine.java:119)
	at com.kms.katalon.core.main.TestCaseExecutor.runScript(TestCaseExecutor.java:448)
	at com.kms.katalon.core.main.TestCaseExecutor.doExecute(TestCaseExecutor.java:439)
	at com.kms.katalon.core.main.TestCaseExecutor.processExecutionPhase(TestCaseExecutor.java:418)
	at com.kms.katalon.core.main.TestCaseExecutor.accessMainPhase(TestCaseExecutor.java:410)
	at com.kms.katalon.core.main.TestCaseExecutor.execute(TestCaseExecutor.java:285)
	at com.kms.katalon.core.common.CommonExecutor.accessTestCaseMainPhase(CommonExecutor.java:65)
	at com.kms.katalon.core.main.TestSuiteExecutor.accessTestSuiteMainPhase(TestSuiteExecutor.java:148)
	at com.kms.katalon.core.main.TestSuiteExecutor.execute(TestSuiteExecutor.java:106)
	at com.kms.katalon.core.main.TestCaseMain.startTestSuite(TestCaseMain.java:180)
	at com.kms.katalon.core.main.TestCaseMain$startTestSuite$0.call(Unknown Source)
	at TempTestSuite1706942558189.run(TempTestSuite1706942558189.groovy:36)
	at java.base/jdk.internal.reflect.NativeMethodAccessorImpl.invoke0(Native Method)
	at java.base/jdk.internal.reflect.NativeMethodAccessorImpl.invoke(NativeMethodAccessorImpl.java:77)
	at java.base/jdk.internal.reflect.DelegatingMethodAccessorImpl.invoke(DelegatingMethodAccessorImpl.java:43)
Caused by: com.kms.katalon.core.webui.exception.WebElementNotFoundException: Web element with id: 'Object Repository/AmazonLogin/Page_Amazon.com. Spend less. Smile more/span_Hello, sign in' located by '//span[@id='nav-link-accountList-nav-line-1']' not found
	at com.kms.katalon.core.webui.common.WebUiCommonHelper.findWebElement(WebUiCommonHelper.java:1379)
	at com.kms.katalon.core.webui.keyword.internal.WebUIAbstractKeyword.findWebElement(WebUIAbstractKeyword.groovy:27)
	at com.kms.katalon.core.webui.keyword.builtin.ClickKeyword$_click_closure1.doCall(ClickKeyword.groovy:65)
	at com.kms.katalon.core.webui.keyword.builtin.ClickKeyword$_click_closure1.call(ClickKeyword.groovy)
	at com.kms.katalon.core.webui.keyword.internal.WebUIKeywordMain.runKeyword(WebUIKeywordMain.groovy:20)
	... 22 more]]></system-err>
      </testcase>
      <system-out><![CDATA[03-02-2024T12:15:21 - [TEST_SUITE][FAILED] - AmazonLogin: Test Cases/Test1 FAILED.
Reason:
com.kms.katalon.core.exception.StepFailedException: Unable to click on object 'Object Repository/AmazonLogin/Page_Amazon.com. Spend less. Smile more/span_Hello, sign in'
	at com.kms.katalon.core.webui.keyword.internal.WebUIKeywordMain.stepFailed(WebUIKeywordMain.groovy:64)
	at com.kms.katalon.core.webui.keyword.internal.WebUIKeywordMain.runKeyword(WebUIKeywordMain.groovy:26)
	at com.kms.katalon.core.webui.keyword.builtin.ClickKeyword.click(ClickKeyword.groovy:74)
	at com.kms.katalon.core.webui.keyword.builtin.ClickKeyword.execute(ClickKeyword.groovy:40)
	at com.kms.katalon.core.keyword.internal.KeywordExecutor.executeKeywordForPlatform(KeywordExecutor.groovy:74)
	at com.kms.katalon.core.webui.keyword.WebUiBuiltInKeywords.click(WebUiBuiltInKeywords.groovy:659)
	at com.kms.katalon.core.webui.keyword.WebUiBuiltInKeywords$click$1.call(Unknown Source)
	at Test1.run(Test1:22)
	at com.kms.katalon.core.main.ScriptEngine.run(ScriptEngine.java:194)
	at com.kms.katalon.core.main.ScriptEngine.runScriptAsRawText(ScriptEngine.java:119)
	at com.kms.katalon.core.main.TestCaseExecutor.runScript(TestCaseExecutor.java:448)
	at com.kms.katalon.core.main.TestCaseExecutor.doExecute(TestCaseExecutor.java:439)
	at com.kms.katalon.core.main.TestCaseExecutor.processExecutionPhase(TestCaseExecutor.java:418)
	at com.kms.katalon.core.main.TestCaseExecutor.accessMainPhase(TestCaseExecutor.java:410)
	at com.kms.katalon.core.main.TestCaseExecutor.execute(TestCaseExecutor.java:285)
	at com.kms.katalon.core.common.CommonExecutor.accessTestCaseMainPhase(CommonExecutor.java:65)
	at com.kms.katalon.core.main.TestSuiteExecutor.accessTestSuiteMainPhase(TestSuiteExecutor.java:148)
	at com.kms.katalon.core.main.TestSuiteExecutor.execute(TestSuiteExecutor.java:106)
	at com.kms.katalon.core.main.TestCaseMain.startTestSuite(TestCaseMain.java:180)
	at com.kms.katalon.core.main.TestCaseMain$startTestSuite$0.call(Unknown Source)
	at TempTestSuite1706942558189.run(TempTestSuite1706942558189.groovy:36)
	at java.base/jdk.internal.reflect.NativeMethodAccessorImpl.invoke0(Native Method)
	at java.base/jdk.internal.reflect.NativeMethodAccessorImpl.invoke(NativeMethodAccessorImpl.java:77)
	at java.base/jdk.internal.reflect.DelegatingMethodAccessorImpl.invoke(DelegatingMethodAccessorImpl.java:43)
Caused by: com.kms.katalon.core.webui.exception.WebElementNotFoundException: Web element with id: 'Object Repository/AmazonLogin/Page_Amazon.com. Spend less. Smile more/span_Hello, sign in' located by '//span[@id='nav-link-accountList-nav-line-1']' not found
	at com.kms.katalon.core.webui.common.WebUiCommonHelper.findWebElement(WebUiCommonHelper.java:1379)
	at com.kms.katalon.core.webui.keyword.internal.WebUIAbstractKeyword.findWebElement(WebUIAbstractKeyword.groovy:27)
	at com.kms.katalon.core.webui.keyword.builtin.ClickKeyword$_click_closure1.doCall(ClickKeyword.groovy:65)
	at com.kms.katalon.core.webui.keyword.builtin.ClickKeyword$_click_closure1.call(ClickKeyword.groovy)
	at com.kms.katalon.core.webui.keyword.internal.WebUIKeywordMain.runKeyword(WebUIKeywordMain.groovy:20)
	... 22 more]]></system-out>
      <system-err><![CDATA[03-02-2024T12:15:21 - [TEST_SUITE][FAILED] - AmazonLogin: Test Cases/Test1 FAILED.
Reason:
com.kms.katalon.core.exception.StepFailedException: Unable to click on object 'Object Repository/AmazonLogin/Page_Amazon.com. Spend less. Smile more/span_Hello, sign in'
	at com.kms.katalon.core.webui.keyword.internal.WebUIKeywordMain.stepFailed(WebUIKeywordMain.groovy:64)
	at com.kms.katalon.core.webui.keyword.internal.WebUIKeywordMain.runKeyword(WebUIKeywordMain.groovy:26)
	at com.kms.katalon.core.webui.keyword.builtin.ClickKeyword.click(ClickKeyword.groovy:74)
	at com.kms.katalon.core.webui.keyword.builtin.ClickKeyword.execute(ClickKeyword.groovy:40)
	at com.kms.katalon.core.keyword.internal.KeywordExecutor.executeKeywordForPlatform(KeywordExecutor.groovy:74)
	at com.kms.katalon.core.webui.keyword.WebUiBuiltInKeywords.click(WebUiBuiltInKeywords.groovy:659)
	at com.kms.katalon.core.webui.keyword.WebUiBuiltInKeywords$click$1.call(Unknown Source)
	at Test1.run(Test1:22)
	at com.kms.katalon.core.main.ScriptEngine.run(ScriptEngine.java:194)
	at com.kms.katalon.core.main.ScriptEngine.runScriptAsRawText(ScriptEngine.java:119)
	at com.kms.katalon.core.main.TestCaseExecutor.runScript(TestCaseExecutor.java:448)
	at com.kms.katalon.core.main.TestCaseExecutor.doExecute(TestCaseExecutor.java:439)
	at com.kms.katalon.core.main.TestCaseExecutor.processExecutionPhase(TestCaseExecutor.java:418)
	at com.kms.katalon.core.main.TestCaseExecutor.accessMainPhase(TestCaseExecutor.java:410)
	at com.kms.katalon.core.main.TestCaseExecutor.execute(TestCaseExecutor.java:285)
	at com.kms.katalon.core.common.CommonExecutor.accessTestCaseMainPhase(CommonExecutor.java:65)
	at com.kms.katalon.core.main.TestSuiteExecutor.accessTestSuiteMainPhase(TestSuiteExecutor.java:148)
	at com.kms.katalon.core.main.TestSuiteExecutor.execute(TestSuiteExecutor.java:106)
	at com.kms.katalon.core.main.TestCaseMain.startTestSuite(TestCaseMain.java:180)
	at com.kms.katalon.core.main.TestCaseMain$startTestSuite$0.call(Unknown Source)
	at TempTestSuite1706942558189.run(TempTestSuite1706942558189.groovy:36)
	at java.base/jdk.internal.reflect.NativeMethodAccessorImpl.invoke0(Native Method)
	at java.base/jdk.internal.reflect.NativeMethodAccessorImpl.invoke(NativeMethodAccessorImpl.java:77)
	at java.base/jdk.internal.reflect.DelegatingMethodAccessorImpl.invoke(DelegatingMethodAccessorImpl.java:43)
Caused by: com.kms.katalon.core.webui.exception.WebElementNotFoundException: Web element with id: 'Object Repository/AmazonLogin/Page_Amazon.com. Spend less. Smile more/span_Hello, sign in' located by '//span[@id='nav-link-accountList-nav-line-1']' not found
	at com.kms.katalon.core.webui.common.WebUiCommonHelper.findWebElement(WebUiCommonHelper.java:1379)
	at com.kms.katalon.core.webui.keyword.internal.WebUIAbstractKeyword.findWebElement(WebUIAbstractKeyword.groovy:27)
	at com.kms.katalon.core.webui.keyword.builtin.ClickKeyword$_click_closure1.doCall(ClickKeyword.groovy:65)
	at com.kms.katalon.core.webui.keyword.builtin.ClickKeyword$_click_closure1.call(ClickKeyword.groovy)
	at com.kms.katalon.core.webui.keyword.internal.WebUIKeywordMain.runKeyword(WebUIKeywordMain.groovy:20)
	... 22 more]]></system-err>
   </testsuite>
   <testsuite name="AmazonRemoveCart" tests="1" failures="0" errors="0" time="68.163" skipped="0" timestamp="03-02-2024T12:16:14" hostname="hp - 192.168.2.4" id="Test Suites/AmazonRemoveCart">
      <properties>
         <property name="deviceName" value=""/>
         <property name="devicePlatform" value=""/>
         <property name="logFolder" value="C:\\Users\\hp\\git\\SI-GuidedProject-705449-1706164315\\Reports\\20240203_121150\\AmazonRemoveCart\\20240203_121248"/>
         <property name="logFiles" value="C:\\Users\\hp\\git\\SI-GuidedProject-705449-1706164315\\Reports\\20240203_121150\\AmazonRemoveCart\\20240203_121248\\execution0.log"/>
         <property name="attachments" value=""/>
         <property name="hostName" value="hp - 192.168.2.4"/>
         <property name="os" value="Windows 11 64bit"/>
         <property name="katalonVersion" value="9.3.0.212"/>
         <property name="browser" value="Edge Chromium 121"/>
         <property name="hostAddress" value="192.168.2.4"/>
         <property name="sessionId" value="fb7f0a55c35cd99b0ee56de89f1ee9d9"/>
         <property name="seleniumVersion" value="3.141.59"/>
         <property name="proxyInformation" value="ProxyInformation { proxyOption=NO_PROXY, proxyServerType=HTTP, username=, password=********, proxyServerAddress=, proxyServerPort=0, executionList=&quot;&quot;, isApplyToDesiredCapabilities=true }"/>
         <property name="platform" value="Windows 11"/>
      </properties>
      <testcase name="Test Cases/Test5" time="67.866" classname="Test Cases/Test5" status="PASSED">
         <system-out><![CDATA[03-02-2024T12:16:14 - [TEST_CASE][PASSED] - Test Cases/Test5: Test Cases/Test5

03-02-2024T12:16:14 - [TEST_STEP][PASSED] - Start listener action : sampleBeforeTestCase: Navigate to 'https://www.amazon.com/delay/' successfully

03-02-2024T12:16:14 - [TEST_STEP][PASSED] - openBrowser(""): Browser is opened with url: ''

03-02-2024T12:16:15 - [MESSAGE][INFO] - Starting 'Edge Chromium' driver

03-02-2024T12:16:16 - [MESSAGE][INFO] - Action delay is set to 0 milliseconds

03-02-2024T12:16:18 - [MESSAGE][PASSED] - Browser is opened with url: ''

03-02-2024T12:16:18 - [TEST_STEP][PASSED] - navigateToUrl("https://www.amazon.com/delay/"): Navigate to 'https://www.amazon.com/delay/' successfully

03-02-2024T12:16:19 - [MESSAGE][PASSED] - Navigate to 'https://www.amazon.com/delay/' successfully

03-02-2024T12:16:20 - [TEST_STEP][PASSED] - click(findTestObject("Object Repository/AmazonRemoveCart/Page_Amazon.com Page Not Found/img")): Object: 'Object Repository/AmazonRemoveCart/Page_Amazon.com Page Not Found/img' is clicked on

03-02-2024T12:16:23 - [MESSAGE][PASSED] - Object: 'Object Repository/AmazonRemoveCart/Page_Amazon.com Page Not Found/img' is clicked on

03-02-2024T12:16:23 - [TEST_STEP][PASSED] - setText(findTestObject("Object Repository/AmazonRemoveCart/Page_Amazon.com. Spend less. Smile more/input_Search Amazon_field-keywords"), "soap"): Text 'soap' is set on object 'Object Repository/AmazonRemoveCart/Page_Amazon.com. Spend less. Smile more/input_Search Amazon_field-keywords'

03-02-2024T12:16:26 - [MESSAGE][PASSED] - Text 'soap' is set on object 'Object Repository/AmazonRemoveCart/Page_Amazon.com. Spend less. Smile more/input_Search Amazon_field-keywords'

03-02-2024T12:16:26 - [TEST_STEP][PASSED] - click(findTestObject("Object Repository/AmazonRemoveCart/Page_Amazon.com. Spend less. Smile more/input_Search Amazon_nav-search-submit-button")): Object: 'Object Repository/AmazonRemoveCart/Page_Amazon.com. Spend less. Smile more/input_Search Amazon_nav-search-submit-button' is clicked on

03-02-2024T12:16:33 - [MESSAGE][PASSED] - Object: 'Object Repository/AmazonRemoveCart/Page_Amazon.com. Spend less. Smile more/input_Search Amazon_nav-search-submit-button' is clicked on

03-02-2024T12:16:33 - [TEST_STEP][PASSED] - click(findTestObject("Object Repository/AmazonRemoveCart/Page_Amazon.com  soap/img_Results_s-image")): Object: 'Object Repository/AmazonRemoveCart/Page_Amazon.com  soap/img_Results_s-image' is clicked on

03-02-2024T12:16:41 - [MESSAGE][PASSED] - Object: 'Object Repository/AmazonRemoveCart/Page_Amazon.com  soap/img_Results_s-image' is clicked on

03-02-2024T12:16:41 - [TEST_STEP][PASSED] - click(findTestObject("Object Repository/AmazonRemoveCart/Page_Amazon.com  Dove Beauty Bar Cleanser f_be1d17/input_Shipping cost, delivery date, and ord_223673")): Object: 'Object Repository/AmazonRemoveCart/Page_Amazon.com  Dove Beauty Bar Cleanser f_be1d17/input_Shipping cost, delivery date, and ord_223673' is clicked on

03-02-2024T12:16:45 - [MESSAGE][PASSED] - Object: 'Object Repository/AmazonRemoveCart/Page_Amazon.com  Dove Beauty Bar Cleanser f_be1d17/input_Shipping cost, delivery date, and ord_223673' is clicked on

03-02-2024T12:16:45 - [TEST_STEP][PASSED] - click(findTestObject("Object Repository/AmazonRemoveCart/Page_Amazon.com Shopping Cart/a_Go to Cart")): Object: 'Object Repository/AmazonRemoveCart/Page_Amazon.com Shopping Cart/a_Go to Cart' is clicked on

03-02-2024T12:16:49 - [MESSAGE][PASSED] - Object: 'Object Repository/AmazonRemoveCart/Page_Amazon.com Shopping Cart/a_Go to Cart' is clicked on

03-02-2024T12:16:49 - [TEST_STEP][PASSED] - click(findTestObject("Object Repository/AmazonRemoveCart/Page_Amazon.com Shopping Cart/input_Update_submit.delete.f61e73c0-ffc0-41_fc858a")): Object: 'Object Repository/AmazonRemoveCart/Page_Amazon.com Shopping Cart/input_Update_submit.delete.f61e73c0-ffc0-41_fc858a' is clicked on

03-02-2024T12:17:21 - [MESSAGE][INFO] - Unable to find the element located by 'By.xpath: //input[@name='submit.delete.f61e73c0-ffc0-41dc-804f-654ee936d404']'. Please recheck the objects properties to make sure the desired element is located. 

03-02-2024T12:17:21 - [MESSAGE][WARNING] - [SELF-HEALING] Failed to find element with id 'Object Repository/AmazonRemoveCart/Page_Amazon.com Shopping Cart/input_Update_submit.delete.f61e73c0-ffc0-41_fc858a'. Try using Self-healing.

03-02-2024T12:17:21 - [MESSAGE][WARNING] - [SELF-HEALING] The current locator of test object 'Object Repository/AmazonRemoveCart/Page_Amazon.com Shopping Cart/input_Update_submit.delete.f61e73c0-ffc0-41_fc858a' was broken. Propose an alternative one: '//span[2]/span/input'.

03-02-2024T12:17:21 - [MESSAGE][PASSED] - Object: 'Object Repository/AmazonRemoveCart/Page_Amazon.com Shopping Cart/input_Update_submit.delete.f61e73c0-ffc0-41_fc858a' is clicked on

03-02-2024T12:17:21 - [TEST_STEP][PASSED] - Start listener action : sampleAfterTestCase: Browser is closed

03-02-2024T12:17:21 - [TEST_STEP][PASSED] - closeBrowser(): Browser is closed

03-02-2024T12:17:22 - [MESSAGE][PASSED] - Browser is closed]]></system-out>
         <system-err><![CDATA[]]></system-err>
      </testcase>
      <system-out><![CDATA[03-02-2024T12:16:14 - [TEST_SUITE][PASSED] - AmazonRemoveCart: Test Cases/Test5]]></system-out>
      <system-err><![CDATA[]]></system-err>
   </testsuite>
   <testsuite name="amazonsearch" tests="4" failures="1" errors="0" time="269.417" skipped="0" timestamp="03-02-2024T12:17:31" hostname="hp - 192.168.2.4" id="Test Suites/amazonsearch">
      <properties>
         <property name="deviceName" value=""/>
         <property name="devicePlatform" value=""/>
         <property name="logFolder" value="C:\\Users\\hp\\git\\SI-GuidedProject-705449-1706164315\\Reports\\20240203_121150\\amazonsearch\\20240203_121303"/>
         <property name="logFiles" value="C:\\Users\\hp\\git\\SI-GuidedProject-705449-1706164315\\Reports\\20240203_121150\\amazonsearch\\20240203_121303\\execution0.log"/>
         <property name="attachments" value="C:\\Users\\hp\\git\\SI-GuidedProject-705449-1706164315\\Reports\\20240203_121150\\amazonsearch\\20240203_121303\\1706942896539.png"/>
         <property name="hostName" value="hp - 192.168.2.4"/>
         <property name="os" value="Windows 11 64bit"/>
         <property name="katalonVersion" value="9.3.0.212"/>
         <property name="browser" value="Edge Chromium 121"/>
         <property name="hostAddress" value="192.168.2.4"/>
         <property name="sessionId" value="09dd03e7452b7b771e2006cb3f920cce"/>
         <property name="seleniumVersion" value="3.141.59"/>
         <property name="proxyInformation" value="ProxyInformation { proxyOption=NO_PROXY, proxyServerType=HTTP, username=, password=********, proxyServerAddress=, proxyServerPort=0, executionList=&quot;&quot;, isApplyToDesiredCapabilities=true }"/>
         <property name="platform" value="Windows 11"/>
      </properties>
      <testcase name="Test Cases/Test2" time="46.297" classname="Test Cases/Test2" status="FAILED">
         <failure type="FAILED" message="Test Cases/Test2 FAILED.&#xa;Reason:&#xa;com.kms.katalon.core.exception.StepFailedException: Unable to set text 'mobile' of object 'Object Repository/amazonsearch/Page_Amazon.com. Spend less. Smile more/input_Search Amazon_field-keywords'&#xa;	at com.kms.katalon.core.webui.keyword.internal.WebUIKeywordMain.stepFailed(WebUIKeywordMain.groovy:64)&#xa;	at com.kms.katalon.core.webui.keyword.internal.WebUIKeywordMain.runKeyword(WebUIKeywordMain.groovy:26)&#xa;	at com.kms.katalon.core.webui.keyword.builtin.SetTextKeyword.setText(SetTextKeyword.groovy:85)&#xa;	at com.kms.katalon.core.webui.keyword.builtin.SetTextKeyword.execute(SetTextKeyword.groovy:39)&#xa;	at com.kms.katalon.core.keyword.internal.KeywordExecutor.executeKeywordForPlatform(KeywordExecutor.groovy:74)&#xa;	at com.kms.katalon.core.webui.keyword.WebUiBuiltInKeywords.setText(WebUiBuiltInKeywords.groovy:1019)&#xa;	at com.kms.katalon.core.webui.keyword.WebUiBuiltInKeywords$setText$2.call(Unknown Source)&#xa;	at Test2.run(Test2:22)&#xa;	at com.kms.katalon.core.main.ScriptEngine.run(ScriptEngine.java:194)&#xa;	at com.kms.katalon.core.main.ScriptEngine.runScriptAsRawText(ScriptEngine.java:119)&#xa;	at com.kms.katalon.core.main.TestCaseExecutor.runScript(TestCaseExecutor.java:448)&#xa;	at com.kms.katalon.core.main.TestCaseExecutor.doExecute(TestCaseExecutor.java:439)&#xa;	at com.kms.katalon.core.main.TestCaseExecutor.processExecutionPhase(TestCaseExecutor.java:418)&#xa;	at com.kms.katalon.core.main.TestCaseExecutor.accessMainPhase(TestCaseExecutor.java:410)&#xa;	at com.kms.katalon.core.main.TestCaseExecutor.execute(TestCaseExecutor.java:285)&#xa;	at com.kms.katalon.core.common.CommonExecutor.accessTestCaseMainPhase(CommonExecutor.java:65)&#xa;	at com.kms.katalon.core.main.TestSuiteExecutor.accessTestSuiteMainPhase(TestSuiteExecutor.java:148)&#xa;	at com.kms.katalon.core.main.TestSuiteExecutor.execute(TestSuiteExecutor.java:106)&#xa;	at com.kms.katalon.core.main.TestCaseMain.startTestSuite(TestCaseMain.java:180)&#xa;	at com.kms.katalon.core.main.TestCaseMain$startTestSuite$0.call(Unknown Source)&#xa;	at TempTestSuite1706942583463.run(TempTestSuite1706942583463.groovy:36)&#xa;	at java.base/jdk.internal.reflect.NativeMethodAccessorImpl.invoke0(Native Method)&#xa;	at java.base/jdk.internal.reflect.NativeMethodAccessorImpl.invoke(NativeMethodAccessorImpl.java:77)&#xa;	at java.base/jdk.internal.reflect.DelegatingMethodAccessorImpl.invoke(DelegatingMethodAccessorImpl.java:43)&#xa;Caused by: com.kms.katalon.core.webui.exception.WebElementNotFoundException: Web element with id: 'Object Repository/amazonsearch/Page_Amazon.com. Spend less. Smile more/input_Search Amazon_field-keywords' located by '//input[@id='twotabsearchtextbox']' not found&#xa;	at com.kms.katalon.core.webui.common.WebUiCommonHelper.findWebElement(WebUiCommonHelper.java:1379)&#xa;	at com.kms.katalon.core.webui.keyword.internal.WebUIAbstractKeyword.findWebElement(WebUIAbstractKeyword.groovy:27)&#xa;	at com.kms.katalon.core.webui.keyword.internal.WebUIAbstractKeyword.findWebElement(WebUIAbstractKeyword.groovy:26)&#xa;	at com.kms.katalon.core.webui.keyword.builtin.SetTextKeyword$_setText_closure1.doCall(SetTextKeyword.groovy:53)&#xa;	at com.kms.katalon.core.webui.keyword.builtin.SetTextKeyword$_setText_closure1.call(SetTextKeyword.groovy)&#xa;	at com.kms.katalon.core.webui.keyword.internal.WebUIKeywordMain.runKeyword(WebUIKeywordMain.groovy:20)&#xa;	... 22 more&#xa;"/>
         <system-out><![CDATA[03-02-2024T12:17:31 - [TEST_CASE][FAILED] - Test Cases/Test2: Test Cases/Test2 FAILED.
Reason:
com.kms.katalon.core.exception.StepFailedException: Unable to set text 'mobile' of object 'Object Repository/amazonsearch/Page_Amazon.com. Spend less. Smile more/input_Search Amazon_field-keywords'
	at com.kms.katalon.core.webui.keyword.internal.WebUIKeywordMain.stepFailed(WebUIKeywordMain.groovy:64)
	at com.kms.katalon.core.webui.keyword.internal.WebUIKeywordMain.runKeyword(WebUIKeywordMain.groovy:26)
	at com.kms.katalon.core.webui.keyword.builtin.SetTextKeyword.setText(SetTextKeyword.groovy:85)
	at com.kms.katalon.core.webui.keyword.builtin.SetTextKeyword.execute(SetTextKeyword.groovy:39)
	at com.kms.katalon.core.keyword.internal.KeywordExecutor.executeKeywordForPlatform(KeywordExecutor.groovy:74)
	at com.kms.katalon.core.webui.keyword.WebUiBuiltInKeywords.setText(WebUiBuiltInKeywords.groovy:1019)
	at com.kms.katalon.core.webui.keyword.WebUiBuiltInKeywords$setText$2.call(Unknown Source)
	at Test2.run(Test2:22)
	at com.kms.katalon.core.main.ScriptEngine.run(ScriptEngine.java:194)
	at com.kms.katalon.core.main.ScriptEngine.runScriptAsRawText(ScriptEngine.java:119)
	at com.kms.katalon.core.main.TestCaseExecutor.runScript(TestCaseExecutor.java:448)
	at com.kms.katalon.core.main.TestCaseExecutor.doExecute(TestCaseExecutor.java:439)
	at com.kms.katalon.core.main.TestCaseExecutor.processExecutionPhase(TestCaseExecutor.java:418)
	at com.kms.katalon.core.main.TestCaseExecutor.accessMainPhase(TestCaseExecutor.java:410)
	at com.kms.katalon.core.main.TestCaseExecutor.execute(TestCaseExecutor.java:285)
	at com.kms.katalon.core.common.CommonExecutor.accessTestCaseMainPhase(CommonExecutor.java:65)
	at com.kms.katalon.core.main.TestSuiteExecutor.accessTestSuiteMainPhase(TestSuiteExecutor.java:148)
	at com.kms.katalon.core.main.TestSuiteExecutor.execute(TestSuiteExecutor.java:106)
	at com.kms.katalon.core.main.TestCaseMain.startTestSuite(TestCaseMain.java:180)
	at com.kms.katalon.core.main.TestCaseMain$startTestSuite$0.call(Unknown Source)
	at TempTestSuite1706942583463.run(TempTestSuite1706942583463.groovy:36)
	at java.base/jdk.internal.reflect.NativeMethodAccessorImpl.invoke0(Native Method)
	at java.base/jdk.internal.reflect.NativeMethodAccessorImpl.invoke(NativeMethodAccessorImpl.java:77)
	at java.base/jdk.internal.reflect.DelegatingMethodAccessorImpl.invoke(DelegatingMethodAccessorImpl.java:43)
Caused by: com.kms.katalon.core.webui.exception.WebElementNotFoundException: Web element with id: 'Object Repository/amazonsearch/Page_Amazon.com. Spend less. Smile more/input_Search Amazon_field-keywords' located by '//input[@id='twotabsearchtextbox']' not found
	at com.kms.katalon.core.webui.common.WebUiCommonHelper.findWebElement(WebUiCommonHelper.java:1379)
	at com.kms.katalon.core.webui.keyword.internal.WebUIAbstractKeyword.findWebElement(WebUIAbstractKeyword.groovy:27)
	at com.kms.katalon.core.webui.keyword.internal.WebUIAbstractKeyword.findWebElement(WebUIAbstractKeyword.groovy:26)
	at com.kms.katalon.core.webui.keyword.builtin.SetTextKeyword$_setText_closure1.doCall(SetTextKeyword.groovy:53)
	at com.kms.katalon.core.webui.keyword.builtin.SetTextKeyword$_setText_closure1.call(SetTextKeyword.groovy)
	at com.kms.katalon.core.webui.keyword.internal.WebUIKeywordMain.runKeyword(WebUIKeywordMain.groovy:20)
	... 22 more


03-02-2024T12:17:31 - [TEST_STEP][PASSED] - Start listener action : sampleBeforeTestCase: Navigate to 'https://www.amazon.com/delay/' successfully

03-02-2024T12:17:31 - [TEST_STEP][PASSED] - openBrowser(""): Browser is opened with url: ''

03-02-2024T12:17:32 - [MESSAGE][INFO] - Starting 'Edge Chromium' driver

03-02-2024T12:17:33 - [MESSAGE][INFO] - Action delay is set to 0 milliseconds

03-02-2024T12:17:35 - [MESSAGE][PASSED] - Browser is opened with url: ''

03-02-2024T12:17:35 - [TEST_STEP][PASSED] - navigateToUrl("https://www.amazon.com/delay/"): Navigate to 'https://www.amazon.com/delay/' successfully

03-02-2024T12:17:36 - [MESSAGE][PASSED] - Navigate to 'https://www.amazon.com/delay/' successfully

03-02-2024T12:17:37 - [TEST_STEP][PASSED] - click(findTestObject("Object Repository/amazonsearch/Page_Amazon.com Page Not Found/img")): Object: 'Object Repository/amazonsearch/Page_Amazon.com Page Not Found/img' is clicked on

03-02-2024T12:17:39 - [MESSAGE][PASSED] - Object: 'Object Repository/amazonsearch/Page_Amazon.com Page Not Found/img' is clicked on

03-02-2024T12:17:39 - [TEST_STEP][FAILED] - setText(findTestObject("Object Repository/amazonsearch/Page_Amazon.com. Spend less. Smile more/input_Search Amazon_field-keywords"), search): Unable to set text 'mobile' of object 'Object Repository/amazonsearch/Page_Amazon.com. Spend less. Smile more/input_Search Amazon_field-keywords' (Root cause: com.kms.katalon.core.exception.StepFailedException: Unable to set text 'mobile' of object 'Object Repository/amazonsearch/Page_Amazon.com. Spend less. Smile more/input_Search Amazon_field-keywords'
	at com.kms.katalon.core.webui.keyword.internal.WebUIKeywordMain.stepFailed(WebUIKeywordMain.groovy:64)
	at com.kms.katalon.core.webui.keyword.internal.WebUIKeywordMain.runKeyword(WebUIKeywordMain.groovy:26)
	at com.kms.katalon.core.webui.keyword.builtin.SetTextKeyword.setText(SetTextKeyword.groovy:85)
	at com.kms.katalon.core.webui.keyword.builtin.SetTextKeyword.execute(SetTextKeyword.groovy:39)
	at com.kms.katalon.core.keyword.internal.KeywordExecutor.executeKeywordForPlatform(KeywordExecutor.groovy:74)
	at com.kms.katalon.core.webui.keyword.WebUiBuiltInKeywords.setText(WebUiBuiltInKeywords.groovy:1019)
	at com.kms.katalon.core.webui.keyword.WebUiBuiltInKeywords$setText$2.call(Unknown Source)
	at Test2.run(Test2:22)
	at com.kms.katalon.core.main.ScriptEngine.run(ScriptEngine.java:194)
	at com.kms.katalon.core.main.ScriptEngine.runScriptAsRawText(ScriptEngine.java:119)
	at com.kms.katalon.core.main.TestCaseExecutor.runScript(TestCaseExecutor.java:448)
	at com.kms.katalon.core.main.TestCaseExecutor.doExecute(TestCaseExecutor.java:439)
	at com.kms.katalon.core.main.TestCaseExecutor.processExecutionPhase(TestCaseExecutor.java:418)
	at com.kms.katalon.core.main.TestCaseExecutor.accessMainPhase(TestCaseExecutor.java:410)
	at com.kms.katalon.core.main.TestCaseExecutor.execute(TestCaseExecutor.java:285)
	at com.kms.katalon.core.common.CommonExecutor.accessTestCaseMainPhase(CommonExecutor.java:65)
	at com.kms.katalon.core.main.TestSuiteExecutor.accessTestSuiteMainPhase(TestSuiteExecutor.java:148)
	at com.kms.katalon.core.main.TestSuiteExecutor.execute(TestSuiteExecutor.java:106)
	at com.kms.katalon.core.main.TestCaseMain.startTestSuite(TestCaseMain.java:180)
	at com.kms.katalon.core.main.TestCaseMain$startTestSuite$0.call(Unknown Source)
	at TempTestSuite1706942583463.run(TempTestSuite1706942583463.groovy:36)
	at java.base/jdk.internal.reflect.NativeMethodAccessorImpl.invoke0(Native Method)
	at java.base/jdk.internal.reflect.NativeMethodAccessorImpl.invoke(NativeMethodAccessorImpl.java:77)
	at java.base/jdk.internal.reflect.DelegatingMethodAccessorImpl.invoke(DelegatingMethodAccessorImpl.java:43)
Caused by: com.kms.katalon.core.webui.exception.WebElementNotFoundException: Web element with id: 'Object Repository/amazonsearch/Page_Amazon.com. Spend less. Smile more/input_Search Amazon_field-keywords' located by '//input[@id='twotabsearchtextbox']' not found
	at com.kms.katalon.core.webui.common.WebUiCommonHelper.findWebElement(WebUiCommonHelper.java:1379)
	at com.kms.katalon.core.webui.keyword.internal.WebUIAbstractKeyword.findWebElement(WebUIAbstractKeyword.groovy:27)
	at com.kms.katalon.core.webui.keyword.internal.WebUIAbstractKeyword.findWebElement(WebUIAbstractKeyword.groovy:26)
	at com.kms.katalon.core.webui.keyword.builtin.SetTextKeyword$_setText_closure1.doCall(SetTextKeyword.groovy:53)
	at com.kms.katalon.core.webui.keyword.builtin.SetTextKeyword$_setText_closure1.call(SetTextKeyword.groovy)
	at com.kms.katalon.core.webui.keyword.internal.WebUIKeywordMain.runKeyword(WebUIKeywordMain.groovy:20)
	at com.kms.katalon.core.webui.keyword.builtin.SetTextKeyword.setText(SetTextKeyword.groovy:85)
	at com.kms.katalon.core.webui.keyword.builtin.SetTextKeyword.execute(SetTextKeyword.groovy:39)
	at com.kms.katalon.core.keyword.internal.KeywordExecutor.executeKeywordForPlatform(KeywordExecutor.groovy:74)
	at com.kms.katalon.core.webui.keyword.WebUiBuiltInKeywords.setText(WebUiBuiltInKeywords.groovy:1019)
	at com.kms.katalon.core.webui.keyword.WebUiBuiltInKeywords$setText$2.call(Unknown Source)
	at Script1706545417836.run(Script1706545417836.groovy:22)
	... 16 more
)

03-02-2024T12:18:11 - [MESSAGE][INFO] - Unable to find the element located by 'By.xpath: //input[@id='twotabsearchtextbox']'. Please recheck the objects properties to make sure the desired element is located. 

03-02-2024T12:18:11 - [MESSAGE][WARNING] - [SELF-HEALING] Failed to find element with id 'Object Repository/amazonsearch/Page_Amazon.com. Spend less. Smile more/input_Search Amazon_field-keywords'. Try using Self-healing.

03-02-2024T12:18:11 - [MESSAGE][INFO] - [SELF-HEALING] Failed Locator: '//input[@id='twotabsearchtextbox']'.

03-02-2024T12:18:11 - [MESSAGE][INFO] - [SELF-HEALING] Failed Locator: '//form[@id='nav-search-bar-form']/div[2]/div/input'.

03-02-2024T12:18:12 - [MESSAGE][INFO] - [SELF-HEALING] Failed Locator: '//div[2]/div/input'.

03-02-2024T12:18:12 - [MESSAGE][INFO] - [SELF-HEALING] Failed Locator: '//input[@type = 'text' and @id = 'twotabsearchtextbox' and @name = 'field-keywords' and @placeholder = 'Search Amazon']'.

03-02-2024T12:18:14 - [MESSAGE][INFO] - Unable to find the element located by 'By.xpath: //*[@type = 'text' and @id = 'twotabsearchtextbox' and @name = 'field-keywords' and @placeholder = 'Search Amazon']'. Please recheck the objects properties to make sure the desired element is located. 

03-02-2024T12:18:16 - [MESSAGE][INFO] - Unable to find the element located by 'By.cssSelector: #twotabsearchtextbox'. Please recheck the objects properties to make sure the desired element is located. 

03-02-2024T12:18:17 - [MESSAGE][FAILED] - Unable to set text 'mobile' of object 'Object Repository/amazonsearch/Page_Amazon.com. Spend less. Smile more/input_Search Amazon_field-keywords' (Root cause: com.kms.katalon.core.exception.StepFailedException: Unable to set text 'mobile' of object 'Object Repository/amazonsearch/Page_Amazon.com. Spend less. Smile more/input_Search Amazon_field-keywords'
	at com.kms.katalon.core.webui.keyword.internal.WebUIKeywordMain.stepFailed(WebUIKeywordMain.groovy:64)
	at com.kms.katalon.core.webui.keyword.internal.WebUIKeywordMain.runKeyword(WebUIKeywordMain.groovy:26)
	at com.kms.katalon.core.webui.keyword.builtin.SetTextKeyword.setText(SetTextKeyword.groovy:85)
	at com.kms.katalon.core.webui.keyword.builtin.SetTextKeyword.execute(SetTextKeyword.groovy:39)
	at com.kms.katalon.core.keyword.internal.KeywordExecutor.executeKeywordForPlatform(KeywordExecutor.groovy:74)
	at com.kms.katalon.core.webui.keyword.WebUiBuiltInKeywords.setText(WebUiBuiltInKeywords.groovy:1019)
	at com.kms.katalon.core.webui.keyword.WebUiBuiltInKeywords$setText$2.call(Unknown Source)
	at Test2.run(Test2:22)
	at com.kms.katalon.core.main.ScriptEngine.run(ScriptEngine.java:194)
	at com.kms.katalon.core.main.ScriptEngine.runScriptAsRawText(ScriptEngine.java:119)
	at com.kms.katalon.core.main.TestCaseExecutor.runScript(TestCaseExecutor.java:448)
	at com.kms.katalon.core.main.TestCaseExecutor.doExecute(TestCaseExecutor.java:439)
	at com.kms.katalon.core.main.TestCaseExecutor.processExecutionPhase(TestCaseExecutor.java:418)
	at com.kms.katalon.core.main.TestCaseExecutor.accessMainPhase(TestCaseExecutor.java:410)
	at com.kms.katalon.core.main.TestCaseExecutor.execute(TestCaseExecutor.java:285)
	at com.kms.katalon.core.common.CommonExecutor.accessTestCaseMainPhase(CommonExecutor.java:65)
	at com.kms.katalon.core.main.TestSuiteExecutor.accessTestSuiteMainPhase(TestSuiteExecutor.java:148)
	at com.kms.katalon.core.main.TestSuiteExecutor.execute(TestSuiteExecutor.java:106)
	at com.kms.katalon.core.main.TestCaseMain.startTestSuite(TestCaseMain.java:180)
	at com.kms.katalon.core.main.TestCaseMain$startTestSuite$0.call(Unknown Source)
	at TempTestSuite1706942583463.run(TempTestSuite1706942583463.groovy:36)
	at java.base/jdk.internal.reflect.NativeMethodAccessorImpl.invoke0(Native Method)
	at java.base/jdk.internal.reflect.NativeMethodAccessorImpl.invoke(NativeMethodAccessorImpl.java:77)
	at java.base/jdk.internal.reflect.DelegatingMethodAccessorImpl.invoke(DelegatingMethodAccessorImpl.java:43)
Caused by: com.kms.katalon.core.webui.exception.WebElementNotFoundException: Web element with id: 'Object Repository/amazonsearch/Page_Amazon.com. Spend less. Smile more/input_Search Amazon_field-keywords' located by '//input[@id='twotabsearchtextbox']' not found
	at com.kms.katalon.core.webui.common.WebUiCommonHelper.findWebElement(WebUiCommonHelper.java:1379)
	at com.kms.katalon.core.webui.keyword.internal.WebUIAbstractKeyword.findWebElement(WebUIAbstractKeyword.groovy:27)
	at com.kms.katalon.core.webui.keyword.internal.WebUIAbstractKeyword.findWebElement(WebUIAbstractKeyword.groovy:26)
	at com.kms.katalon.core.webui.keyword.builtin.SetTextKeyword$_setText_closure1.doCall(SetTextKeyword.groovy:53)
	at com.kms.katalon.core.webui.keyword.builtin.SetTextKeyword$_setText_closure1.call(SetTextKeyword.groovy)
	at com.kms.katalon.core.webui.keyword.internal.WebUIKeywordMain.runKeyword(WebUIKeywordMain.groovy:20)
	at com.kms.katalon.core.webui.keyword.builtin.SetTextKeyword.setText(SetTextKeyword.groovy:85)
	at com.kms.katalon.core.webui.keyword.builtin.SetTextKeyword.execute(SetTextKeyword.groovy:39)
	at com.kms.katalon.core.keyword.internal.KeywordExecutor.executeKeywordForPlatform(KeywordExecutor.groovy:74)
	at com.kms.katalon.core.webui.keyword.WebUiBuiltInKeywords.setText(WebUiBuiltInKeywords.groovy:1019)
	at com.kms.katalon.core.webui.keyword.WebUiBuiltInKeywords$setText$2.call(Unknown Source)
	at Script1706545417836.run(Script1706545417836.groovy:22)
	... 16 more
)
[[ATTACHMENT|C:\\Users\\hp\\git\\SI-GuidedProject-705449-1706164315\\Reports\\20240203_121150\\amazonsearch\\20240203_121303\\1706942896539.png]]

03-02-2024T12:18:17 - [TEST_STEP][PASSED] - Start listener action : sampleAfterTestCase: Browser is closed

03-02-2024T12:18:17 - [TEST_STEP][PASSED] - closeBrowser(): Browser is closed

03-02-2024T12:18:18 - [MESSAGE][PASSED] - Browser is closed]]></system-out>
         <system-err><![CDATA[03-02-2024T12:17:31 - [TEST_CASE][FAILED] - Test Cases/Test2: Test Cases/Test2 FAILED.
Reason:
com.kms.katalon.core.exception.StepFailedException: Unable to set text 'mobile' of object 'Object Repository/amazonsearch/Page_Amazon.com. Spend less. Smile more/input_Search Amazon_field-keywords'
	at com.kms.katalon.core.webui.keyword.internal.WebUIKeywordMain.stepFailed(WebUIKeywordMain.groovy:64)
	at com.kms.katalon.core.webui.keyword.internal.WebUIKeywordMain.runKeyword(WebUIKeywordMain.groovy:26)
	at com.kms.katalon.core.webui.keyword.builtin.SetTextKeyword.setText(SetTextKeyword.groovy:85)
	at com.kms.katalon.core.webui.keyword.builtin.SetTextKeyword.execute(SetTextKeyword.groovy:39)
	at com.kms.katalon.core.keyword.internal.KeywordExecutor.executeKeywordForPlatform(KeywordExecutor.groovy:74)
	at com.kms.katalon.core.webui.keyword.WebUiBuiltInKeywords.setText(WebUiBuiltInKeywords.groovy:1019)
	at com.kms.katalon.core.webui.keyword.WebUiBuiltInKeywords$setText$2.call(Unknown Source)
	at Test2.run(Test2:22)
	at com.kms.katalon.core.main.ScriptEngine.run(ScriptEngine.java:194)
	at com.kms.katalon.core.main.ScriptEngine.runScriptAsRawText(ScriptEngine.java:119)
	at com.kms.katalon.core.main.TestCaseExecutor.runScript(TestCaseExecutor.java:448)
	at com.kms.katalon.core.main.TestCaseExecutor.doExecute(TestCaseExecutor.java:439)
	at com.kms.katalon.core.main.TestCaseExecutor.processExecutionPhase(TestCaseExecutor.java:418)
	at com.kms.katalon.core.main.TestCaseExecutor.accessMainPhase(TestCaseExecutor.java:410)
	at com.kms.katalon.core.main.TestCaseExecutor.execute(TestCaseExecutor.java:285)
	at com.kms.katalon.core.common.CommonExecutor.accessTestCaseMainPhase(CommonExecutor.java:65)
	at com.kms.katalon.core.main.TestSuiteExecutor.accessTestSuiteMainPhase(TestSuiteExecutor.java:148)
	at com.kms.katalon.core.main.TestSuiteExecutor.execute(TestSuiteExecutor.java:106)
	at com.kms.katalon.core.main.TestCaseMain.startTestSuite(TestCaseMain.java:180)
	at com.kms.katalon.core.main.TestCaseMain$startTestSuite$0.call(Unknown Source)
	at TempTestSuite1706942583463.run(TempTestSuite1706942583463.groovy:36)
	at java.base/jdk.internal.reflect.NativeMethodAccessorImpl.invoke0(Native Method)
	at java.base/jdk.internal.reflect.NativeMethodAccessorImpl.invoke(NativeMethodAccessorImpl.java:77)
	at java.base/jdk.internal.reflect.DelegatingMethodAccessorImpl.invoke(DelegatingMethodAccessorImpl.java:43)
Caused by: com.kms.katalon.core.webui.exception.WebElementNotFoundException: Web element with id: 'Object Repository/amazonsearch/Page_Amazon.com. Spend less. Smile more/input_Search Amazon_field-keywords' located by '//input[@id='twotabsearchtextbox']' not found
	at com.kms.katalon.core.webui.common.WebUiCommonHelper.findWebElement(WebUiCommonHelper.java:1379)
	at com.kms.katalon.core.webui.keyword.internal.WebUIAbstractKeyword.findWebElement(WebUIAbstractKeyword.groovy:27)
	at com.kms.katalon.core.webui.keyword.internal.WebUIAbstractKeyword.findWebElement(WebUIAbstractKeyword.groovy:26)
	at com.kms.katalon.core.webui.keyword.builtin.SetTextKeyword$_setText_closure1.doCall(SetTextKeyword.groovy:53)
	at com.kms.katalon.core.webui.keyword.builtin.SetTextKeyword$_setText_closure1.call(SetTextKeyword.groovy)
	at com.kms.katalon.core.webui.keyword.internal.WebUIKeywordMain.runKeyword(WebUIKeywordMain.groovy:20)
	... 22 more]]></system-err>
      </testcase>
      <testcase name="Test Cases/Test2" time="82.687" classname="Test Cases/Test2" status="PASSED">
         <system-out><![CDATA[03-02-2024T12:18:18 - [TEST_CASE][PASSED] - Test Cases/Test2: Test Cases/Test2

03-02-2024T12:18:18 - [TEST_STEP][PASSED] - Start listener action : sampleBeforeTestCase: Navigate to 'https://www.amazon.com/delay/' successfully

03-02-2024T12:18:18 - [TEST_STEP][PASSED] - openBrowser(""): Browser is opened with url: ''

03-02-2024T12:18:18 - [MESSAGE][INFO] - Starting 'Edge Chromium' driver

03-02-2024T12:18:18 - [MESSAGE][INFO] - Action delay is set to 0 milliseconds

03-02-2024T12:18:19 - [MESSAGE][PASSED] - Browser is opened with url: ''

03-02-2024T12:18:19 - [TEST_STEP][PASSED] - navigateToUrl("https://www.amazon.com/delay/"): Navigate to 'https://www.amazon.com/delay/' successfully

03-02-2024T12:18:20 - [MESSAGE][PASSED] - Navigate to 'https://www.amazon.com/delay/' successfully

03-02-2024T12:18:20 - [TEST_STEP][PASSED] - click(findTestObject("Object Repository/amazonsearch/Page_Amazon.com Page Not Found/img")): Object: 'Object Repository/amazonsearch/Page_Amazon.com Page Not Found/img' is clicked on

03-02-2024T12:18:23 - [MESSAGE][PASSED] - Object: 'Object Repository/amazonsearch/Page_Amazon.com Page Not Found/img' is clicked on

03-02-2024T12:18:23 - [TEST_STEP][PASSED] - setText(findTestObject("Object Repository/amazonsearch/Page_Amazon.com. Spend less. Smile more/input_Search Amazon_field-keywords"), search): Text 'atta' is set on object 'Object Repository/amazonsearch/Page_Amazon.com. Spend less. Smile more/input_Search Amazon_field-keywords'

03-02-2024T12:18:58 - [MESSAGE][PASSED] - Text 'atta' is set on object 'Object Repository/amazonsearch/Page_Amazon.com. Spend less. Smile more/input_Search Amazon_field-keywords'

03-02-2024T12:18:58 - [TEST_STEP][PASSED] - click(findTestObject("Object Repository/amazonsearch/Page_Amazon.com. Spend less. Smile more/input_Search Amazon_nav-search-submit-button")): Object: 'Object Repository/amazonsearch/Page_Amazon.com. Spend less. Smile more/input_Search Amazon_nav-search-submit-button' is clicked on

03-02-2024T12:19:35 - [MESSAGE][PASSED] - Object: 'Object Repository/amazonsearch/Page_Amazon.com. Spend less. Smile more/input_Search Amazon_nav-search-submit-button' is clicked on

03-02-2024T12:19:35 - [TEST_STEP][PASSED] - click(findTestObject("Object Repository/amazonsearch/Page_Amazon.com  thermometer/div_ResultsCheck each product page for othe_437b14")): Object: 'Object Repository/amazonsearch/Page_Amazon.com  thermometer/div_ResultsCheck each product page for othe_437b14' is clicked on

03-02-2024T12:19:39 - [MESSAGE][PASSED] - Object: 'Object Repository/amazonsearch/Page_Amazon.com  thermometer/div_ResultsCheck each product page for othe_437b14' is clicked on

03-02-2024T12:19:39 - [TEST_STEP][PASSED] - Start listener action : sampleAfterTestCase: Browser is closed

03-02-2024T12:19:39 - [TEST_STEP][PASSED] - closeBrowser(): Browser is closed

03-02-2024T12:19:40 - [MESSAGE][PASSED] - Browser is closed]]></system-out>
         <system-err><![CDATA[]]></system-err>
      </testcase>
      <testcase name="Test Cases/Test2" time="53.651" classname="Test Cases/Test2" status="PASSED">
         <system-out><![CDATA[03-02-2024T12:19:40 - [TEST_CASE][PASSED] - Test Cases/Test2: Test Cases/Test2

03-02-2024T12:19:40 - [TEST_STEP][PASSED] - Start listener action : sampleBeforeTestCase: Navigate to 'https://www.amazon.com/delay/' successfully

03-02-2024T12:19:40 - [TEST_STEP][PASSED] - openBrowser(""): Browser is opened with url: ''

03-02-2024T12:19:40 - [MESSAGE][INFO] - Starting 'Edge Chromium' driver

03-02-2024T12:19:41 - [MESSAGE][INFO] - Action delay is set to 0 milliseconds

03-02-2024T12:19:42 - [MESSAGE][PASSED] - Browser is opened with url: ''

03-02-2024T12:19:42 - [TEST_STEP][PASSED] - navigateToUrl("https://www.amazon.com/delay/"): Navigate to 'https://www.amazon.com/delay/' successfully

03-02-2024T12:19:43 - [MESSAGE][PASSED] - Navigate to 'https://www.amazon.com/delay/' successfully

03-02-2024T12:19:43 - [TEST_STEP][PASSED] - click(findTestObject("Object Repository/amazonsearch/Page_Amazon.com Page Not Found/img")): Object: 'Object Repository/amazonsearch/Page_Amazon.com Page Not Found/img' is clicked on

03-02-2024T12:19:46 - [MESSAGE][PASSED] - Object: 'Object Repository/amazonsearch/Page_Amazon.com Page Not Found/img' is clicked on

03-02-2024T12:19:46 - [TEST_STEP][PASSED] - setText(findTestObject("Object Repository/amazonsearch/Page_Amazon.com. Spend less. Smile more/input_Search Amazon_field-keywords"), search): Text 'thermometer' is set on object 'Object Repository/amazonsearch/Page_Amazon.com. Spend less. Smile more/input_Search Amazon_field-keywords'

03-02-2024T12:20:09 - [MESSAGE][PASSED] - Text 'thermometer' is set on object 'Object Repository/amazonsearch/Page_Amazon.com. Spend less. Smile more/input_Search Amazon_field-keywords'

03-02-2024T12:20:09 - [TEST_STEP][PASSED] - click(findTestObject("Object Repository/amazonsearch/Page_Amazon.com. Spend less. Smile more/input_Search Amazon_nav-search-submit-button")): Object: 'Object Repository/amazonsearch/Page_Amazon.com. Spend less. Smile more/input_Search Amazon_nav-search-submit-button' is clicked on

03-02-2024T12:20:24 - [MESSAGE][PASSED] - Object: 'Object Repository/amazonsearch/Page_Amazon.com. Spend less. Smile more/input_Search Amazon_nav-search-submit-button' is clicked on

03-02-2024T12:20:24 - [TEST_STEP][PASSED] - click(findTestObject("Object Repository/amazonsearch/Page_Amazon.com  thermometer/div_ResultsCheck each product page for othe_437b14")): Object: 'Object Repository/amazonsearch/Page_Amazon.com  thermometer/div_ResultsCheck each product page for othe_437b14' is clicked on

03-02-2024T12:20:33 - [MESSAGE][PASSED] - Object: 'Object Repository/amazonsearch/Page_Amazon.com  thermometer/div_ResultsCheck each product page for othe_437b14' is clicked on

03-02-2024T12:20:33 - [TEST_STEP][PASSED] - Start listener action : sampleAfterTestCase: Browser is closed

03-02-2024T12:20:33 - [TEST_STEP][PASSED] - closeBrowser(): Browser is closed

03-02-2024T12:20:34 - [MESSAGE][PASSED] - Browser is closed]]></system-out>
         <system-err><![CDATA[]]></system-err>
      </testcase>
      <testcase name="Test Cases/Test2" time="86.384" classname="Test Cases/Test2" status="PASSED">
         <system-out><![CDATA[03-02-2024T12:20:34 - [TEST_CASE][PASSED] - Test Cases/Test2: Test Cases/Test2

03-02-2024T12:20:34 - [TEST_STEP][PASSED] - Start listener action : sampleBeforeTestCase: Navigate to 'https://www.amazon.com/delay/' successfully

03-02-2024T12:20:34 - [TEST_STEP][PASSED] - openBrowser(""): Browser is opened with url: ''

03-02-2024T12:20:34 - [MESSAGE][INFO] - Starting 'Edge Chromium' driver

03-02-2024T12:20:34 - [MESSAGE][INFO] - Action delay is set to 0 milliseconds

03-02-2024T12:20:36 - [MESSAGE][PASSED] - Browser is opened with url: ''

03-02-2024T12:20:36 - [TEST_STEP][PASSED] - navigateToUrl("https://www.amazon.com/delay/"): Navigate to 'https://www.amazon.com/delay/' successfully

03-02-2024T12:20:37 - [MESSAGE][PASSED] - Navigate to 'https://www.amazon.com/delay/' successfully

03-02-2024T12:20:37 - [TEST_STEP][PASSED] - click(findTestObject("Object Repository/amazonsearch/Page_Amazon.com Page Not Found/img")): Object: 'Object Repository/amazonsearch/Page_Amazon.com Page Not Found/img' is clicked on

03-02-2024T12:20:41 - [MESSAGE][PASSED] - Object: 'Object Repository/amazonsearch/Page_Amazon.com Page Not Found/img' is clicked on

03-02-2024T12:20:41 - [TEST_STEP][PASSED] - setText(findTestObject("Object Repository/amazonsearch/Page_Amazon.com. Spend less. Smile more/input_Search Amazon_field-keywords"), search): Text 'book' is set on object 'Object Repository/amazonsearch/Page_Amazon.com. Spend less. Smile more/input_Search Amazon_field-keywords'

03-02-2024T12:21:16 - [MESSAGE][PASSED] - Text 'book' is set on object 'Object Repository/amazonsearch/Page_Amazon.com. Spend less. Smile more/input_Search Amazon_field-keywords'

03-02-2024T12:21:16 - [TEST_STEP][PASSED] - click(findTestObject("Object Repository/amazonsearch/Page_Amazon.com. Spend less. Smile more/input_Search Amazon_nav-search-submit-button")): Object: 'Object Repository/amazonsearch/Page_Amazon.com. Spend less. Smile more/input_Search Amazon_nav-search-submit-button' is clicked on

03-02-2024T12:21:23 - [MESSAGE][PASSED] - Object: 'Object Repository/amazonsearch/Page_Amazon.com. Spend less. Smile more/input_Search Amazon_nav-search-submit-button' is clicked on

03-02-2024T12:21:23 - [TEST_STEP][PASSED] - click(findTestObject("Object Repository/amazonsearch/Page_Amazon.com  thermometer/div_ResultsCheck each product page for othe_437b14")): Object: 'Object Repository/amazonsearch/Page_Amazon.com  thermometer/div_ResultsCheck each product page for othe_437b14' is clicked on

03-02-2024T12:21:55 - [MESSAGE][INFO] - Unable to find the element located by 'By.xpath: //div[@id='search']/div'. Please recheck the objects properties to make sure the desired element is located. 

03-02-2024T12:21:55 - [MESSAGE][WARNING] - [SELF-HEALING] Failed to find element with id 'Object Repository/amazonsearch/Page_Amazon.com  thermometer/div_ResultsCheck each product page for othe_437b14'. Try using Self-healing.

03-02-2024T12:21:57 - [MESSAGE][WARNING] - [SELF-HEALING] The current locator of test object 'Object Repository/amazonsearch/Page_Amazon.com  thermometer/div_ResultsCheck each product page for othe_437b14' was broken. Propose an alternative one: '//div/div/div'.

03-02-2024T12:22:00 - [MESSAGE][PASSED] - Object: 'Object Repository/amazonsearch/Page_Amazon.com  thermometer/div_ResultsCheck each product page for othe_437b14' is clicked on

03-02-2024T12:22:00 - [TEST_STEP][PASSED] - Start listener action : sampleAfterTestCase: Browser is closed

03-02-2024T12:22:00 - [TEST_STEP][PASSED] - closeBrowser(): Browser is closed

03-02-2024T12:22:00 - [MESSAGE][PASSED] - Browser is closed]]></system-out>
         <system-err><![CDATA[]]></system-err>
      </testcase>
      <system-out><![CDATA[03-02-2024T12:17:31 - [TEST_SUITE][FAILED] - amazonsearch: Test Cases/Test2 FAILED.
Reason:
com.kms.katalon.core.exception.StepFailedException: Unable to set text 'mobile' of object 'Object Repository/amazonsearch/Page_Amazon.com. Spend less. Smile more/input_Search Amazon_field-keywords'
	at com.kms.katalon.core.webui.keyword.internal.WebUIKeywordMain.stepFailed(WebUIKeywordMain.groovy:64)
	at com.kms.katalon.core.webui.keyword.internal.WebUIKeywordMain.runKeyword(WebUIKeywordMain.groovy:26)
	at com.kms.katalon.core.webui.keyword.builtin.SetTextKeyword.setText(SetTextKeyword.groovy:85)
	at com.kms.katalon.core.webui.keyword.builtin.SetTextKeyword.execute(SetTextKeyword.groovy:39)
	at com.kms.katalon.core.keyword.internal.KeywordExecutor.executeKeywordForPlatform(KeywordExecutor.groovy:74)
	at com.kms.katalon.core.webui.keyword.WebUiBuiltInKeywords.setText(WebUiBuiltInKeywords.groovy:1019)
	at com.kms.katalon.core.webui.keyword.WebUiBuiltInKeywords$setText$2.call(Unknown Source)
	at Test2.run(Test2:22)
	at com.kms.katalon.core.main.ScriptEngine.run(ScriptEngine.java:194)
	at com.kms.katalon.core.main.ScriptEngine.runScriptAsRawText(ScriptEngine.java:119)
	at com.kms.katalon.core.main.TestCaseExecutor.runScript(TestCaseExecutor.java:448)
	at com.kms.katalon.core.main.TestCaseExecutor.doExecute(TestCaseExecutor.java:439)
	at com.kms.katalon.core.main.TestCaseExecutor.processExecutionPhase(TestCaseExecutor.java:418)
	at com.kms.katalon.core.main.TestCaseExecutor.accessMainPhase(TestCaseExecutor.java:410)
	at com.kms.katalon.core.main.TestCaseExecutor.execute(TestCaseExecutor.java:285)
	at com.kms.katalon.core.common.CommonExecutor.accessTestCaseMainPhase(CommonExecutor.java:65)
	at com.kms.katalon.core.main.TestSuiteExecutor.accessTestSuiteMainPhase(TestSuiteExecutor.java:148)
	at com.kms.katalon.core.main.TestSuiteExecutor.execute(TestSuiteExecutor.java:106)
	at com.kms.katalon.core.main.TestCaseMain.startTestSuite(TestCaseMain.java:180)
	at com.kms.katalon.core.main.TestCaseMain$startTestSuite$0.call(Unknown Source)
	at TempTestSuite1706942583463.run(TempTestSuite1706942583463.groovy:36)
	at java.base/jdk.internal.reflect.NativeMethodAccessorImpl.invoke0(Native Method)
	at java.base/jdk.internal.reflect.NativeMethodAccessorImpl.invoke(NativeMethodAccessorImpl.java:77)
	at java.base/jdk.internal.reflect.DelegatingMethodAccessorImpl.invoke(DelegatingMethodAccessorImpl.java:43)
Caused by: com.kms.katalon.core.webui.exception.WebElementNotFoundException: Web element with id: 'Object Repository/amazonsearch/Page_Amazon.com. Spend less. Smile more/input_Search Amazon_field-keywords' located by '//input[@id='twotabsearchtextbox']' not found
	at com.kms.katalon.core.webui.common.WebUiCommonHelper.findWebElement(WebUiCommonHelper.java:1379)
	at com.kms.katalon.core.webui.keyword.internal.WebUIAbstractKeyword.findWebElement(WebUIAbstractKeyword.groovy:27)
	at com.kms.katalon.core.webui.keyword.internal.WebUIAbstractKeyword.findWebElement(WebUIAbstractKeyword.groovy:26)
	at com.kms.katalon.core.webui.keyword.builtin.SetTextKeyword$_setText_closure1.doCall(SetTextKeyword.groovy:53)
	at com.kms.katalon.core.webui.keyword.builtin.SetTextKeyword$_setText_closure1.call(SetTextKeyword.groovy)
	at com.kms.katalon.core.webui.keyword.internal.WebUIKeywordMain.runKeyword(WebUIKeywordMain.groovy:20)
	... 22 more]]></system-out>
      <system-err><![CDATA[03-02-2024T12:17:31 - [TEST_SUITE][FAILED] - amazonsearch: Test Cases/Test2 FAILED.
Reason:
com.kms.katalon.core.exception.StepFailedException: Unable to set text 'mobile' of object 'Object Repository/amazonsearch/Page_Amazon.com. Spend less. Smile more/input_Search Amazon_field-keywords'
	at com.kms.katalon.core.webui.keyword.internal.WebUIKeywordMain.stepFailed(WebUIKeywordMain.groovy:64)
	at com.kms.katalon.core.webui.keyword.internal.WebUIKeywordMain.runKeyword(WebUIKeywordMain.groovy:26)
	at com.kms.katalon.core.webui.keyword.builtin.SetTextKeyword.setText(SetTextKeyword.groovy:85)
	at com.kms.katalon.core.webui.keyword.builtin.SetTextKeyword.execute(SetTextKeyword.groovy:39)
	at com.kms.katalon.core.keyword.internal.KeywordExecutor.executeKeywordForPlatform(KeywordExecutor.groovy:74)
	at com.kms.katalon.core.webui.keyword.WebUiBuiltInKeywords.setText(WebUiBuiltInKeywords.groovy:1019)
	at com.kms.katalon.core.webui.keyword.WebUiBuiltInKeywords$setText$2.call(Unknown Source)
	at Test2.run(Test2:22)
	at com.kms.katalon.core.main.ScriptEngine.run(ScriptEngine.java:194)
	at com.kms.katalon.core.main.ScriptEngine.runScriptAsRawText(ScriptEngine.java:119)
	at com.kms.katalon.core.main.TestCaseExecutor.runScript(TestCaseExecutor.java:448)
	at com.kms.katalon.core.main.TestCaseExecutor.doExecute(TestCaseExecutor.java:439)
	at com.kms.katalon.core.main.TestCaseExecutor.processExecutionPhase(TestCaseExecutor.java:418)
	at com.kms.katalon.core.main.TestCaseExecutor.accessMainPhase(TestCaseExecutor.java:410)
	at com.kms.katalon.core.main.TestCaseExecutor.execute(TestCaseExecutor.java:285)
	at com.kms.katalon.core.common.CommonExecutor.accessTestCaseMainPhase(CommonExecutor.java:65)
	at com.kms.katalon.core.main.TestSuiteExecutor.accessTestSuiteMainPhase(TestSuiteExecutor.java:148)
	at com.kms.katalon.core.main.TestSuiteExecutor.execute(TestSuiteExecutor.java:106)
	at com.kms.katalon.core.main.TestCaseMain.startTestSuite(TestCaseMain.java:180)
	at com.kms.katalon.core.main.TestCaseMain$startTestSuite$0.call(Unknown Source)
	at TempTestSuite1706942583463.run(TempTestSuite1706942583463.groovy:36)
	at java.base/jdk.internal.reflect.NativeMethodAccessorImpl.invoke0(Native Method)
	at java.base/jdk.internal.reflect.NativeMethodAccessorImpl.invoke(NativeMethodAccessorImpl.java:77)
	at java.base/jdk.internal.reflect.DelegatingMethodAccessorImpl.invoke(DelegatingMethodAccessorImpl.java:43)
Caused by: com.kms.katalon.core.webui.exception.WebElementNotFoundException: Web element with id: 'Object Repository/amazonsearch/Page_Amazon.com. Spend less. Smile more/input_Search Amazon_field-keywords' located by '//input[@id='twotabsearchtextbox']' not found
	at com.kms.katalon.core.webui.common.WebUiCommonHelper.findWebElement(WebUiCommonHelper.java:1379)
	at com.kms.katalon.core.webui.keyword.internal.WebUIAbstractKeyword.findWebElement(WebUIAbstractKeyword.groovy:27)
	at com.kms.katalon.core.webui.keyword.internal.WebUIAbstractKeyword.findWebElement(WebUIAbstractKeyword.groovy:26)
	at com.kms.katalon.core.webui.keyword.builtin.SetTextKeyword$_setText_closure1.doCall(SetTextKeyword.groovy:53)
	at com.kms.katalon.core.webui.keyword.builtin.SetTextKeyword$_setText_closure1.call(SetTextKeyword.groovy)
	at com.kms.katalon.core.webui.keyword.internal.WebUIKeywordMain.runKeyword(WebUIKeywordMain.groovy:20)
	... 22 more]]></system-err>
   </testsuite>
</testsuites>
