<?xml version="1.0" encoding="UTF-8"?>
<testsuites name="Amazonaccount" time="85.001" tests="1" failures="0" errors="0">
   <testsuite name="Amazonaccount" tests="1" failures="0" errors="0" time="85.001" skipped="0" timestamp="31-01-2024T15:58:04" hostname="hp - 192.168.2.4" id="Test Suites/Amazonaccount">
      <properties>
         <property name="deviceName" value=""/>
         <property name="devicePlatform" value=""/>
         <property name="logFolder" value="C:\\Users\\hp\\git\\SI-GuidedProject-705449-1706164315\\Reports\\20240131_155621\\Amazonaccount\\20240131_155628"/>
         <property name="logFiles" value="C:\\Users\\hp\\git\\SI-GuidedProject-705449-1706164315\\Reports\\20240131_155621\\Amazonaccount\\20240131_155628\\execution0.log"/>
         <property name="attachments" value="C:\\Users\\hp\\git\\SI-GuidedProject-705449-1706164315\\Reports\\20240131_155621\\Amazonaccount\\20240131_155628\\1706696929245.png"/>
         <property name="hostName" value="hp - 192.168.2.4"/>
         <property name="os" value="Windows 11 64bit"/>
         <property name="katalonVersion" value="9.2.0.212"/>
         <property name="browser" value="Edge Chromium 121"/>
         <property name="hostAddress" value="192.168.2.4"/>
         <property name="sessionId" value="16e64bc1814bab6ac8fe860ed70b8de6"/>
         <property name="seleniumVersion" value="3.141.59"/>
         <property name="proxyInformation" value="ProxyInformation { proxyOption=NO_PROXY, proxyServerType=HTTP, username=, password=********, proxyServerAddress=, proxyServerPort=0, executionList=&quot;&quot;, isApplyToDesiredCapabilities=true }"/>
         <property name="platform" value="Windows 11"/>
      </properties>
      <testcase name="Test Cases/Test4" time="38.365" classname="Test Cases/Test4" status="PASSED">
         <system-out><![CDATA[31-01-2024T15:58:50 - [TEST_CASE][PASSED] - Test Cases/Test4: Test Cases/Test4

31-01-2024T15:58:50 - [TEST_STEP][PASSED] - Start listener action : sampleBeforeTestCase: Navigate to 'https://www.amazon.com/delay/' successfully

31-01-2024T15:58:50 - [TEST_STEP][PASSED] - openBrowser(""): Browser is opened with url: ''

31-01-2024T15:58:50 - [MESSAGE][INFO] - Starting 'Edge Chromium' driver

31-01-2024T15:58:51 - [MESSAGE][INFO] - Action delay is set to 0 milliseconds

31-01-2024T15:58:52 - [MESSAGE][PASSED] - Browser is opened with url: ''

31-01-2024T15:58:52 - [TEST_STEP][PASSED] - navigateToUrl("https://www.amazon.com/delay/"): Navigate to 'https://www.amazon.com/delay/' successfully

31-01-2024T15:58:53 - [MESSAGE][PASSED] - Navigate to 'https://www.amazon.com/delay/' successfully

31-01-2024T15:58:53 - [TEST_STEP][PASSED] - click(findTestObject("Object Repository/Amazonaccount/Page_Amazon.com Page Not Found/img")): Object: 'Object Repository/Amazonaccount/Page_Amazon.com Page Not Found/img' is clicked on

31-01-2024T15:58:56 - [MESSAGE][PASSED] - Object: 'Object Repository/Amazonaccount/Page_Amazon.com Page Not Found/img' is clicked on

31-01-2024T15:58:56 - [TEST_STEP][PASSED] - click(findTestObject("Object Repository/Amazonaccount/Page_Amazon.com. Spend less. Smile more/span_Hello, sign in")): Object: 'Object Repository/Amazonaccount/Page_Amazon.com. Spend less. Smile more/span_Hello, sign in' is clicked on

31-01-2024T15:59:00 - [MESSAGE][PASSED] - Object: 'Object Repository/Amazonaccount/Page_Amazon.com. Spend less. Smile more/span_Hello, sign in' is clicked on

31-01-2024T15:59:00 - [TEST_STEP][PASSED] - setText(findTestObject("Object Repository/Amazonaccount/Page_Amazon Sign-In/input_Email or mobile phone number_email"), "vivek.koppu02@gmail.com"): Text 'vivek.koppu02@gmail.com' is set on object 'Object Repository/Amazonaccount/Page_Amazon Sign-In/input_Email or mobile phone number_email'

31-01-2024T15:59:01 - [MESSAGE][PASSED] - Text 'vivek.koppu02@gmail.com' is set on object 'Object Repository/Amazonaccount/Page_Amazon Sign-In/input_Email or mobile phone number_email'

31-01-2024T15:59:01 - [TEST_STEP][PASSED] - click(findTestObject("Object Repository/Amazonaccount/Page_Amazon Sign-In/input_Enter your email or mobile phone numb_fc7402")): Object: 'Object Repository/Amazonaccount/Page_Amazon Sign-In/input_Enter your email or mobile phone numb_fc7402' is clicked on

31-01-2024T15:59:04 - [MESSAGE][PASSED] - Object: 'Object Repository/Amazonaccount/Page_Amazon Sign-In/input_Enter your email or mobile phone numb_fc7402' is clicked on

31-01-2024T15:59:04 - [TEST_STEP][PASSED] - setEncryptedText(findTestObject("Object Repository/Amazonaccount/Page_Amazon Sign-In/input_Forgot your password_password"), "ofo5Cd7yjXKREItGPzFDsw=="): Text ****** has been set on object 'Object Repository/Amazonaccount/Page_Amazon Sign-In/input_Forgot your password_password'

31-01-2024T15:59:05 - [MESSAGE][PASSED] - Text ****** has been set on object 'Object Repository/Amazonaccount/Page_Amazon Sign-In/input_Forgot your password_password'

31-01-2024T15:59:05 - [TEST_STEP][PASSED] - click(findTestObject("Object Repository/Amazonaccount/Page_Amazon Sign-In/input_Enter your password_signInSubmit")): Object: 'Object Repository/Amazonaccount/Page_Amazon Sign-In/input_Enter your password_signInSubmit' is clicked on

31-01-2024T15:59:05 - [MESSAGE][PASSED] - Object: 'Object Repository/Amazonaccount/Page_Amazon Sign-In/input_Enter your password_signInSubmit' is clicked on

31-01-2024T15:59:05 - [TEST_STEP][PASSED] - click(findTestObject("Object Repository/Amazonaccount/Page_Amazon.com. Spend less. Smile more/span_Hello, Koppu")): Object: 'Object Repository/Amazonaccount/Page_Amazon.com. Spend less. Smile more/span_Hello, Koppu' is clicked on

31-01-2024T15:59:13 - [MESSAGE][PASSED] - Object: 'Object Repository/Amazonaccount/Page_Amazon.com. Spend less. Smile more/span_Hello, Koppu' is clicked on

31-01-2024T15:59:13 - [TEST_STEP][PASSED] - click(findTestObject("Object Repository/Amazonaccount/Page_Your Account/div_Your Orders                            _3ec75f")): Object: 'Object Repository/Amazonaccount/Page_Your Account/div_Your Orders                            _3ec75f' is clicked on

31-01-2024T15:59:18 - [MESSAGE][PASSED] - Object: 'Object Repository/Amazonaccount/Page_Your Account/div_Your Orders                            _3ec75f' is clicked on

31-01-2024T15:59:18 - [TEST_STEP][PASSED] - click(findTestObject("Object Repository/Amazonaccount/Page_Your Orders/a_Your Account")): Object: 'Object Repository/Amazonaccount/Page_Your Orders/a_Your Account' is clicked on

31-01-2024T15:59:21 - [MESSAGE][PASSED] - Object: 'Object Repository/Amazonaccount/Page_Your Orders/a_Your Account' is clicked on

31-01-2024T15:59:21 - [TEST_STEP][PASSED] - click(findTestObject("Object Repository/Amazonaccount/Page_Your Account/div_Your Addresses                         _6e2e83")): Object: 'Object Repository/Amazonaccount/Page_Your Account/div_Your Addresses                         _6e2e83' is clicked on

31-01-2024T15:59:23 - [MESSAGE][PASSED] - Object: 'Object Repository/Amazonaccount/Page_Your Account/div_Your Addresses                         _6e2e83' is clicked on

31-01-2024T15:59:23 - [TEST_STEP][PASSED] - click(findTestObject("Object Repository/Amazonaccount/Page_Your Addresses/span_EN")): Object: 'Object Repository/Amazonaccount/Page_Your Addresses/span_EN' is clicked on

31-01-2024T15:59:26 - [MESSAGE][PASSED] - Object: 'Object Repository/Amazonaccount/Page_Your Addresses/span_EN' is clicked on

31-01-2024T15:59:26 - [TEST_STEP][PASSED] - click(findTestObject("Object Repository/Amazonaccount/Page_Change Language  Currency Settings/div_(function(f) var _np(window.P._namespac_5a8a07")): Object: 'Object Repository/Amazonaccount/Page_Change Language  Currency Settings/div_(function(f) var _np(window.P._namespac_5a8a07' is clicked on

31-01-2024T15:59:28 - [MESSAGE][PASSED] - Object: 'Object Repository/Amazonaccount/Page_Change Language  Currency Settings/div_(function(f) var _np(window.P._namespac_5a8a07' is clicked on

31-01-2024T15:59:28 - [TEST_STEP][PASSED] - Start listener action : sampleAfterTestCase: Browser is closed

31-01-2024T15:59:28 - [TEST_STEP][PASSED] - closeBrowser(): Browser is closed

31-01-2024T15:59:29 - [MESSAGE][PASSED] - Browser is closed]]></system-out>
         <system-err><![CDATA[]]></system-err>
      </testcase>
      <system-out><![CDATA[31-01-2024T15:58:04 - [TEST_SUITE][FAILED] - Amazonaccount: Test Cases/Test4 FAILED.
Reason:
com.kms.katalon.core.exception.StepFailedException: Unable to click on object 'Object Repository/Amazonaccount/Page_Amazon.com. Spend less. Smile more/span_Hello, sign in'
	at com.kms.katalon.core.webui.keyword.internal.WebUIKeywordMain.stepFailed(WebUIKeywordMain.groovy:64)
	at com.kms.katalon.core.webui.keyword.internal.WebUIKeywordMain.runKeyword(WebUIKeywordMain.groovy:26)
	at com.kms.katalon.core.webui.keyword.builtin.ClickKeyword.click(ClickKeyword.groovy:74)
	at com.kms.katalon.core.webui.keyword.builtin.ClickKeyword.execute(ClickKeyword.groovy:40)
	at com.kms.katalon.core.keyword.internal.KeywordExecutor.executeKeywordForPlatform(KeywordExecutor.groovy:74)
	at com.kms.katalon.core.webui.keyword.WebUiBuiltInKeywords.click(WebUiBuiltInKeywords.groovy:659)
	at Test4.run(Test4:22)
	at com.kms.katalon.core.main.ScriptEngine.run(ScriptEngine.java:194)
	at com.kms.katalon.core.main.ScriptEngine.runScriptAsRawText(ScriptEngine.java:119)
	at com.kms.katalon.core.main.TestCaseExecutor.runScript(TestCaseExecutor.java:448)
	at com.kms.katalon.core.main.TestCaseExecutor.doExecute(TestCaseExecutor.java:439)
	at com.kms.katalon.core.main.TestCaseExecutor.processExecutionPhase(TestCaseExecutor.java:418)
	at com.kms.katalon.core.main.TestCaseExecutor.accessMainPhase(TestCaseExecutor.java:410)
	at com.kms.katalon.core.main.TestCaseExecutor.execute(TestCaseExecutor.java:285)
	at com.kms.katalon.core.common.CommonExecutor.accessTestCaseMainPhase(CommonExecutor.java:65)
	at com.kms.katalon.core.main.TestSuiteExecutor.accessTestSuiteMainPhase(TestSuiteExecutor.java:148)
	at com.kms.katalon.core.main.TestSuiteExecutor.execute(TestSuiteExecutor.java:106)
	at com.kms.katalon.core.main.TestCaseMain.startTestSuite(TestCaseMain.java:180)
	at TempTestSuite1706696788576.run(TempTestSuite1706696788576.groovy:36)
	at java.base/jdk.internal.reflect.NativeMethodAccessorImpl.invoke0(Native Method)
	at java.base/jdk.internal.reflect.NativeMethodAccessorImpl.invoke(NativeMethodAccessorImpl.java:77)
	at java.base/jdk.internal.reflect.DelegatingMethodAccessorImpl.invoke(DelegatingMethodAccessorImpl.java:43)
Caused by: com.kms.katalon.core.webui.exception.WebElementNotFoundException: Web element with id: 'Object Repository/Amazonaccount/Page_Amazon.com. Spend less. Smile more/span_Hello, sign in' located by '//span[@id='nav-link-accountList-nav-line-1']' not found
	at com.kms.katalon.core.webui.common.WebUiCommonHelper.findWebElement(WebUiCommonHelper.java:1379)
	at com.kms.katalon.core.webui.keyword.internal.WebUIAbstractKeyword.findWebElement(WebUIAbstractKeyword.groovy:27)
	at com.kms.katalon.core.webui.keyword.builtin.ClickKeyword$_click_closure1.doCall(ClickKeyword.groovy:65)
	at com.kms.katalon.core.webui.keyword.builtin.ClickKeyword$_click_closure1.call(ClickKeyword.groovy)
	at com.kms.katalon.core.webui.keyword.internal.WebUIKeywordMain.runKeyword(WebUIKeywordMain.groovy:20)
	... 20 more]]></system-out>
      <system-err><![CDATA[31-01-2024T15:58:04 - [TEST_SUITE][FAILED] - Amazonaccount: Test Cases/Test4 FAILED.
Reason:
com.kms.katalon.core.exception.StepFailedException: Unable to click on object 'Object Repository/Amazonaccount/Page_Amazon.com. Spend less. Smile more/span_Hello, sign in'
	at com.kms.katalon.core.webui.keyword.internal.WebUIKeywordMain.stepFailed(WebUIKeywordMain.groovy:64)
	at com.kms.katalon.core.webui.keyword.internal.WebUIKeywordMain.runKeyword(WebUIKeywordMain.groovy:26)
	at com.kms.katalon.core.webui.keyword.builtin.ClickKeyword.click(ClickKeyword.groovy:74)
	at com.kms.katalon.core.webui.keyword.builtin.ClickKeyword.execute(ClickKeyword.groovy:40)
	at com.kms.katalon.core.keyword.internal.KeywordExecutor.executeKeywordForPlatform(KeywordExecutor.groovy:74)
	at com.kms.katalon.core.webui.keyword.WebUiBuiltInKeywords.click(WebUiBuiltInKeywords.groovy:659)
	at Test4.run(Test4:22)
	at com.kms.katalon.core.main.ScriptEngine.run(ScriptEngine.java:194)
	at com.kms.katalon.core.main.ScriptEngine.runScriptAsRawText(ScriptEngine.java:119)
	at com.kms.katalon.core.main.TestCaseExecutor.runScript(TestCaseExecutor.java:448)
	at com.kms.katalon.core.main.TestCaseExecutor.doExecute(TestCaseExecutor.java:439)
	at com.kms.katalon.core.main.TestCaseExecutor.processExecutionPhase(TestCaseExecutor.java:418)
	at com.kms.katalon.core.main.TestCaseExecutor.accessMainPhase(TestCaseExecutor.java:410)
	at com.kms.katalon.core.main.TestCaseExecutor.execute(TestCaseExecutor.java:285)
	at com.kms.katalon.core.common.CommonExecutor.accessTestCaseMainPhase(CommonExecutor.java:65)
	at com.kms.katalon.core.main.TestSuiteExecutor.accessTestSuiteMainPhase(TestSuiteExecutor.java:148)
	at com.kms.katalon.core.main.TestSuiteExecutor.execute(TestSuiteExecutor.java:106)
	at com.kms.katalon.core.main.TestCaseMain.startTestSuite(TestCaseMain.java:180)
	at TempTestSuite1706696788576.run(TempTestSuite1706696788576.groovy:36)
	at java.base/jdk.internal.reflect.NativeMethodAccessorImpl.invoke0(Native Method)
	at java.base/jdk.internal.reflect.NativeMethodAccessorImpl.invoke(NativeMethodAccessorImpl.java:77)
	at java.base/jdk.internal.reflect.DelegatingMethodAccessorImpl.invoke(DelegatingMethodAccessorImpl.java:43)
Caused by: com.kms.katalon.core.webui.exception.WebElementNotFoundException: Web element with id: 'Object Repository/Amazonaccount/Page_Amazon.com. Spend less. Smile more/span_Hello, sign in' located by '//span[@id='nav-link-accountList-nav-line-1']' not found
	at com.kms.katalon.core.webui.common.WebUiCommonHelper.findWebElement(WebUiCommonHelper.java:1379)
	at com.kms.katalon.core.webui.keyword.internal.WebUIAbstractKeyword.findWebElement(WebUIAbstractKeyword.groovy:27)
	at com.kms.katalon.core.webui.keyword.builtin.ClickKeyword$_click_closure1.doCall(ClickKeyword.groovy:65)
	at com.kms.katalon.core.webui.keyword.builtin.ClickKeyword$_click_closure1.call(ClickKeyword.groovy)
	at com.kms.katalon.core.webui.keyword.internal.WebUIKeywordMain.runKeyword(WebUIKeywordMain.groovy:20)
	... 20 more]]></system-err>
   </testsuite>
</testsuites>
